#
# There is insufficient memory for the Java Runtime Environment to continue.
# Native memory allocation (malloc) failed to allocate 1114072 bytes. Error detail: Chunk::new
# Possible reasons:
#   The system is out of physical RAM or swap space
#   This process is running with CompressedOops enabled, and the Java Heap may be blocking the growth of the native heap
# Possible solutions:
#   Reduce memory load on the system
#   Increase physical memory or swap space
#   Check if swap backing store is full
#   Decrease Java heap size (-Xmx/-Xms)
#   Decrease number of Java threads
#   Decrease Java thread stack sizes (-Xss)
#   Set larger code cache with -XX:ReservedCodeCacheSize=
#   JVM is running with Unscaled Compressed Oops mode in which the Java heap is
#     placed in the first 4GB address space. The Java Heap base address is the
#     maximum limit for the native heap growth. Please use -XX:HeapBaseMinAddress
#     to set the Java Heap base and to place the Java Heap above 4GB virtual address.
# This output file may be truncated or incomplete.
#
#  Out of Memory Error (arena.cpp:186), pid=1848, tid=6000
#
# JRE version: Java(TM) SE Runtime Environment (25.0.2+10) (build 25.0.2+10-LTS-69)
# Java VM: Java HotSpot(TM) 64-Bit Server VM (25.0.2+10-LTS-69, mixed mode, sharing, tiered, compressed oops, compressed class ptrs, g1 gc, windows-amd64)
# No core dump will be written. Minidumps are not enabled by default on client versions of Windows
#

---------------  S U M M A R Y ------------

Command Line: --add-opens=java.base/java.lang=ALL-UNNAMED --add-opens=java.base/java.lang.invoke=ALL-UNNAMED --add-opens=java.base/java.util=ALL-UNNAMED --add-opens=java.prefs/java.util.prefs=ALL-UNNAMED --add-exports=jdk.compiler/com.sun.tools.javac.api=ALL-UNNAMED --add-exports=jdk.compiler/com.sun.tools.javac.util=ALL-UNNAMED --add-opens=java.base/java.util=ALL-UNNAMED --add-opens=java.prefs/java.util.prefs=ALL-UNNAMED --add-opens=java.base/java.nio.charset=ALL-UNNAMED --add-opens=java.base/java.net=ALL-UNNAMED --add-opens=java.base/java.util.concurrent.atomic=ALL-UNNAMED --add-opens=java.xml/javax.xml.namespace=ALL-UNNAMED -Xmx2048m -Dfile.encoding=UTF-8 -Duser.country=FR -Duser.language=fr -Duser.variant -javaagent:C:\Users\hp\.gradle\wrapper\dists\gradle-8.13-bin\5xuhj0ry160q40clulazy9h7d\gradle-8.13\lib\agents\gradle-instrumentation-agent-8.13.jar org.gradle.launcher.daemon.bootstrap.GradleDaemon 8.13

Host: 12th Gen Intel(R) Core(TM) i5-1235U, 12 cores, 15G,  Windows 11 , 64 bit Build 26100 (10.0.26100.7019)
Time: Wed Feb 25 17:52:08 2026 Paris, Madrid elapsed time: 8.112357 seconds (0d 0h 0m 8s)

---------------  T H R E A D  ---------------

Current thread (0x000001cb51f45490):  JavaThread "C2 CompilerThread0" daemon [_thread_in_native, id=6000, stack(0x000000a3ea600000,0x000000a3ea700000) (1024K)]


Current CompileTask:
C2:8112 8559   !   4       sun.instrument.TransformerManager::transform (100 bytes)

Stack: [0x000000a3ea600000,0x000000a3ea700000]
Native frames: (J=compiled Java code, j=interpreted, Vv=VM code, C=native code)
V  [jvm.dll+0x7a70f9]  (no source info available)
V  [jvm.dll+0x772d6d]  (no source info available)
V  [jvm.dll+0x965d53]  (no source info available)
V  [jvm.dll+0x968351]  (no source info available)
V  [jvm.dll+0x968a63]  (no source info available)
V  [jvm.dll+0x2fc846]  (no source info available)
V  [jvm.dll+0x111b16]  (no source info available)
V  [jvm.dll+0x111e3e]  (no source info available)
V  [jvm.dll+0x1a0872]  (no source info available)
V  [jvm.dll+0x3b54c2]  (no source info available)
V  [jvm.dll+0x7aca8f]  (no source info available)
V  [jvm.dll+0x2c0b97]  (no source info available)
V  [jvm.dll+0x2bfb5f]  (no source info available)
V  [jvm.dll+0x2379a0]  (no source info available)
V  [jvm.dll+0x2cfc86]  (no source info available)
V  [jvm.dll+0x2cdf05]  (no source info available)
V  [jvm.dll+0x48e9d1]  (no source info available)
V  [jvm.dll+0x906fcd]  (no source info available)
V  [jvm.dll+0x7a56d5]  (no source info available)
C  [ucrtbase.dll+0x37b0]  (no source info available)
C  [KERNEL32.DLL+0x2e8d7]  (no source info available)
C  [ntdll.dll+0x8c53c]  (no source info available)

Lock stack of current Java thread (top to bottom):


---------------  P R O C E S S  ---------------

Threads class SMR info:
_java_thread_list=0x000001cb56051650, length=71, elements={
0x000001cb34c36850, 0x000001cb51f3eae0, 0x000001cb51f3f540, 0x000001cb51f40250,
0x000001cb51f40e10, 0x000001cb51f419d0, 0x000001cb51f445a0, 0x000001cb51f45490,
0x000001cb51f48da0, 0x000001cb5623bac0, 0x000001cb56277b30, 0x000001cb57fb67d0,
0x000001cb5804e3f0, 0x000001cb580632c0, 0x000001cb583c5420, 0x000001cb583c3800,
0x000001cb56196410, 0x000001cb561973b0, 0x000001cb580bbf40, 0x000001cb580bd6b0,
0x000001cb580ba000, 0x000001cb580bc710, 0x000001cb580be650, 0x000001cb580bb770,
0x000001cb584bf9c0, 0x000001cb584c1130, 0x000001cb584c1900, 0x000001cb584c3070,
0x000001cb587dda00, 0x000001cb587de1d0, 0x000001cb587dca60, 0x000001cb587e2ff0,
0x000001cb587e10b0, 0x000001cb59fcbfe0, 0x000001cb59fcd750, 0x000001cb59fd0630,
0x000001cb59fceec0, 0x000001cb59fcf690, 0x000001cb5b985350, 0x000001cb5b986ac0,
0x000001cb5b987290, 0x000001cb5b987a60, 0x000001cb5b985b20, 0x000001cb5b9843b0,
0x000001cb58756610, 0x000001cb58755e40, 0x000001cb58756de0, 0x000001cb5875b430,
0x000001cb5875ac60, 0x000001cb5b40ef50, 0x000001cb5b411660, 0x000001cb5b412600,
0x000001cb5b40f720, 0x000001cb5b4135a0, 0x000001cb5b413d70, 0x000001cb5b414540,
0x000001cb5b4154e0, 0x000001cb5c41f040, 0x000001cb5c4226f0, 0x000001cb5c4207b0,
0x000001cb5c421750, 0x000001cb5a8d20d0, 0x000001cb5a8d1130, 0x000001cb5a8d3070,
0x000001cb5a8d28a0, 0x000001cb5a8d4010, 0x000001cb5a8d5f50, 0x000001cb5a8d5780,
0x000001cb5a8d76c0, 0x000001cb5c30a5d0, 0x000001cb5c309630
}

Java Threads: ( => current thread )
  0x000001cb34c36850 JavaThread "main"                              [_thread_blocked, id=12724, stack(0x000000a3e9800000,0x000000a3e9900000) (1024K)]
  0x000001cb51f3eae0 JavaThread "Reference Handler"          daemon [_thread_blocked, id=9412, stack(0x000000a3ea000000,0x000000a3ea100000) (1024K)]
  0x000001cb51f3f540 JavaThread "Finalizer"                  daemon [_thread_blocked, id=5848, stack(0x000000a3ea100000,0x000000a3ea200000) (1024K)]
  0x000001cb51f40250 JavaThread "Signal Dispatcher"          daemon [_thread_blocked, id=4004, stack(0x000000a3ea200000,0x000000a3ea300000) (1024K)]
  0x000001cb51f40e10 JavaThread "Attach Listener"            daemon [_thread_blocked, id=15144, stack(0x000000a3ea300000,0x000000a3ea400000) (1024K)]
  0x000001cb51f419d0 JavaThread "Service Thread"             daemon [_thread_blocked, id=5604, stack(0x000000a3ea400000,0x000000a3ea500000) (1024K)]
  0x000001cb51f445a0 JavaThread "Monitor Deflation Thread"   daemon [_thread_blocked, id=12588, stack(0x000000a3ea500000,0x000000a3ea600000) (1024K)]
=>0x000001cb51f45490 JavaThread "C2 CompilerThread0"         daemon [_thread_in_native, id=6000, stack(0x000000a3ea600000,0x000000a3ea700000) (1024K)]
  0x000001cb51f48da0 JavaThread "C1 CompilerThread0"         daemon [_thread_blocked, id=5084, stack(0x000000a3ea700000,0x000000a3ea800000) (1024K)]
  0x000001cb5623bac0 JavaThread "Common-Cleaner"             daemon [_thread_blocked, id=4456, stack(0x000000a3ea900000,0x000000a3eaa00000) (1024K)]
  0x000001cb56277b30 JavaThread "Notification Thread"        daemon [_thread_blocked, id=5968, stack(0x000000a3eaa00000,0x000000a3eab00000) (1024K)]
  0x000001cb57fb67d0 JavaThread "Daemon health stats"               [_thread_blocked, id=672, stack(0x000000a3eab00000,0x000000a3eac00000) (1024K)]
  0x000001cb5804e3f0 JavaThread "Incoming local TCP Connector on port 57428"        [_thread_in_native, id=6848, stack(0x000000a3eb100000,0x000000a3eb200000) (1024K)]
  0x000001cb580632c0 JavaThread "Daemon periodic checks"            [_thread_blocked, id=15032, stack(0x000000a3eb200000,0x000000a3eb300000) (1024K)]
  0x000001cb583c5420 JavaThread "Daemon"                            [_thread_blocked, id=10728, stack(0x000000a3eb300000,0x000000a3eb400000) (1024K)]
  0x000001cb583c3800 JavaThread "Handler for socket connection from /127.0.0.1:57428 to /127.0.0.1:57429"        [_thread_in_native, id=9704, stack(0x000000a3eb400000,0x000000a3eb500000) (1024K)]
  0x000001cb56196410 JavaThread "Cancel handler"                    [_thread_blocked, id=11232, stack(0x000000a3eb500000,0x000000a3eb600000) (1024K)]
  0x000001cb561973b0 JavaThread "Daemon worker"                     [_thread_in_native, id=9288, stack(0x000000a3eb600000,0x000000a3eb700000) (1024K)]
  0x000001cb580bbf40 JavaThread "Asynchronous log dispatcher for DefaultDaemonConnection: socket connection from /127.0.0.1:57428 to /127.0.0.1:57429"        [_thread_blocked, id=7292, stack(0x000000a3eb700000,0x000000a3eb800000) (1024K)]
  0x000001cb580bd6b0 JavaThread "Stdin handler"                     [_thread_blocked, id=7308, stack(0x000000a3eb800000,0x000000a3eb900000) (1024K)]
  0x000001cb580ba000 JavaThread "Daemon client event forwarder"        [_thread_blocked, id=15216, stack(0x000000a3eb900000,0x000000a3eba00000) (1024K)]
  0x000001cb580bc710 JavaThread "Cache worker for journal cache (C:\Users\hp\.gradle\caches\journal-1)"        [_thread_blocked, id=14812, stack(0x000000a3eba00000,0x000000a3ebb00000) (1024K)]
  0x000001cb580be650 JavaThread "File lock request listener"        [_thread_in_native, id=3724, stack(0x000000a3ebb00000,0x000000a3ebc00000) (1024K)]
  0x000001cb580bb770 JavaThread "Cache worker for file hash cache (C:\Users\hp\.gradle\caches\8.13\fileHashes)"        [_thread_blocked, id=14868, stack(0x000000a3ebc00000,0x000000a3ebd00000) (1024K)]
  0x000001cb584bf9c0 JavaThread "Cache worker for file hash cache (C:\warch33\.gradle\8.13\fileHashes)"        [_thread_blocked, id=3668, stack(0x000000a3ec300000,0x000000a3ec400000) (1024K)]
  0x000001cb584c1130 JavaThread "Cache worker for Build Output Cleanup Cache (C:\warch33\.gradle\buildOutputCleanup)"        [_thread_blocked, id=7048, stack(0x000000a3ec400000,0x000000a3ec500000) (1024K)]
  0x000001cb584c1900 JavaThread "File watcher server"        daemon [_thread_in_native, id=8744, stack(0x000000a3ec500000,0x000000a3ec600000) (1024K)]
  0x000001cb584c3070 JavaThread "File watcher consumer"      daemon [_thread_blocked, id=4396, stack(0x000000a3ec600000,0x000000a3ec700000) (1024K)]
  0x000001cb587dda00 JavaThread "jar transforms"                    [_thread_blocked, id=2136, stack(0x000000a3ec800000,0x000000a3ec900000) (1024K)]
  0x000001cb587de1d0 JavaThread "Cache worker for checksums cache (C:\warch33\.gradle\8.13\checksums)"        [_thread_blocked, id=5376, stack(0x000000a3ec900000,0x000000a3eca00000) (1024K)]
  0x000001cb587dca60 JavaThread "Cache worker for file content cache (C:\Users\hp\.gradle\caches\8.13\fileContent)"        [_thread_blocked, id=14560, stack(0x000000a3eca00000,0x000000a3ecb00000) (1024K)]
  0x000001cb587e2ff0 JavaThread "Cache worker for cache directory md-supplier (C:\Users\hp\.gradle\caches\8.13\md-supplier)"        [_thread_blocked, id=3168, stack(0x000000a3ecb00000,0x000000a3ecc00000) (1024K)]
  0x000001cb587e10b0 JavaThread "Cache worker for cache directory md-rule (C:\Users\hp\.gradle\caches\8.13\md-rule)"        [_thread_blocked, id=776, stack(0x000000a3ecc00000,0x000000a3ecd00000) (1024K)]
  0x000001cb59fcbfe0 JavaThread "jar transforms Thread 2"           [_thread_blocked, id=3796, stack(0x000000a3ecd00000,0x000000a3ece00000) (1024K)]
  0x000001cb59fcd750 JavaThread "Problems report writer"            [_thread_blocked, id=12316, stack(0x000000a3ece00000,0x000000a3ecf00000) (1024K)]
  0x000001cb59fd0630 JavaThread "jar transforms Thread 3"           [_thread_blocked, id=14236, stack(0x000000a3ecf00000,0x000000a3ed000000) (1024K)]
  0x000001cb59fceec0 JavaThread "Unconstrained build operations"        [_thread_blocked, id=6096, stack(0x000000a3ed000000,0x000000a3ed100000) (1024K)]
  0x000001cb59fcf690 JavaThread "Unconstrained build operations Thread 2"        [_thread_blocked, id=5260, stack(0x000000a3ed100000,0x000000a3ed200000) (1024K)]
  0x000001cb5b985350 JavaThread "Unconstrained build operations Thread 3"        [_thread_blocked, id=8932, stack(0x000000a3ed200000,0x000000a3ed300000) (1024K)]
  0x000001cb5b986ac0 JavaThread "Unconstrained build operations Thread 4"        [_thread_blocked, id=14352, stack(0x000000a3ed300000,0x000000a3ed400000) (1024K)]
  0x000001cb5b987290 JavaThread "Unconstrained build operations Thread 5"        [_thread_blocked, id=11252, stack(0x000000a3ed400000,0x000000a3ed500000) (1024K)]
  0x000001cb5b987a60 JavaThread "Unconstrained build operations Thread 6"        [_thread_blocked, id=11932, stack(0x000000a3ed500000,0x000000a3ed600000) (1024K)]
  0x000001cb5b985b20 JavaThread "Unconstrained build operations Thread 7"        [_thread_blocked, id=11784, stack(0x000000a3ed600000,0x000000a3ed700000) (1024K)]
  0x000001cb5b9843b0 JavaThread "Unconstrained build operations Thread 8"        [_thread_blocked, id=10616, stack(0x000000a3ed700000,0x000000a3ed800000) (1024K)]
  0x000001cb58756610 JavaThread "Unconstrained build operations Thread 9"        [_thread_blocked, id=440, stack(0x000000a3ed800000,0x000000a3ed900000) (1024K)]
  0x000001cb58755e40 JavaThread "Unconstrained build operations Thread 10"        [_thread_blocked, id=7360, stack(0x000000a3ed900000,0x000000a3eda00000) (1024K)]
  0x000001cb58756de0 JavaThread "Unconstrained build operations Thread 11"        [_thread_blocked, id=14028, stack(0x000000a3eda00000,0x000000a3edb00000) (1024K)]
  0x000001cb5875b430 JavaThread "Unconstrained build operations Thread 12"        [_thread_blocked, id=13920, stack(0x000000a3edb00000,0x000000a3edc00000) (1024K)]
  0x000001cb5875ac60 JavaThread "Unconstrained build operations Thread 13"        [_thread_blocked, id=7368, stack(0x000000a3edc00000,0x000000a3edd00000) (1024K)]
  0x000001cb5b40ef50 JavaThread "Unconstrained build operations Thread 14"        [_thread_blocked, id=14216, stack(0x000000a3edd00000,0x000000a3ede00000) (1024K)]
  0x000001cb5b411660 JavaThread "Unconstrained build operations Thread 15"        [_thread_blocked, id=13852, stack(0x000000a3ede00000,0x000000a3edf00000) (1024K)]
  0x000001cb5b412600 JavaThread "Unconstrained build operations Thread 16"        [_thread_blocked, id=14536, stack(0x000000a3edf00000,0x000000a3ee000000) (1024K)]
  0x000001cb5b40f720 JavaThread "Unconstrained build operations Thread 17"        [_thread_blocked, id=4224, stack(0x000000a3ee000000,0x000000a3ee100000) (1024K)]
  0x000001cb5b4135a0 JavaThread "Unconstrained build operations Thread 18"        [_thread_blocked, id=13484, stack(0x000000a3ee100000,0x000000a3ee200000) (1024K)]
  0x000001cb5b413d70 JavaThread "Unconstrained build operations Thread 19"        [_thread_blocked, id=9844, stack(0x000000a3ee200000,0x000000a3ee300000) (1024K)]
  0x000001cb5b414540 JavaThread "Unconstrained build operations Thread 20"        [_thread_blocked, id=8732, stack(0x000000a3ee300000,0x000000a3ee400000) (1024K)]
  0x000001cb5b4154e0 JavaThread "Unconstrained build operations Thread 21"        [_thread_blocked, id=14348, stack(0x000000a3ee400000,0x000000a3ee500000) (1024K)]
  0x000001cb5c41f040 JavaThread "Unconstrained build operations Thread 22"        [_thread_blocked, id=11828, stack(0x000000a3ee500000,0x000000a3ee600000) (1024K)]
  0x000001cb5c4226f0 JavaThread "Unconstrained build operations Thread 23"        [_thread_blocked, id=2160, stack(0x000000a3ee600000,0x000000a3ee700000) (1024K)]
  0x000001cb5c4207b0 JavaThread "Unconstrained build operations Thread 24"        [_thread_blocked, id=14668, stack(0x000000a3ee700000,0x000000a3ee800000) (1024K)]
  0x000001cb5c421750 JavaThread "Unconstrained build operations Thread 25"        [_thread_blocked, id=9244, stack(0x000000a3ee800000,0x000000a3ee900000) (1024K)]
  0x000001cb5a8d20d0 JavaThread "Unconstrained build operations Thread 26"        [_thread_blocked, id=15112, stack(0x000000a3ee900000,0x000000a3eea00000) (1024K)]
  0x000001cb5a8d1130 JavaThread "Unconstrained build operations Thread 27"        [_thread_blocked, id=4336, stack(0x000000a3eea00000,0x000000a3eeb00000) (1024K)]
  0x000001cb5a8d3070 JavaThread "Unconstrained build operations Thread 28"        [_thread_blocked, id=13404, stack(0x000000a3eeb00000,0x000000a3eec00000) (1024K)]
  0x000001cb5a8d28a0 JavaThread "Unconstrained build operations Thread 29"        [_thread_blocked, id=10420, stack(0x000000a3eec00000,0x000000a3eed00000) (1024K)]
  0x000001cb5a8d4010 JavaThread "Unconstrained build operations Thread 30"        [_thread_blocked, id=2828, stack(0x000000a3eed00000,0x000000a3eee00000) (1024K)]
  0x000001cb5a8d5f50 JavaThread "Unconstrained build operations Thread 31"        [_thread_blocked, id=14360, stack(0x000000a3eee00000,0x000000a3eef00000) (1024K)]
  0x000001cb5a8d5780 JavaThread "Unconstrained build operations Thread 32"        [_thread_blocked, id=2808, stack(0x000000a3eef00000,0x000000a3ef000000) (1024K)]
  0x000001cb5a8d76c0 JavaThread "Unconstrained build operations Thread 33"        [_thread_blocked, id=6636, stack(0x000000a3ef000000,0x000000a3ef100000) (1024K)]
  0x000001cb5c30a5d0 JavaThread "jar transforms Thread 4"           [_thread_blocked, id=10208, stack(0x000000a3ef100000,0x000000a3ef200000) (1024K)]
  0x000001cb5c309630 JavaThread "jar transforms Thread 5"           [_thread_blocked, id=932, stack(0x000000a3ec700000,0x000000a3ec800000) (1024K)]
Total: 71

Other Threads:
  0x000001cb51f2bde0 VMThread "VM Thread"                           [id=5316, stack(0x000000a3e9f00000,0x000000a3ea000000) (1024K)]
  0x000001cb51f1e550 WatcherThread "VM Periodic Task Thread"        [id=12532, stack(0x000000a3e9e00000,0x000000a3e9f00000) (1024K)]
  0x000001cb3291e060 WorkerThread "GC Thread#0"                     [id=7428, stack(0x000000a3e9900000,0x000000a3e9a00000) (1024K)]
  0x000001cb576327d0 WorkerThread "GC Thread#1"                     [id=13732, stack(0x000000a3eac00000,0x000000a3ead00000) (1024K)]
  0x000001cb57632c00 WorkerThread "GC Thread#2"                     [id=5128, stack(0x000000a3ead00000,0x000000a3eae00000) (1024K)]
  0x000001cb57633030 WorkerThread "GC Thread#3"                     [id=4660, stack(0x000000a3eae00000,0x000000a3eaf00000) (1024K)]
  0x000001cb576303d0 WorkerThread "GC Thread#4"                     [id=14964, stack(0x000000a3eaf00000,0x000000a3eb000000) (1024K)]
  0x000001cb57630800 WorkerThread "GC Thread#5"                     [id=6260, stack(0x000000a3eb000000,0x000000a3eb100000) (1024K)]
  0x000001cb583b5f60 WorkerThread "GC Thread#6"                     [id=15228, stack(0x000000a3ebd00000,0x000000a3ebe00000) (1024K)]
  0x000001cb583b2ba0 WorkerThread "GC Thread#7"                     [id=5156, stack(0x000000a3ebe00000,0x000000a3ebf00000) (1024K)]
  0x000001cb583b56c0 WorkerThread "GC Thread#8"                     [id=6400, stack(0x000000a3ebf00000,0x000000a3ec000000) (1024K)]
  0x000001cb583b5270 WorkerThread "GC Thread#9"                     [id=15064, stack(0x000000a3ec000000,0x000000a3ec100000) (1024K)]
  0x000001cb34ca4ed0 ConcurrentGCThread "G1 Main Marker"            [id=14928, stack(0x000000a3e9a00000,0x000000a3e9b00000) (1024K)]
  0x000001cb34ca5a70 WorkerThread "G1 Conc#0"                       [id=14100, stack(0x000000a3e9b00000,0x000000a3e9c00000) (1024K)]
  0x000001cb583b5b10 WorkerThread "G1 Conc#1"                       [id=400, stack(0x000000a3ec100000,0x000000a3ec200000) (1024K)]
  0x000001cb583b63b0 WorkerThread "G1 Conc#2"                       [id=7160, stack(0x000000a3ec200000,0x000000a3ec300000) (1024K)]
  0x000001cb51de9c70 ConcurrentGCThread "G1 Refine#0"               [id=5980, stack(0x000000a3e9c00000,0x000000a3e9d00000) (1024K)]
  0x000001cb51dea880 ConcurrentGCThread "G1 Service"                [id=14600, stack(0x000000a3e9d00000,0x000000a3e9e00000) (1024K)]
Total: 18

Threads with active compile tasks:
C2 CompilerThread0  8247 8559   !   4       sun.instrument.TransformerManager::transform (100 bytes)
Total: 1

VM state: not at safepoint (normal execution)

VM Mutex/Monitor currently owned by a thread: None

Heap address: 0x0000000080000000, size: 2048 MB, Compressed Oops mode: 32-bit

CDS archive(s) mapped at: [0x0000000021000000-0x0000000021dd0000-0x0000000021dd0000), size 14483456, SharedBaseAddress: 0x0000000021000000, ArchiveRelocationMode: 1.
Compressed class space mapped at: 0x0000000022000000-0x0000000062000000, reserved size: 1073741824
UseCompressedClassPointers 1, UseCompactObjectHeaders 0
Narrow klass pointer bits 32, Max shift 3
Narrow klass base: 0x0000000021000000, Narrow klass shift: 0
Encoding Range: [0x0000000021000000 - 0x0000000121000000), (4294967296 bytes)
Klass Range:    [0x0000000021010000 - 0x0000000062000000), (1090453504 bytes)
Klass ID Range:  [65536 - 1090519033) (1090453497)
Protection zone: [0x0000000021000000 - 0x0000000021010000), (65536 bytes)

GC Precious Log:
 CardTable entry size: 512
 Card Set container configuration: InlinePtr #cards 5 size 8 Array Of Cards #cards 10 size 36 Howl #buckets 4 coarsen threshold 1843 Howl Bitmap #cards 512 size 80 coarsen threshold 460 Card regions per heap region 1 cards per card region 2048
 CPUs: 12 total, 12 available
 Memory: 16016M
 Large Page Support: Disabled
 NUMA Support: Disabled
 Compressed Oops: Enabled (32-bit)
 Heap Region Size: 1M
 Heap Min Capacity: 8M
 Heap Initial Capacity: 252M
 Heap Max Capacity: 2G
 Pre-touch: Disabled
 Parallel Workers: 10
 Concurrent Workers: 3
 Concurrent Refinement Workers: 10
 Periodic GC: Disabled

Heap:
 garbage-first heap   total reserved 2097152K, committed 131072K, used 113078K [0x0000000080000000, 0x0000000100000000)
  region size 1024K, 60 young (61440K), 4 survivors (4096K)

Heap Regions: E=young(eden), S=young(survivor), O=old, HS=humongous(starts), HC=humongous(continues), CS=collection set, F=free, TAMS=top-at-mark-start, PB=parsable bottom
|   0|0x0000000080000000, 0x0000000080100000, 0x0000000080100000|100%|HS|  |TAMS 0x0000000080000000| PB 0x0000000080000000| Complete |  0
|   1|0x0000000080100000, 0x0000000080200000, 0x0000000080200000|100%|HC|  |TAMS 0x0000000080100000| PB 0x0000000080100000| Complete |  0
|   2|0x0000000080200000, 0x0000000080300000, 0x0000000080300000|100%|HC|  |TAMS 0x0000000080200000| PB 0x0000000080200000| Complete |  0
|   3|0x0000000080300000, 0x0000000080400000, 0x0000000080400000|100%| O|  |TAMS 0x0000000080300000| PB 0x0000000080300000| Untracked |  0
|   4|0x0000000080400000, 0x0000000080500000, 0x0000000080500000|100%| O|  |TAMS 0x0000000080400000| PB 0x0000000080400000| Untracked |  0
|   5|0x0000000080500000, 0x0000000080600000, 0x0000000080600000|100%|HS|  |TAMS 0x0000000080500000| PB 0x0000000080500000| Complete |  0
|   6|0x0000000080600000, 0x0000000080700000, 0x0000000080700000|100%| O|  |TAMS 0x0000000080600000| PB 0x0000000080600000| Untracked |  0
|   7|0x0000000080700000, 0x0000000080800000, 0x0000000080800000|100%| O|  |TAMS 0x0000000080700000| PB 0x0000000080700000| Untracked |  0
|   8|0x0000000080800000, 0x0000000080900000, 0x0000000080900000|100%| O|  |TAMS 0x0000000080800000| PB 0x0000000080800000| Untracked |  0
|   9|0x0000000080900000, 0x0000000080a00000, 0x0000000080a00000|100%| O|  |TAMS 0x0000000080900000| PB 0x0000000080900000| Untracked |  0
|  10|0x0000000080a00000, 0x0000000080b00000, 0x0000000080b00000|100%| O|  |TAMS 0x0000000080a00000| PB 0x0000000080a00000| Untracked |  0
|  11|0x0000000080b00000, 0x0000000080bc99e0, 0x0000000080c00000| 78%| O|  |TAMS 0x0000000080b00000| PB 0x0000000080b00000| Untracked |  0
|  12|0x0000000080c00000, 0x0000000080d00000, 0x0000000080d00000|100%| O|  |TAMS 0x0000000080c00000| PB 0x0000000080c00000| Untracked |  0
|  13|0x0000000080d00000, 0x0000000080e00000, 0x0000000080e00000|100%| O|  |TAMS 0x0000000080d00000| PB 0x0000000080d00000| Untracked |  0
|  14|0x0000000080e00000, 0x0000000080f00000, 0x0000000080f00000|100%| O|  |TAMS 0x0000000080e00000| PB 0x0000000080e00000| Untracked |  0
|  15|0x0000000080f00000, 0x0000000081000000, 0x0000000081000000|100%| O|  |TAMS 0x0000000080f00000| PB 0x0000000080f00000| Untracked |  0
|  16|0x0000000081000000, 0x0000000081100000, 0x0000000081100000|100%| O|  |TAMS 0x0000000081000000| PB 0x0000000081000000| Untracked |  0
|  17|0x0000000081100000, 0x0000000081200000, 0x0000000081200000|100%| O|  |TAMS 0x0000000081100000| PB 0x0000000081100000| Untracked |  0
|  18|0x0000000081200000, 0x0000000081300000, 0x0000000081300000|100%| O|  |TAMS 0x0000000081200000| PB 0x0000000081200000| Untracked |  0
|  19|0x0000000081300000, 0x0000000081400000, 0x0000000081400000|100%| O|  |TAMS 0x0000000081300000| PB 0x0000000081300000| Untracked |  0
|  20|0x0000000081400000, 0x0000000081500000, 0x0000000081500000|100%| O|  |TAMS 0x0000000081400000| PB 0x0000000081400000| Untracked |  0
|  21|0x0000000081500000, 0x0000000081600000, 0x0000000081600000|100%| O|  |TAMS 0x0000000081500000| PB 0x0000000081500000| Untracked |  0
|  22|0x0000000081600000, 0x0000000081700000, 0x0000000081700000|100%| O|  |TAMS 0x0000000081600000| PB 0x0000000081600000| Untracked |  0
|  23|0x0000000081700000, 0x0000000081800000, 0x0000000081800000|100%| O|  |TAMS 0x0000000081700000| PB 0x0000000081700000| Untracked |  0
|  24|0x0000000081800000, 0x0000000081900000, 0x0000000081900000|100%| O|  |TAMS 0x0000000081800000| PB 0x0000000081800000| Untracked |  0
|  25|0x0000000081900000, 0x0000000081a00000, 0x0000000081a00000|100%| O|  |TAMS 0x0000000081900000| PB 0x0000000081900000| Untracked |  0
|  26|0x0000000081a00000, 0x0000000081b00000, 0x0000000081b00000|100%| O|  |TAMS 0x0000000081a00000| PB 0x0000000081a00000| Untracked |  0
|  27|0x0000000081b00000, 0x0000000081c00000, 0x0000000081c00000|100%| O|  |TAMS 0x0000000081b00000| PB 0x0000000081b00000| Untracked |  0
|  28|0x0000000081c00000, 0x0000000081d00000, 0x0000000081d00000|100%| O|  |TAMS 0x0000000081c00000| PB 0x0000000081c00000| Untracked |  0
|  29|0x0000000081d00000, 0x0000000081e00000, 0x0000000081e00000|100%| O|  |TAMS 0x0000000081d00000| PB 0x0000000081d00000| Untracked |  0
|  30|0x0000000081e00000, 0x0000000081f00000, 0x0000000081f00000|100%| O|  |TAMS 0x0000000081e00000| PB 0x0000000081e00000| Untracked |  0
|  31|0x0000000081f00000, 0x0000000082000000, 0x0000000082000000|100%| O|  |TAMS 0x0000000081f00000| PB 0x0000000081f00000| Untracked |  0
|  32|0x0000000082000000, 0x0000000082100000, 0x0000000082100000|100%| O|  |TAMS 0x0000000082000000| PB 0x0000000082000000| Untracked |  0
|  33|0x0000000082100000, 0x00000000821f2988, 0x0000000082200000| 94%| O|  |TAMS 0x0000000082100000| PB 0x0000000082100000| Untracked |  0
|  34|0x0000000082200000, 0x0000000082300000, 0x0000000082300000|100%| O|  |TAMS 0x0000000082200000| PB 0x0000000082200000| Untracked |  0
|  35|0x0000000082300000, 0x0000000082400000, 0x0000000082400000|100%| O|  |TAMS 0x0000000082300000| PB 0x0000000082300000| Untracked |  0
|  36|0x0000000082400000, 0x0000000082500000, 0x0000000082500000|100%|HS|  |TAMS 0x0000000082400000| PB 0x0000000082400000| Complete |  0
|  37|0x0000000082500000, 0x0000000082600000, 0x0000000082600000|100%|HS|  |TAMS 0x0000000082500000| PB 0x0000000082500000| Complete |  0
|  38|0x0000000082600000, 0x0000000082700000, 0x0000000082700000|100%|HS|  |TAMS 0x0000000082600000| PB 0x0000000082600000| Complete |  0
|  39|0x0000000082700000, 0x0000000082800000, 0x0000000082800000|100%|HS|  |TAMS 0x0000000082700000| PB 0x0000000082700000| Complete |  0
|  40|0x0000000082800000, 0x0000000082900000, 0x0000000082900000|100%|HS|  |TAMS 0x0000000082800000| PB 0x0000000082800000| Complete |  0
|  41|0x0000000082900000, 0x0000000082a00000, 0x0000000082a00000|100%|HS|  |TAMS 0x0000000082900000| PB 0x0000000082900000| Complete |  0
|  42|0x0000000082a00000, 0x0000000082b00000, 0x0000000082b00000|100%|HS|  |TAMS 0x0000000082a00000| PB 0x0000000082a00000| Complete |  0
|  43|0x0000000082b00000, 0x0000000082b00000, 0x0000000082c00000|  0%| F|  |TAMS 0x0000000082b00000| PB 0x0000000082b00000| Untracked |  0
|  44|0x0000000082c00000, 0x0000000082c00000, 0x0000000082d00000|  0%| F|  |TAMS 0x0000000082c00000| PB 0x0000000082c00000| Untracked |  0
|  45|0x0000000082d00000, 0x0000000082db17c0, 0x0000000082e00000| 69%| S|CS|TAMS 0x0000000082d00000| PB 0x0000000082d00000| Complete |  0
|  46|0x0000000082e00000, 0x0000000082e00000, 0x0000000082f00000|  0%| F|  |TAMS 0x0000000082e00000| PB 0x0000000082e00000| Untracked |  0
|  47|0x0000000082f00000, 0x0000000082f00000, 0x0000000083000000|  0%| F|  |TAMS 0x0000000082f00000| PB 0x0000000082f00000| Untracked |  0
|  48|0x0000000083000000, 0x0000000083100000, 0x0000000083100000|100%| S|CS|TAMS 0x0000000083000000| PB 0x0000000083000000| Complete |  0
|  49|0x0000000083100000, 0x0000000083200000, 0x0000000083200000|100%| S|CS|TAMS 0x0000000083100000| PB 0x0000000083100000| Complete |  0
|  50|0x0000000083200000, 0x0000000083300000, 0x0000000083300000|100%| S|CS|TAMS 0x0000000083200000| PB 0x0000000083200000| Complete |  0
|  51|0x0000000083300000, 0x0000000083300000, 0x0000000083400000|  0%| F|  |TAMS 0x0000000083300000| PB 0x0000000083300000| Untracked |  0
|  52|0x0000000083400000, 0x0000000083400000, 0x0000000083500000|  0%| F|  |TAMS 0x0000000083400000| PB 0x0000000083400000| Untracked |  0
|  53|0x0000000083500000, 0x0000000083500000, 0x0000000083600000|  0%| F|  |TAMS 0x0000000083500000| PB 0x0000000083500000| Untracked |  0
|  54|0x0000000083600000, 0x0000000083600000, 0x0000000083700000|  0%| F|  |TAMS 0x0000000083600000| PB 0x0000000083600000| Untracked |  0
|  55|0x0000000083700000, 0x0000000083700000, 0x0000000083800000|  0%| F|  |TAMS 0x0000000083700000| PB 0x0000000083700000| Untracked |  0
|  56|0x0000000083800000, 0x0000000083800000, 0x0000000083900000|  0%| F|  |TAMS 0x0000000083800000| PB 0x0000000083800000| Untracked |  0
|  57|0x0000000083900000, 0x0000000083900000, 0x0000000083a00000|  0%| F|  |TAMS 0x0000000083900000| PB 0x0000000083900000| Untracked |  0
|  58|0x0000000083a00000, 0x0000000083a00000, 0x0000000083b00000|  0%| F|  |TAMS 0x0000000083a00000| PB 0x0000000083a00000| Untracked |  0
|  59|0x0000000083b00000, 0x0000000083b00000, 0x0000000083c00000|  0%| F|  |TAMS 0x0000000083b00000| PB 0x0000000083b00000| Untracked |  0
|  60|0x0000000083c00000, 0x0000000083c00000, 0x0000000083d00000|  0%| F|  |TAMS 0x0000000083c00000| PB 0x0000000083c00000| Untracked |  0
|  61|0x0000000083d00000, 0x0000000083d00000, 0x0000000083e00000|  0%| F|  |TAMS 0x0000000083d00000| PB 0x0000000083d00000| Untracked |  0
|  62|0x0000000083e00000, 0x0000000083e5f3d8, 0x0000000083f00000| 37%| E|  |TAMS 0x0000000083e00000| PB 0x0000000083e00000| Complete |  0
|  63|0x0000000083f00000, 0x0000000084000000, 0x0000000084000000|100%| E|CS|TAMS 0x0000000083f00000| PB 0x0000000083f00000| Complete |  0
|  64|0x0000000084000000, 0x0000000084100000, 0x0000000084100000|100%| E|CS|TAMS 0x0000000084000000| PB 0x0000000084000000| Complete |  0
|  65|0x0000000084100000, 0x0000000084200000, 0x0000000084200000|100%| E|CS|TAMS 0x0000000084100000| PB 0x0000000084100000| Complete |  0
|  66|0x0000000084200000, 0x0000000084300000, 0x0000000084300000|100%| E|CS|TAMS 0x0000000084200000| PB 0x0000000084200000| Complete |  0
|  67|0x0000000084300000, 0x0000000084400000, 0x0000000084400000|100%| E|CS|TAMS 0x0000000084300000| PB 0x0000000084300000| Complete |  0
|  68|0x0000000084400000, 0x0000000084500000, 0x0000000084500000|100%| E|CS|TAMS 0x0000000084400000| PB 0x0000000084400000| Complete |  0
|  69|0x0000000084500000, 0x0000000084600000, 0x0000000084600000|100%| E|CS|TAMS 0x0000000084500000| PB 0x0000000084500000| Complete |  0
|  70|0x0000000084600000, 0x0000000084700000, 0x0000000084700000|100%| E|CS|TAMS 0x0000000084600000| PB 0x0000000084600000| Complete |  0
|  71|0x0000000084700000, 0x0000000084800000, 0x0000000084800000|100%| E|CS|TAMS 0x0000000084700000| PB 0x0000000084700000| Complete |  0
|  72|0x0000000084800000, 0x0000000084900000, 0x0000000084900000|100%| E|CS|TAMS 0x0000000084800000| PB 0x0000000084800000| Complete |  0
|  73|0x0000000084900000, 0x0000000084a00000, 0x0000000084a00000|100%| E|CS|TAMS 0x0000000084900000| PB 0x0000000084900000| Complete |  0
|  74|0x0000000084a00000, 0x0000000084b00000, 0x0000000084b00000|100%| E|CS|TAMS 0x0000000084a00000| PB 0x0000000084a00000| Complete |  0
|  75|0x0000000084b00000, 0x0000000084c00000, 0x0000000084c00000|100%| E|CS|TAMS 0x0000000084b00000| PB 0x0000000084b00000| Complete |  0
|  76|0x0000000084c00000, 0x0000000084d00000, 0x0000000084d00000|100%| E|CS|TAMS 0x0000000084c00000| PB 0x0000000084c00000| Complete |  0
|  77|0x0000000084d00000, 0x0000000084e00000, 0x0000000084e00000|100%| E|CS|TAMS 0x0000000084d00000| PB 0x0000000084d00000| Complete |  0
|  78|0x0000000084e00000, 0x0000000084f00000, 0x0000000084f00000|100%| E|CS|TAMS 0x0000000084e00000| PB 0x0000000084e00000| Complete |  0
|  79|0x0000000084f00000, 0x0000000085000000, 0x0000000085000000|100%| E|CS|TAMS 0x0000000084f00000| PB 0x0000000084f00000| Complete |  0
|  80|0x0000000085000000, 0x0000000085100000, 0x0000000085100000|100%| E|CS|TAMS 0x0000000085000000| PB 0x0000000085000000| Complete |  0
|  81|0x0000000085100000, 0x0000000085200000, 0x0000000085200000|100%| E|CS|TAMS 0x0000000085100000| PB 0x0000000085100000| Complete |  0
|  82|0x0000000085200000, 0x0000000085300000, 0x0000000085300000|100%| E|CS|TAMS 0x0000000085200000| PB 0x0000000085200000| Complete |  0
|  83|0x0000000085300000, 0x0000000085400000, 0x0000000085400000|100%| E|CS|TAMS 0x0000000085300000| PB 0x0000000085300000| Complete |  0
|  84|0x0000000085400000, 0x0000000085500000, 0x0000000085500000|100%| E|CS|TAMS 0x0000000085400000| PB 0x0000000085400000| Complete |  0
|  85|0x0000000085500000, 0x0000000085600000, 0x0000000085600000|100%| E|CS|TAMS 0x0000000085500000| PB 0x0000000085500000| Complete |  0
|  86|0x0000000085600000, 0x0000000085700000, 0x0000000085700000|100%| E|CS|TAMS 0x0000000085600000| PB 0x0000000085600000| Complete |  0
|  87|0x0000000085700000, 0x0000000085800000, 0x0000000085800000|100%| E|CS|TAMS 0x0000000085700000| PB 0x0000000085700000| Complete |  0
|  88|0x0000000085800000, 0x0000000085900000, 0x0000000085900000|100%| E|CS|TAMS 0x0000000085800000| PB 0x0000000085800000| Complete |  0
|  89|0x0000000085900000, 0x0000000085a00000, 0x0000000085a00000|100%| E|CS|TAMS 0x0000000085900000| PB 0x0000000085900000| Complete |  0
|  90|0x0000000085a00000, 0x0000000085b00000, 0x0000000085b00000|100%| E|  |TAMS 0x0000000085a00000| PB 0x0000000085a00000| Complete |  0
|  91|0x0000000085b00000, 0x0000000085c00000, 0x0000000085c00000|100%| E|CS|TAMS 0x0000000085b00000| PB 0x0000000085b00000| Complete |  0
|  92|0x0000000085c00000, 0x0000000085d00000, 0x0000000085d00000|100%| E|CS|TAMS 0x0000000085c00000| PB 0x0000000085c00000| Complete |  0
|  93|0x0000000085d00000, 0x0000000085e00000, 0x0000000085e00000|100%| E|CS|TAMS 0x0000000085d00000| PB 0x0000000085d00000| Complete |  0
|  94|0x0000000085e00000, 0x0000000085f00000, 0x0000000085f00000|100%| E|CS|TAMS 0x0000000085e00000| PB 0x0000000085e00000| Complete |  0
|  95|0x0000000085f00000, 0x0000000086000000, 0x0000000086000000|100%| E|CS|TAMS 0x0000000085f00000| PB 0x0000000085f00000| Complete |  0
|  96|0x0000000086000000, 0x0000000086100000, 0x0000000086100000|100%| E|CS|TAMS 0x0000000086000000| PB 0x0000000086000000| Complete |  0
|  97|0x0000000086100000, 0x0000000086200000, 0x0000000086200000|100%| E|CS|TAMS 0x0000000086100000| PB 0x0000000086100000| Complete |  0
|  98|0x0000000086200000, 0x0000000086300000, 0x0000000086300000|100%| E|CS|TAMS 0x0000000086200000| PB 0x0000000086200000| Complete |  0
|  99|0x0000000086300000, 0x0000000086400000, 0x0000000086400000|100%| E|CS|TAMS 0x0000000086300000| PB 0x0000000086300000| Complete |  0
| 100|0x0000000086400000, 0x0000000086500000, 0x0000000086500000|100%| E|CS|TAMS 0x0000000086400000| PB 0x0000000086400000| Complete |  0
| 101|0x0000000086500000, 0x0000000086600000, 0x0000000086600000|100%| E|CS|TAMS 0x0000000086500000| PB 0x0000000086500000| Complete |  0
| 102|0x0000000086600000, 0x0000000086700000, 0x0000000086700000|100%| E|CS|TAMS 0x0000000086600000| PB 0x0000000086600000| Complete |  0
| 103|0x0000000086700000, 0x0000000086800000, 0x0000000086800000|100%| E|CS|TAMS 0x0000000086700000| PB 0x0000000086700000| Complete |  0
| 197|0x000000008c500000, 0x000000008c600000, 0x000000008c600000|100%| E|CS|TAMS 0x000000008c500000| PB 0x000000008c500000| Complete |  0
| 198|0x000000008c600000, 0x000000008c700000, 0x000000008c700000|100%| E|CS|TAMS 0x000000008c600000| PB 0x000000008c600000| Complete |  0
| 199|0x000000008c700000, 0x000000008c800000, 0x000000008c800000|100%| E|CS|TAMS 0x000000008c700000| PB 0x000000008c700000| Complete |  0
| 200|0x000000008c800000, 0x000000008c900000, 0x000000008c900000|100%| E|CS|TAMS 0x000000008c800000| PB 0x000000008c800000| Complete |  0
| 201|0x000000008c900000, 0x000000008ca00000, 0x000000008ca00000|100%| E|CS|TAMS 0x000000008c900000| PB 0x000000008c900000| Complete |  0
| 202|0x000000008ca00000, 0x000000008cb00000, 0x000000008cb00000|100%| E|CS|TAMS 0x000000008ca00000| PB 0x000000008ca00000| Complete |  0
| 203|0x000000008cb00000, 0x000000008cc00000, 0x000000008cc00000|100%| E|CS|TAMS 0x000000008cb00000| PB 0x000000008cb00000| Complete |  0
| 204|0x000000008cc00000, 0x000000008cd00000, 0x000000008cd00000|100%| E|CS|TAMS 0x000000008cc00000| PB 0x000000008cc00000| Complete |  0
| 205|0x000000008cd00000, 0x000000008ce00000, 0x000000008ce00000|100%| E|CS|TAMS 0x000000008cd00000| PB 0x000000008cd00000| Complete |  0
| 206|0x000000008ce00000, 0x000000008cf00000, 0x000000008cf00000|100%| E|CS|TAMS 0x000000008ce00000| PB 0x000000008ce00000| Complete |  0
| 207|0x000000008cf00000, 0x000000008d000000, 0x000000008d000000|100%| E|CS|TAMS 0x000000008cf00000| PB 0x000000008cf00000| Complete |  0
| 208|0x000000008d000000, 0x000000008d100000, 0x000000008d100000|100%| E|CS|TAMS 0x000000008d000000| PB 0x000000008d000000| Complete |  0
| 251|0x000000008fb00000, 0x000000008fc00000, 0x000000008fc00000|100%| E|CS|TAMS 0x000000008fb00000| PB 0x000000008fb00000| Complete |  0
|2037|0x00000000ff500000, 0x00000000ff600000, 0x00000000ff600000|100%| O|  |TAMS 0x00000000ff500000| PB 0x00000000ff500000| Untracked |  0
|2038|0x00000000ff600000, 0x00000000ff700000, 0x00000000ff700000|100%| O|  |TAMS 0x00000000ff600000| PB 0x00000000ff600000| Untracked |  0
|2039|0x00000000ff700000, 0x00000000ff800000, 0x00000000ff800000|100%| O|  |TAMS 0x00000000ff700000| PB 0x00000000ff700000| Untracked |  0
|2040|0x00000000ff800000, 0x00000000ff900000, 0x00000000ff900000|100%| O|  |TAMS 0x00000000ff800000| PB 0x00000000ff800000| Untracked |  0
|2041|0x00000000ff900000, 0x00000000ffa00000, 0x00000000ffa00000|100%| O|  |TAMS 0x00000000ff900000| PB 0x00000000ff900000| Untracked |  0
|2042|0x00000000ffa00000, 0x00000000ffb00000, 0x00000000ffb00000|100%| O|  |TAMS 0x00000000ffa00000| PB 0x00000000ffa00000| Untracked |  0
|2043|0x00000000ffb00000, 0x00000000ffc00000, 0x00000000ffc00000|100%| O|  |TAMS 0x00000000ffb00000| PB 0x00000000ffb00000| Untracked |  0
|2044|0x00000000ffc00000, 0x00000000ffd00000, 0x00000000ffd00000|100%| O|  |TAMS 0x00000000ffc00000| PB 0x00000000ffc00000| Untracked |  0
|2045|0x00000000ffd00000, 0x00000000ffe00000, 0x00000000ffe00000|100%| O|  |TAMS 0x00000000ffd00000| PB 0x00000000ffd00000| Untracked |  0
|2046|0x00000000ffe00000, 0x00000000fff00000, 0x00000000fff00000|100%| O|  |TAMS 0x00000000ffe00000| PB 0x00000000ffe00000| Untracked |  0
|2047|0x00000000fff00000, 0x0000000100000000, 0x0000000100000000|100%| E|CS|TAMS 0x00000000fff00000| PB 0x00000000fff00000| Complete |  0

Card table byte_map: [0x000001cb4cf20000,0x000001cb4d320000] _byte_map_base: 0x000001cb4cb20000

Marking Bits: (CMBitMap*) 0x000001cb3291e6a0
 Bits: [0x000001cb4d320000, 0x000001cb4f320000)

Polling page: 0x000001cb32c10000

Metaspace:
Metaspace        used 53033K, committed 54784K, reserved 1114112K
 class space     used 7761K, committed 8640K, reserved 1048576K

Usage:
  Non-class:     44.21 MB used.
      Class:      7.58 MB used.
       Both:     51.79 MB used.

Virtual space:
  Non-class space:       64.00 MB reserved,      45.06 MB ( 70%) committed,  1 nodes.
      Class space:        1.00 GB reserved,       8.44 MB ( <1%) committed,  1 nodes.
             Both:        1.06 GB reserved,      53.50 MB (  5%) committed. 

Chunk freelists:
   Non-Class:  2.88 MB
       Class:  7.61 MB
        Both:  10.48 MB

MaxMetaspaceSize: unlimited
CompressedClassSpaceSize: 1.00 GB
Initial GC threshold: 21.00 MB
Current GC threshold: 58.75 MB
CDS: on
 - commit_granule_bytes: 65536.
 - commit_granule_words: 8192.
 - virtual_space_node_default_size: 8388608.
 - enlarge_chunks_in_place: 1.
UseCompressedClassPointers 1, UseCompactObjectHeaders 0
Narrow klass pointer bits 32, Max shift 3
Narrow klass base: 0x0000000021000000, Narrow klass shift: 0
Encoding Range: [0x0000000021000000 - 0x0000000121000000), (4294967296 bytes)
Klass Range:    [0x0000000021010000 - 0x0000000062000000), (1090453504 bytes)
Klass ID Range:  [65536 - 1090519033) (1090453497)
Protection zone: [0x0000000021000000 - 0x0000000021010000), (65536 bytes)


Internal statistics:

num_allocs_failed_limit: 6.
num_arena_births: 3040.
num_arena_deaths: 0.
num_vsnodes_births: 2.
num_vsnodes_deaths: 0.
num_space_committed: 856.
num_space_uncommitted: 0.
num_chunks_returned_to_freelist: 6.
num_chunks_taken_from_freelist: 5535.
num_chunk_merges: 6.
num_chunk_splits: 3577.
num_chunks_enlarged: 2200.
num_inconsistent_stats: 0.

CodeHeap 'non-profiled nmethods': size=120064Kb used=3580Kb max_used=3580Kb free=116484Kb
 bounds [0x000001cb44f80000, 0x000001cb45300000, 0x000001cb4c4c0000]
CodeHeap 'profiled nmethods': size=120000Kb used=11784Kb max_used=11784Kb free=108215Kb
 bounds [0x000001cb3d4c0000, 0x000001cb3e050000, 0x000001cb449f0000]
CodeHeap 'non-nmethods': size=5696Kb used=2660Kb max_used=2787Kb free=3035Kb
 bounds [0x000001cb449f0000, 0x000001cb44cd0000, 0x000001cb44f80000]
CodeCache: size=245760Kb, used=18024Kb, max_used=18151Kb, free=227734Kb
 total_blobs=8962, nmethods=8043, adapters=820, full_count=0
Compilation: enabled, stopped_count=0, restarted_count=0

Compilation events (20 events):
Event: 7.069 Thread 0x000001cb51f48da0 8552   !   3       org.gradle.internal.classloader.FilteringClassLoader::loadClass (62 bytes)
Event: 7.069 Thread 0x000001cb51f48da0 nmethod 8552 0x000001cb3e028688 code [0x000001cb3e028780, 0x000001cb3e0295e0]
Event: 7.070 Thread 0x000001cb51f48da0 8553       3       sun.reflect.generics.scope.AbstractScope::lookup (66 bytes)
Event: 7.071 Thread 0x000001cb51f48da0 nmethod 8553 0x000001cb3e029608 code [0x000001cb3e029700, 0x000001cb3e029f30]
Event: 7.086 Thread 0x000001cb51f48da0 8554       3       java.lang.ClassLoader::findClass (9 bytes)
Event: 7.086 Thread 0x000001cb51f48da0 nmethod 8554 0x000001cb3e029f88 code [0x000001cb3e02a080, 0x000001cb3e02a200]
Event: 7.090 Thread 0x000001cb51f45490 8555       4       java.lang.instrument.ClassFileTransformer::transform (15 bytes)
Event: 7.091 Thread 0x000001cb51f45490 nmethod 8555 0x000001cb452fda88 code [0x000001cb452fdb80, 0x000001cb452fdd58]
Event: 7.091 Thread 0x000001cb51f45490 8556   !   4       org.gradle.internal.instrumentation.agent.DefaultClassFileTransformer::transform (42 bytes)
Event: 7.092 Thread 0x000001cb51f48da0 8557       3       org.gradle.internal.classloader.TransformErrorHandler::getLastErrorAndClear (20 bytes)
Event: 7.092 Thread 0x000001cb51f48da0 nmethod 8557 0x000001cb3e02a288 code [0x000001cb3e02a380, 0x000001cb3e02a700]
Event: 7.093 Thread 0x000001cb51f45490 nmethod 8556 0x000001cb452fdd88 code [0x000001cb452fde80, 0x000001cb452fe010]
Event: 7.093 Thread 0x000001cb51f45490 8558       4       sun.instrument.InstrumentationImpl::transform (73 bytes)
Event: 7.103 Thread 0x000001cb51f45490 nmethod 8558 0x000001cb452fe088 code [0x000001cb452fe180, 0x000001cb452fe6e8]
Event: 7.103 Thread 0x000001cb51f45490 8559   !   4       sun.instrument.TransformerManager::transform (100 bytes)
Event: 7.110 Thread 0x000001cb51f48da0 8560       3       org.gradle.internal.classloader.TransformReplacer::ensureOpened (18 bytes)
Event: 7.110 Thread 0x000001cb51f48da0 nmethod 8560 0x000001cb3e02a788 code [0x000001cb3e02a880, 0x000001cb3e02aa98]
Event: 7.110 Thread 0x000001cb51f48da0 8561       1       org.gradle.internal.classloader.JarCompat::getJarFile (5 bytes)
Event: 7.110 Thread 0x000001cb51f48da0 nmethod 8561 0x000001cb452fe708 code [0x000001cb452fe800, 0x000001cb452fe8c8]
Event: 7.159 Thread 0x000001cb51f48da0 8562       3       java.util.ComparableTimSort::countRunAndMakeAscending (123 bytes)

GC Heap Usage History (20 events):
Event: 1.901 {heap Before GC invocations=1 (full 0):
 garbage-first heap   total reserved 2097152K, committed 260096K, used 120157K [0x0000000080000000, 0x0000000100000000)
  region size 1024K, 110 young (112640K), 6 survivors (6144K)
}
Event: 1.908 {heap After GC invocations=2 (full 0):
 garbage-first heap   total reserved 2097152K, committed 260096K, used 21219K [0x0000000080000000, 0x0000000100000000)
  region size 1024K, 14 young (14336K), 14 survivors (14336K)
}
Event: 2.471 {heap Before GC invocations=2 (full 0):
 garbage-first heap   total reserved 2097152K, committed 260096K, used 64227K [0x0000000080000000, 0x0000000100000000)
  region size 1024K, 57 young (58368K), 14 survivors (14336K)
}
Event: 2.480 {heap After GC invocations=3 (full 0):
 garbage-first heap   total reserved 2097152K, committed 260096K, used 25012K [0x0000000080000000, 0x0000000100000000)
  region size 1024K, 12 young (12288K), 12 survivors (12288K)
}
Event: 3.116 {heap Before GC invocations=4 (full 0):
 garbage-first heap   total reserved 2097152K, committed 89088K, used 87476K [0x0000000080000000, 0x0000000100000000)
  region size 1024K, 73 young (74752K), 12 survivors (12288K)
}
Event: 3.125 {heap After GC invocations=5 (full 0):
 garbage-first heap   total reserved 2097152K, committed 108544K, used 32032K [0x0000000080000000, 0x0000000100000000)
  region size 1024K, 10 young (10240K), 10 survivors (10240K)
}
Event: 3.502 {heap Before GC invocations=5 (full 0):
 garbage-first heap   total reserved 2097152K, committed 108544K, used 85280K [0x0000000080000000, 0x0000000100000000)
  region size 1024K, 57 young (58368K), 10 survivors (10240K)
}
Event: 3.508 {heap After GC invocations=6 (full 0):
 garbage-first heap   total reserved 2097152K, committed 108544K, used 34154K [0x0000000080000000, 0x0000000100000000)
  region size 1024K, 4 young (4096K), 4 survivors (4096K)
}
Event: 3.567 {heap Before GC invocations=6 (full 0):
 garbage-first heap   total reserved 2097152K, committed 108544K, used 40298K [0x0000000080000000, 0x0000000100000000)
  region size 1024K, 11 young (11264K), 4 survivors (4096K)
}
Event: 3.570 {heap After GC invocations=7 (full 0):
 garbage-first heap   total reserved 2097152K, committed 108544K, used 34335K [0x0000000080000000, 0x0000000100000000)
  region size 1024K, 4 young (4096K), 4 survivors (4096K)
}
Event: 3.927 {heap Before GC invocations=8 (full 0):
 garbage-first heap   total reserved 2097152K, committed 108544K, used 87583K [0x0000000080000000, 0x0000000100000000)
  region size 1024K, 56 young (57344K), 4 survivors (4096K)
}
Event: 3.931 {heap After GC invocations=9 (full 0):
 garbage-first heap   total reserved 2097152K, committed 108544K, used 37619K [0x0000000080000000, 0x0000000100000000)
  region size 1024K, 4 young (4096K), 4 survivors (4096K)
}
Event: 4.485 {heap Before GC invocations=9 (full 0):
 garbage-first heap   total reserved 2097152K, committed 108544K, used 90867K [0x0000000080000000, 0x0000000100000000)
  region size 1024K, 55 young (56320K), 4 survivors (4096K)
}
Event: 4.489 {heap After GC invocations=10 (full 0):
 garbage-first heap   total reserved 2097152K, committed 108544K, used 40521K [0x0000000080000000, 0x0000000100000000)
  region size 1024K, 7 young (7168K), 7 survivors (7168K)
}
Event: 5.207 {heap Before GC invocations=10 (full 0):
 garbage-first heap   total reserved 2097152K, committed 108544K, used 91721K [0x0000000080000000, 0x0000000100000000)
  region size 1024K, 57 young (58368K), 7 survivors (7168K)
}
Event: 5.213 {heap After GC invocations=11 (full 0):
 garbage-first heap   total reserved 2097152K, committed 108544K, used 44575K [0x0000000080000000, 0x0000000100000000)
  region size 1024K, 7 young (7168K), 7 survivors (7168K)
}
Event: 5.654 {heap Before GC invocations=11 (full 0):
 garbage-first heap   total reserved 2097152K, committed 108544K, used 92703K [0x0000000080000000, 0x0000000100000000)
  region size 1024K, 55 young (56320K), 7 survivors (7168K)
}
Event: 5.659 {heap After GC invocations=12 (full 0):
 garbage-first heap   total reserved 2097152K, committed 108544K, used 48995K [0x0000000080000000, 0x0000000100000000)
  region size 1024K, 5 young (5120K), 5 survivors (5120K)
}
Event: 5.979 {heap Before GC invocations=12 (full 0):
 garbage-first heap   total reserved 2097152K, committed 108544K, used 94051K [0x0000000080000000, 0x0000000100000000)
  region size 1024K, 50 young (51200K), 5 survivors (5120K)
}
Event: 5.983 {heap After GC invocations=13 (full 0):
 garbage-first heap   total reserved 2097152K, committed 131072K, used 50614K [0x0000000080000000, 0x0000000100000000)
  region size 1024K, 4 young (4096K), 4 survivors (4096K)
}

Metaspace Usage History (20 events):
Event: 1.901 {metaspace Before GC invocations=1 (full 0):
 Metaspace       used 15412K, committed 15808K, reserved 1114112K
  class space    used 2199K, committed 2368K, reserved 1048576K
}
Event: 1.908 {metaspace After GC invocations=2 (full 0):
 Metaspace       used 15412K, committed 15808K, reserved 1114112K
  class space    used 2199K, committed 2368K, reserved 1048576K
}
Event: 2.471 {metaspace Before GC invocations=2 (full 0):
 Metaspace       used 20805K, committed 21504K, reserved 1114112K
  class space    used 3153K, committed 3456K, reserved 1048576K
}
Event: 2.480 {metaspace After GC invocations=3 (full 0):
 Metaspace       used 20805K, committed 21504K, reserved 1114112K
  class space    used 3153K, committed 3456K, reserved 1048576K
}
Event: 3.116 {metaspace Before GC invocations=4 (full 0):
 Metaspace       used 30723K, committed 31744K, reserved 1114112K
  class space    used 4509K, committed 4992K, reserved 1048576K
}
Event: 3.125 {metaspace After GC invocations=5 (full 0):
 Metaspace       used 30723K, committed 31744K, reserved 1114112K
  class space    used 4509K, committed 4992K, reserved 1048576K
}
Event: 3.502 {metaspace Before GC invocations=5 (full 0):
 Metaspace       used 34328K, committed 35328K, reserved 1114112K
  class space    used 4996K, committed 5440K, reserved 1048576K
}
Event: 3.508 {metaspace After GC invocations=6 (full 0):
 Metaspace       used 34328K, committed 35328K, reserved 1114112K
  class space    used 4996K, committed 5440K, reserved 1048576K
}
Event: 3.567 {metaspace Before GC invocations=6 (full 0):
 Metaspace       used 34979K, committed 35968K, reserved 1114112K
  class space    used 5114K, committed 5568K, reserved 1048576K
}
Event: 3.570 {metaspace After GC invocations=7 (full 0):
 Metaspace       used 34979K, committed 35968K, reserved 1114112K
  class space    used 5114K, committed 5568K, reserved 1048576K
}
Event: 3.927 {metaspace Before GC invocations=8 (full 0):
 Metaspace       used 39000K, committed 40384K, reserved 1114112K
  class space    used 5798K, committed 6464K, reserved 1048576K
}
Event: 3.931 {metaspace After GC invocations=9 (full 0):
 Metaspace       used 39000K, committed 40384K, reserved 1114112K
  class space    used 5798K, committed 6464K, reserved 1048576K
}
Event: 4.485 {metaspace Before GC invocations=9 (full 0):
 Metaspace       used 45298K, committed 46848K, reserved 1114112K
  class space    used 6682K, committed 7424K, reserved 1048576K
}
Event: 4.489 {metaspace After GC invocations=10 (full 0):
 Metaspace       used 45298K, committed 46848K, reserved 1114112K
  class space    used 6682K, committed 7424K, reserved 1048576K
}
Event: 5.207 {metaspace Before GC invocations=10 (full 0):
 Metaspace       used 49664K, committed 51328K, reserved 1114112K
  class space    used 7364K, committed 8128K, reserved 1048576K
}
Event: 5.213 {metaspace After GC invocations=11 (full 0):
 Metaspace       used 49664K, committed 51328K, reserved 1114112K
  class space    used 7364K, committed 8128K, reserved 1048576K
}
Event: 5.654 {metaspace Before GC invocations=11 (full 0):
 Metaspace       used 50726K, committed 52416K, reserved 1114112K
  class space    used 7477K, committed 8320K, reserved 1048576K
}
Event: 5.659 {metaspace After GC invocations=12 (full 0):
 Metaspace       used 50726K, committed 52416K, reserved 1114112K
  class space    used 7477K, committed 8320K, reserved 1048576K
}
Event: 5.979 {metaspace Before GC invocations=12 (full 0):
 Metaspace       used 50896K, committed 52608K, reserved 1114112K
  class space    used 7477K, committed 8320K, reserved 1048576K
}
Event: 5.983 {metaspace After GC invocations=13 (full 0):
 Metaspace       used 50896K, committed 52608K, reserved 1114112K
  class space    used 7477K, committed 8320K, reserved 1048576K
}

Dll operation events (14 events):
Event: 0.010 Loaded shared library C:\Program Files\Java\jdk-25.0.2\bin\java.dll
Event: 0.049 Loaded shared library C:\Program Files\Java\jdk-25.0.2\bin\zip.dll
Event: 0.051 Loaded shared library C:\Program Files\Java\jdk-25.0.2\bin\instrument.dll
Event: 0.053 Loaded shared library C:\Program Files\Java\jdk-25.0.2\bin\net.dll
Event: 0.055 Loaded shared library C:\Program Files\Java\jdk-25.0.2\bin\nio.dll
Event: 0.056 Loaded shared library C:\Program Files\Java\jdk-25.0.2\bin\zip.dll
Event: 0.213 Loaded shared library C:\Program Files\Java\jdk-25.0.2\bin\jimage.dll
Event: 0.297 Loaded shared library C:\Program Files\Java\jdk-25.0.2\bin\verify.dll
Event: 0.352 Loaded shared library C:\Users\hp\.gradle\native\1def1411415f61bf3af743bc5b6707747c0891f09f0c88961ee8f79bc544acac\windows-amd64\native-platform.dll
Event: 0.358 Loaded shared library C:\Users\hp\.gradle\native\0.2.7\x86_64-windows-gnu\gradle-fileevents.dll
Event: 1.131 Loaded shared library C:\Program Files\Java\jdk-25.0.2\bin\management.dll
Event: 1.132 Loaded shared library C:\Program Files\Java\jdk-25.0.2\bin\management_ext.dll
Event: 1.247 Loaded shared library C:\Program Files\Java\jdk-25.0.2\bin\extnet.dll
Event: 1.385 Loaded shared library C:\Program Files\Java\jdk-25.0.2\bin\sunmscapi.dll

Deoptimization events (20 events):
Event: 6.886 Thread 0x000001cb561973b0 Uncommon trap: trap_request=0xffffff5e fr.pc=0x000001cb452d1084 relative=0x0000000000000584
Event: 6.886 Thread 0x000001cb561973b0 Uncommon trap: reason=speculate_class_check action=maybe_recompile pc=0x000001cb452d1084 method=sun.security.provider.DigestBase.engineDigest([BII)I @ 97 c2
Event: 6.886 Thread 0x000001cb561973b0 DEOPT PACKING pc=0x000001cb452d1084 sp=0x000000a3eb6f7510
Event: 6.887 Thread 0x000001cb561973b0 DEOPT UNPACKING pc=0x000001cb44b11b82 sp=0x000000a3eb6f7470 mode 2
Event: 6.887 Thread 0x000001cb561973b0 Uncommon trap: trap_request=0xffffff5e fr.pc=0x000001cb452d1084 relative=0x0000000000000584
Event: 6.887 Thread 0x000001cb561973b0 Uncommon trap: reason=speculate_class_check action=maybe_recompile pc=0x000001cb452d1084 method=sun.security.provider.DigestBase.engineDigest([BII)I @ 97 c2
Event: 6.887 Thread 0x000001cb561973b0 DEOPT PACKING pc=0x000001cb452d1084 sp=0x000000a3eb6f75a0
Event: 6.887 Thread 0x000001cb561973b0 DEOPT UNPACKING pc=0x000001cb44b11b82 sp=0x000000a3eb6f7500 mode 2
Event: 6.888 Thread 0x000001cb561973b0 Uncommon trap: trap_request=0xffffffde fr.pc=0x000001cb451d363c relative=0x000000000000711c
Event: 6.888 Thread 0x000001cb561973b0 Uncommon trap: reason=class_check action=maybe_recompile pc=0x000001cb451d363c method=java.util.jar.JarFile.getManifestFromReference()Ljava/util/jar/Manifest; @ 152 c2
Event: 6.888 Thread 0x000001cb561973b0 DEOPT PACKING pc=0x000001cb451d363c sp=0x000000a3eb6f76d0
Event: 6.888 Thread 0x000001cb561973b0 DEOPT UNPACKING pc=0x000001cb44b11b82 sp=0x000000a3eb6f7540 mode 2
Event: 6.893 Thread 0x000001cb561973b0 Uncommon trap: trap_request=0xffffff45 fr.pc=0x000001cb45142ae4 relative=0x0000000000000ae4
Event: 6.893 Thread 0x000001cb561973b0 Uncommon trap: reason=unstable_if action=reinterpret pc=0x000001cb45142ae4 method=java.io.BufferedInputStream.read([BII)I @ 55 c2
Event: 6.893 Thread 0x000001cb561973b0 DEOPT PACKING pc=0x000001cb45142ae4 sp=0x000000a3eb6f7580
Event: 6.893 Thread 0x000001cb561973b0 DEOPT UNPACKING pc=0x000001cb44b11b82 sp=0x000000a3eb6f7538 mode 2
Event: 7.013 Thread 0x000001cb561973b0 Uncommon trap: trap_request=0xffffffde fr.pc=0x000001cb451d363c relative=0x000000000000711c
Event: 7.013 Thread 0x000001cb561973b0 Uncommon trap: reason=class_check action=maybe_recompile pc=0x000001cb451d363c method=java.util.jar.JarFile.getManifestFromReference()Ljava/util/jar/Manifest; @ 152 c2
Event: 7.013 Thread 0x000001cb561973b0 DEOPT PACKING pc=0x000001cb451d363c sp=0x000000a3eb6f7010
Event: 7.013 Thread 0x000001cb561973b0 DEOPT UNPACKING pc=0x000001cb44b11b82 sp=0x000000a3eb6f6e80 mode 2

Classes loaded (20 events):
Event: 6.113 Loading class java/util/stream/SortedOps$SizedRefSortingSink
Event: 6.113 Loading class java/util/stream/SortedOps$AbstractRefSortingSink
Event: 6.114 Loading class java/util/stream/SortedOps$AbstractRefSortingSink done
Event: 6.114 Loading class java/util/stream/SortedOps$SizedRefSortingSink done
Event: 6.474 Loading class java/lang/ThreadDeath
Event: 6.474 Loading class java/lang/ThreadDeath done
Event: 6.475 Loading class sun/misc/SharedSecrets
Event: 6.475 Loading class sun/misc/SharedSecrets done
Event: 6.487 Loading class org/xml/sax/Locator
Event: 6.488 Loading class org/xml/sax/Locator done
Event: 6.490 Loading class org/xml/sax/SAXParseException
Event: 6.491 Loading class org/xml/sax/SAXParseException done
Event: 6.492 Loading class org/xml/sax/Attributes
Event: 6.492 Loading class org/xml/sax/Attributes done
Event: 6.636 Loading class java/util/stream/ReduceOps$5
Event: 6.637 Loading class java/util/stream/ReduceOps$5 done
Event: 6.637 Loading class java/util/stream/ReduceOps$CountingSink$OfRef
Event: 6.638 Loading class java/util/stream/ReduceOps$CountingSink
Event: 6.639 Loading class java/util/stream/ReduceOps$CountingSink done
Event: 6.639 Loading class java/util/stream/ReduceOps$CountingSink$OfRef done

Classes unloaded (0 events):
No events

Classes redefined (0 events):
No events

Internal exceptions (20 events):
Event: 6.475 Thread 0x000001cb561973b0 Exception <a 'java/lang/ClassNotFoundException'{0x0000000085990e90}: org/gradle/api/internal/project/DefaultProject_DecoratedBeanInfo> (0x0000000085990e90) 
thrown [s\open\src\hotspot\share\classfile\systemDictionary.cpp, line 327]
Event: 6.476 Thread 0x000001cb561973b0 Exception <a 'java/lang/ClassNotFoundException'{0x000000008599ff68}: org/gradle/api/internal/project/DefaultProjectBeanInfo> (0x000000008599ff68) 
thrown [s\open\src\hotspot\share\classfile\systemDictionary.cpp, line 327]
Event: 6.477 Thread 0x000001cb561973b0 Exception <a 'java/lang/ClassNotFoundException'{0x00000000859af010}: org/gradle/api/internal/project/DefaultProjectCustomizer> (0x00000000859af010) 
thrown [s\open\src\hotspot\share\classfile\systemDictionary.cpp, line 327]
Event: 6.483 Thread 0x000001cb561973b0 Exception <a 'java/lang/ClassNotFoundException'{0x000000008586a728}: org/gradle/api/internal/project/DefaultProject_DecoratedCustomizer> (0x000000008586a728) 
thrown [s\open\src\hotspot\share\classfile\systemDictionary.cpp, line 327]
Event: 6.495 Thread 0x000001cb561973b0 Exception <a 'java/lang/NoSuchMethodError'{0x00000000858e36b8}: 'java.lang.Object java.lang.invoke.DirectMethodHandle$Holder.invokeInterface(java.lang.Object, java.lang.Object, java.lang.Object, java.lang.Object, java.lang.Object)'> (0x00000000858e36b8) 
thrown [s\open\src\hotspot\share\interpreter\linkResolver.cpp, line 804]
Event: 6.664 Thread 0x000001cb561973b0 Exception <a 'java/lang/ClassNotFoundException'{0x00000000853559d8}: org/gradle/api/tasks/Delete_DecoratedBeanInfo> (0x00000000853559d8) 
thrown [s\open\src\hotspot\share\classfile\systemDictionary.cpp, line 327]
Event: 6.666 Thread 0x000001cb561973b0 Exception <a 'java/lang/ClassNotFoundException'{0x0000000085366c70}: org/gradle/api/tasks/DeleteBeanInfo> (0x0000000085366c70) 
thrown [s\open\src\hotspot\share\classfile\systemDictionary.cpp, line 327]
Event: 6.667 Thread 0x000001cb561973b0 Exception <a 'java/lang/ClassNotFoundException'{0x0000000085377ce0}: org/gradle/api/internal/ConventionTaskBeanInfo> (0x0000000085377ce0) 
thrown [s\open\src\hotspot\share\classfile\systemDictionary.cpp, line 327]
Event: 6.667 Thread 0x000001cb561973b0 Exception <a 'java/lang/ClassNotFoundException'{0x0000000085388c98}: org/gradle/api/DefaultTaskBeanInfo> (0x0000000085388c98) 
thrown [s\open\src\hotspot\share\classfile\systemDictionary.cpp, line 327]
Event: 6.669 Thread 0x000001cb561973b0 Exception <a 'java/lang/ClassNotFoundException'{0x0000000085399d18}: org/gradle/api/internal/AbstractTaskBeanInfo> (0x0000000085399d18) 
thrown [s\open\src\hotspot\share\classfile\systemDictionary.cpp, line 327]
Event: 6.670 Thread 0x000001cb561973b0 Exception <a 'java/lang/ClassNotFoundException'{0x00000000853aad60}: org/gradle/api/internal/AbstractTaskCustomizer> (0x00000000853aad60) 
thrown [s\open\src\hotspot\share\classfile\systemDictionary.cpp, line 327]
Event: 6.677 Thread 0x000001cb561973b0 Exception <a 'java/lang/ClassNotFoundException'{0x0000000085210248}: org/gradle/api/DefaultTaskCustomizer> (0x0000000085210248) 
thrown [s\open\src\hotspot\share\classfile\systemDictionary.cpp, line 327]
Event: 6.681 Thread 0x000001cb561973b0 Exception <a 'java/lang/ClassNotFoundException'{0x000000008527c530}: org/gradle/api/internal/ConventionTaskCustomizer> (0x000000008527c530) 
thrown [s\open\src\hotspot\share\classfile\systemDictionary.cpp, line 327]
Event: 6.683 Thread 0x000001cb561973b0 Exception <a 'java/lang/ClassNotFoundException'{0x000000008529c838}: org/gradle/api/tasks/DeleteCustomizer> (0x000000008529c838) 
thrown [s\open\src\hotspot\share\classfile\systemDictionary.cpp, line 327]
Event: 6.686 Thread 0x000001cb561973b0 Exception <a 'java/lang/ClassNotFoundException'{0x00000000852c1a00}: org/gradle/api/tasks/Delete_DecoratedCustomizer> (0x00000000852c1a00) 
thrown [s\open\src\hotspot\share\classfile\systemDictionary.cpp, line 327]
Event: 6.744 Thread 0x000001cb561973b0 Exception <a 'java/lang/NoSuchMethodError'{0x00000000851fd1a0}: 'void java.lang.invoke.DirectMethodHandle$Holder.invokeInterface(java.lang.Object, java.lang.Object, java.lang.Object, java.lang.Object)'> (0x00000000851fd1a0) 
thrown [s\open\src\hotspot\share\interpreter\linkResolver.cpp, line 804]
Event: 6.781 Thread 0x000001cb561973b0 Exception <a 'java/lang/ClassNotFoundException'{0x00000000850ef7f0}: build_a2p70qt3wpsuhm10cnguj0r3qBeanInfo> (0x00000000850ef7f0) 
thrown [s\open\src\hotspot\share\classfile\systemDictionary.cpp, line 327]
Event: 6.782 Thread 0x000001cb561973b0 Exception <a 'java/lang/ClassNotFoundException'{0x00000000850f5da8}: build_a2p70qt3wpsuhm10cnguj0r3qCustomizer> (0x00000000850f5da8) 
thrown [s\open\src\hotspot\share\classfile\systemDictionary.cpp, line 327]
Event: 6.837 Thread 0x000001cb561973b0 Exception <a 'java/lang/ClassNotFoundException'{0x0000000084ff3c28}: org/gradle/api/internal/plugins/DefaultObjectConfigurationActionBeanInfo> (0x0000000084ff3c28) 
thrown [s\open\src\hotspot\share\classfile\systemDictionary.cpp, line 327]
Event: 6.844 Thread 0x000001cb561973b0 Exception <a 'java/lang/ClassNotFoundException'{0x0000000084e03090}: org/gradle/api/internal/plugins/DefaultObjectConfigurationActionCustomizer> (0x0000000084e03090) 
thrown [s\open\src\hotspot\share\classfile\systemDictionary.cpp, line 327]

VM Operations (20 events):
Event: 4.485 Executing safepoint VM operation: G1CollectForAllocation (G1 Evacuation Pause)
Event: 4.489 Executing safepoint VM operation: G1CollectForAllocation (G1 Evacuation Pause) done
Event: 4.831 Executing non-safepoint VM operation: HandshakeAllThreads (Deoptimize)
Event: 4.832 Executing non-safepoint VM operation: HandshakeAllThreads (Deoptimize) done
Event: 4.882 Executing non-safepoint VM operation: HandshakeAllThreads (Deoptimize)
Event: 4.882 Executing non-safepoint VM operation: HandshakeAllThreads (Deoptimize) done
Event: 4.883 Executing non-safepoint VM operation: HandshakeAllThreads (Deoptimize)
Event: 4.883 Executing non-safepoint VM operation: HandshakeAllThreads (Deoptimize) done
Event: 5.124 Executing non-safepoint VM operation: HandshakeAllThreads (Deoptimize)
Event: 5.124 Executing non-safepoint VM operation: HandshakeAllThreads (Deoptimize) done
Event: 5.207 Executing safepoint VM operation: G1CollectForAllocation (G1 Evacuation Pause)
Event: 5.213 Executing safepoint VM operation: G1CollectForAllocation (G1 Evacuation Pause) done
Event: 5.654 Executing safepoint VM operation: G1CollectForAllocation (G1 Evacuation Pause)
Event: 5.659 Executing safepoint VM operation: G1CollectForAllocation (G1 Evacuation Pause) done
Event: 5.979 Executing safepoint VM operation: G1CollectForAllocation (G1 Evacuation Pause)
Event: 5.983 Executing safepoint VM operation: G1CollectForAllocation (G1 Evacuation Pause) done
Event: 6.128 Executing non-safepoint VM operation: HandshakeAllThreads (Deoptimize)
Event: 6.129 Executing non-safepoint VM operation: HandshakeAllThreads (Deoptimize) done
Event: 6.524 Executing non-safepoint VM operation: HandshakeAllThreads (Deoptimize)
Event: 6.524 Executing non-safepoint VM operation: HandshakeAllThreads (Deoptimize) done

Memory protections (0 events):
No events

Nmethod flushes (20 events):
Event: 3.582 Thread 0x000001cb51f2bde0 flushing  nmethod 0x000001cb3d68d188
Event: 3.582 Thread 0x000001cb51f2bde0 flushing  nmethod 0x000001cb3d6aee08
Event: 3.582 Thread 0x000001cb51f2bde0 flushing  nmethod 0x000001cb3d6afb08
Event: 3.582 Thread 0x000001cb51f2bde0 flushing  nmethod 0x000001cb3d6b3f08
Event: 3.582 Thread 0x000001cb51f2bde0 flushing  nmethod 0x000001cb3d722d08
Event: 3.582 Thread 0x000001cb51f2bde0 flushing  nmethod 0x000001cb3d76fd08
Event: 3.582 Thread 0x000001cb51f2bde0 flushing  nmethod 0x000001cb3d770088
Event: 3.582 Thread 0x000001cb51f2bde0 flushing  nmethod 0x000001cb3d79c408
Event: 3.582 Thread 0x000001cb51f2bde0 flushing  nmethod 0x000001cb3d79c708
Event: 3.582 Thread 0x000001cb51f2bde0 flushing  nmethod 0x000001cb3d79d608
Event: 3.582 Thread 0x000001cb51f2bde0 flushing  nmethod 0x000001cb3d79fb08
Event: 3.582 Thread 0x000001cb51f2bde0 flushing  nmethod 0x000001cb3d7a0608
Event: 3.582 Thread 0x000001cb51f2bde0 flushing  nmethod 0x000001cb3d7a0b88
Event: 3.582 Thread 0x000001cb51f2bde0 flushing  nmethod 0x000001cb3d7a3b08
Event: 3.582 Thread 0x000001cb51f2bde0 flushing  nmethod 0x000001cb3d7c8888
Event: 3.582 Thread 0x000001cb51f2bde0 flushing  nmethod 0x000001cb3d7ef808
Event: 3.582 Thread 0x000001cb51f2bde0 flushing  nmethod 0x000001cb3d85f288
Event: 3.582 Thread 0x000001cb51f2bde0 flushing  nmethod 0x000001cb3d860508
Event: 3.582 Thread 0x000001cb51f2bde0 flushing  nmethod 0x000001cb3d860888
Event: 3.582 Thread 0x000001cb51f2bde0 flushing  nmethod 0x000001cb3d894a08

Events (20 events):
Event: 5.308 Thread 0x000001cb561973b0 Thread added: 0x000001cb5b414540
Event: 5.313 Thread 0x000001cb561973b0 Thread added: 0x000001cb5b4154e0
Event: 5.316 Thread 0x000001cb561973b0 Thread added: 0x000001cb5c41f040
Event: 5.504 Thread 0x000001cb561973b0 Thread added: 0x000001cb5c4226f0
Event: 5.506 Thread 0x000001cb561973b0 Thread added: 0x000001cb5c4207b0
Event: 5.508 Thread 0x000001cb561973b0 Thread added: 0x000001cb5c421750
Event: 5.510 Thread 0x000001cb561973b0 Thread added: 0x000001cb5a8d20d0
Event: 5.511 Thread 0x000001cb561973b0 Thread added: 0x000001cb5a8d1130
Event: 5.513 Thread 0x000001cb561973b0 Thread added: 0x000001cb5a8d3070
Event: 5.514 Thread 0x000001cb561973b0 Thread added: 0x000001cb5a8d28a0
Event: 5.515 Thread 0x000001cb561973b0 Thread added: 0x000001cb5a8d4010
Event: 5.515 Thread 0x000001cb561973b0 Thread added: 0x000001cb5a8d5f50
Event: 5.516 Thread 0x000001cb561973b0 Thread added: 0x000001cb5a8d5780
Event: 5.516 Thread 0x000001cb561973b0 Thread added: 0x000001cb5a8d76c0
Event: 6.163 Thread 0x000001cb561973b0 Thread added: 0x000001cb5c30a5d0
Event: 6.278 Thread 0x000001cb560f3910 Thread exited: 0x000001cb560f3910
Event: 6.278 Thread 0x000001cb5757b1b0 Thread exited: 0x000001cb5757b1b0
Event: 6.747 Thread 0x000001cb51f45490 Thread added: 0x000001cb5b1e9b10
Event: 6.768 Thread 0x000001cb561973b0 Thread added: 0x000001cb5c309630
Event: 7.029 Thread 0x000001cb5b1e9b10 Thread exited: 0x000001cb5b1e9b10


Dynamic libraries:
0x00007ff69b5b0000 - 0x00007ff69b5c0000 	C:\Program Files\Java\jdk-25.0.2\bin\java.exe
0x00007ffd73f80000 - 0x00007ffd741e8000 	C:\WINDOWS\SYSTEM32\ntdll.dll
0x00007ffd72da0000 - 0x00007ffd72e69000 	C:\WINDOWS\System32\KERNEL32.DLL
0x00007ffd711c0000 - 0x00007ffd715b8000 	C:\WINDOWS\System32\KERNELBASE.dll
0x00007ffd71920000 - 0x00007ffd71a6b000 	C:\WINDOWS\System32\ucrtbase.dll
0x00007ffd5efe0000 - 0x00007ffd5effe000 	C:\Program Files\Java\jdk-25.0.2\bin\VCRUNTIME140.dll
0x00007ffd5fc50000 - 0x00007ffd5fc67000 	C:\Program Files\Java\jdk-25.0.2\bin\jli.dll
0x00007ffd72e70000 - 0x00007ffd73037000 	C:\WINDOWS\System32\USER32.dll
0x00007ffd710d0000 - 0x00007ffd710f7000 	C:\WINDOWS\System32\win32u.dll
0x00007ffd73c20000 - 0x00007ffd73c4b000 	C:\WINDOWS\System32\GDI32.dll
0x00007ffd71a70000 - 0x00007ffd71b9c000 	C:\WINDOWS\System32\gdi32full.dll
0x00007ffd51270000 - 0x00007ffd51504000 	C:\WINDOWS\WinSxS\amd64_microsoft.windows.common-controls_6595b64144ccf1df_6.0.26100.7019_none_3e06ffa0e335b8a8\COMCTL32.dll
0x00007ffd717e0000 - 0x00007ffd71883000 	C:\WINDOWS\System32\msvcp_win.dll
0x00007ffd71ec0000 - 0x00007ffd71f69000 	C:\WINDOWS\System32\msvcrt.dll
0x00007ffd73070000 - 0x00007ffd730a1000 	C:\WINDOWS\System32\IMM32.DLL
0x00007ffd61870000 - 0x00007ffd6187c000 	C:\Program Files\Java\jdk-25.0.2\bin\vcruntime140_1.dll
0x00007ffd45bf0000 - 0x00007ffd45c7d000 	C:\Program Files\Java\jdk-25.0.2\bin\msvcp140.dll
0x00007ffce71e0000 - 0x00007ffce803f000 	C:\Program Files\Java\jdk-25.0.2\bin\server\jvm.dll
0x00007ffd73b60000 - 0x00007ffd73c14000 	C:\WINDOWS\System32\ADVAPI32.dll
0x00007ffd73140000 - 0x00007ffd731e6000 	C:\WINDOWS\System32\sechost.dll
0x00007ffd73380000 - 0x00007ffd73498000 	C:\WINDOWS\System32\RPCRT4.dll
0x00007ffd73300000 - 0x00007ffd73374000 	C:\WINDOWS\System32\WS2_32.dll
0x00007ffd70f30000 - 0x00007ffd70f8e000 	C:\WINDOWS\SYSTEM32\POWRPROF.dll
0x00007ffd68300000 - 0x00007ffd6830b000 	C:\WINDOWS\SYSTEM32\VERSION.dll
0x00007ffd6da80000 - 0x00007ffd6dab5000 	C:\WINDOWS\SYSTEM32\WINMM.dll
0x00007ffd70f10000 - 0x00007ffd70f24000 	C:\WINDOWS\SYSTEM32\UMPDC.dll
0x00007ffd6fe50000 - 0x00007ffd6fe6b000 	C:\WINDOWS\SYSTEM32\kernel.appcore.dll
0x00007ffd60860000 - 0x00007ffd6086a000 	C:\Program Files\Java\jdk-25.0.2\bin\jimage.dll
0x00007ffd6e880000 - 0x00007ffd6eac2000 	C:\WINDOWS\SYSTEM32\DBGHELP.DLL
0x00007ffd73650000 - 0x00007ffd739db000 	C:\WINDOWS\System32\combase.dll
0x00007ffd71de0000 - 0x00007ffd71eb7000 	C:\WINDOWS\System32\OLEAUT32.dll
0x00007ffd4cce0000 - 0x00007ffd4cd1c000 	C:\WINDOWS\SYSTEM32\dbgcore.DLL
0x00007ffd71730000 - 0x00007ffd717d5000 	C:\WINDOWS\System32\bcryptPrimitives.dll
0x00007ffd5e6b0000 - 0x00007ffd5e6c0000 	C:\Program Files\Java\jdk-25.0.2\bin\instrument.dll
0x00007ffd5efc0000 - 0x00007ffd5efdf000 	C:\Program Files\Java\jdk-25.0.2\bin\java.dll
0x00007ffd734b0000 - 0x00007ffd73647000 	C:\WINDOWS\System32\ole32.dll
0x00007ffd71fd0000 - 0x00007ffd7271f000 	C:\WINDOWS\System32\SHELL32.dll
0x00007ffd715c0000 - 0x00007ffd7172b000 	C:\WINDOWS\System32\wintypes.dll
0x00007ffd6ecb0000 - 0x00007ffd6f50d000 	C:\WINDOWS\SYSTEM32\windows.storage.dll
0x00007ffd731f0000 - 0x00007ffd732e2000 	C:\WINDOWS\System32\SHCORE.dll
0x00007ffd73aa0000 - 0x00007ffd73b07000 	C:\WINDOWS\System32\shlwapi.dll
0x00007ffd70ff0000 - 0x00007ffd71019000 	C:\WINDOWS\SYSTEM32\profapi.dll
0x00007ffd5e6d0000 - 0x00007ffd5e6e7000 	C:\Program Files\Java\jdk-25.0.2\bin\zip.dll
0x00007ffd5efa0000 - 0x00007ffd5efb2000 	C:\Program Files\Java\jdk-25.0.2\bin\net.dll
0x00007ffd703a0000 - 0x00007ffd7040b000 	C:\WINDOWS\system32\mswsock.dll
0x00007ffd5ee10000 - 0x00007ffd5ee26000 	C:\Program Files\Java\jdk-25.0.2\bin\nio.dll
0x00007ffd5fc40000 - 0x00007ffd5fc50000 	C:\Program Files\Java\jdk-25.0.2\bin\verify.dll
0x00007ffd61cf0000 - 0x00007ffd61d17000 	C:\Users\hp\.gradle\native\1def1411415f61bf3af743bc5b6707747c0891f09f0c88961ee8f79bc544acac\windows-amd64\native-platform.dll
0x00007ffd41d40000 - 0x00007ffd41db8000 	C:\Users\hp\.gradle\native\0.2.7\x86_64-windows-gnu\gradle-fileevents.dll
0x00007ffd5fa70000 - 0x00007ffd5fa7a000 	C:\Program Files\Java\jdk-25.0.2\bin\management.dll
0x00007ffd5ee00000 - 0x00007ffd5ee0c000 	C:\Program Files\Java\jdk-25.0.2\bin\management_ext.dll
0x00007ffd73060000 - 0x00007ffd73068000 	C:\WINDOWS\System32\PSAPI.DLL
0x00007ffd6f990000 - 0x00007ffd6f9c4000 	C:\WINDOWS\SYSTEM32\IPHLPAPI.DLL
0x00007ffd732f0000 - 0x00007ffd732fa000 	C:\WINDOWS\System32\NSI.dll
0x00007ffd5e6c0000 - 0x00007ffd5e6c9000 	C:\Program Files\Java\jdk-25.0.2\bin\extnet.dll
0x00007ffd70790000 - 0x00007ffd707ab000 	C:\WINDOWS\SYSTEM32\CRYPTSP.dll
0x00007ffd6fdb0000 - 0x00007ffd6fdea000 	C:\WINDOWS\system32\rsaenh.dll
0x00007ffd70450000 - 0x00007ffd7047b000 	C:\WINDOWS\SYSTEM32\USERENV.dll
0x00007ffd70fc0000 - 0x00007ffd70fea000 	C:\WINDOWS\SYSTEM32\bcrypt.dll
0x00007ffd705f0000 - 0x00007ffd705fc000 	C:\WINDOWS\SYSTEM32\CRYPTBASE.dll
0x00007ffd5de60000 - 0x00007ffd5de6e000 	C:\Program Files\Java\jdk-25.0.2\bin\sunmscapi.dll
0x00007ffd71ba0000 - 0x00007ffd71d17000 	C:\WINDOWS\System32\CRYPT32.dll
0x00007ffd708e0000 - 0x00007ffd70910000 	C:\WINDOWS\SYSTEM32\ncrypt.dll
0x00007ffd70890000 - 0x00007ffd708cf000 	C:\WINDOWS\SYSTEM32\NTASN1.dll
0x00007ffd3cce0000 - 0x00007ffd3cce8000 	C:\WINDOWS\system32\wshunix.dll

JVMTI agents:
C:\Users\hp\.gradle\wrapper\dists\gradle-8.13-bin\5xuhj0ry160q40clulazy9h7d\gradle-8.13\lib\agents\gradle-instrumentation-agent-8.13.jar path:C:\Program Files\Java\jdk-25.0.2\bin\instrument.dll, loaded, initialized, instrumentlib options:none

dbghelp: loaded successfully - version: 4.0.5 - missing functions: none
symbol engine: initialized successfully - sym options: 0x614 - pdb path: .;C:\Program Files\Java\jdk-25.0.2\bin;C:\WINDOWS\SYSTEM32;C:\WINDOWS\WinSxS\amd64_microsoft.windows.common-controls_6595b64144ccf1df_6.0.26100.7019_none_3e06ffa0e335b8a8;C:\Program Files\Java\jdk-25.0.2\bin\server;C:\Users\hp\.gradle\native\1def1411415f61bf3af743bc5b6707747c0891f09f0c88961ee8f79bc544acac\windows-amd64;C:\Users\hp\.gradle\native\0.2.7\x86_64-windows-gnu

VM Arguments:
jvm_args: --add-opens=java.base/java.lang=ALL-UNNAMED --add-opens=java.base/java.lang.invoke=ALL-UNNAMED --add-opens=java.base/java.util=ALL-UNNAMED --add-opens=java.prefs/java.util.prefs=ALL-UNNAMED --add-exports=jdk.compiler/com.sun.tools.javac.api=ALL-UNNAMED --add-exports=jdk.compiler/com.sun.tools.javac.util=ALL-UNNAMED --add-opens=java.base/java.util=ALL-UNNAMED --add-opens=java.prefs/java.util.prefs=ALL-UNNAMED --add-opens=java.base/java.nio.charset=ALL-UNNAMED --add-opens=java.base/java.net=ALL-UNNAMED --add-opens=java.base/java.util.concurrent.atomic=ALL-UNNAMED --add-opens=java.xml/javax.xml.namespace=ALL-UNNAMED -Xmx2048m -Dfile.encoding=UTF-8 -Duser.country=FR -Duser.language=fr -Duser.variant -javaagent:C:\Users\hp\.gradle\wrapper\dists\gradle-8.13-bin\5xuhj0ry160q40clulazy9h7d\gradle-8.13\lib\agents\gradle-instrumentation-agent-8.13.jar 
java_command: org.gradle.launcher.daemon.bootstrap.GradleDaemon 8.13
java_class_path (initial): C:\Users\hp\.gradle\wrapper\dists\gradle-8.13-bin\5xuhj0ry160q40clulazy9h7d\gradle-8.13\lib\gradle-daemon-main-8.13.jar
Launcher Type: SUN_STANDARD

[Global flags]
     intx CICompilerCount                          = 4                                         {product} {ergonomic}
     uint ConcGCThreads                            = 3                                         {product} {ergonomic}
     uint G1ConcRefinementThreads                  = 10                                        {product} {ergonomic}
   size_t G1HeapRegionSize                         = 1048576                                   {product} {ergonomic}
   size_t InitialHeapSize                          = 264241152                                 {product} {ergonomic}
   size_t MarkStackSize                            = 4194304                                   {product} {ergonomic}
   size_t MarkStackSizeMax                         = 536870912                                 {product} {ergonomic}
   size_t MaxHeapSize                              = 2147483648                                {product} {command line}
   size_t MaxNewSize                               = 1287651328                                {product} {ergonomic}
   size_t MinHeapDeltaBytes                        = 1048576                                   {product} {ergonomic}
   size_t MinHeapSize                              = 8388608                                   {product} {ergonomic}
    uintx NonNMethodCodeHeapSize                   = 5832704                                {pd product} {ergonomic}
    uintx NonProfiledCodeHeapSize                  = 122945536                              {pd product} {ergonomic}
    uintx ProfiledCodeHeapSize                     = 122880000                              {pd product} {ergonomic}
    uintx ReservedCodeCacheSize                    = 251658240                              {pd product} {ergonomic}
     bool SegmentedCodeCache                       = true                                      {product} {ergonomic}
   size_t SoftMaxHeapSize                          = 2147483648                             {manageable} {ergonomic}
     bool UseCompressedOops                        = true                           {product lp64_product} {ergonomic}
     bool UseG1GC                                  = true                                      {product} {ergonomic}
     bool UseLargePagesIndividualAllocation        = false                                  {pd product} {ergonomic}

Logging:
Log output configuration:
 #0: stdout all=warning uptime,level,tags foldmultilines=false
 #1: stderr all=off uptime,level,tags foldmultilines=false

Release file:
IMPLEMENTOR="Oracle Corporation" 
JAVA_RUNTIME_VERSION="25.0.2+10-LTS-69" 
JAVA_VERSION="25.0.2" 
JAVA_VERSION_DATE="2026-01-20" 
LIBC="default" 
MODULES="java.base java.compiler java.datatransfer java.xml java.prefs java.desktop java.instrument java.logging java.management java.security.sasl java.naming java.rmi java.management.rmi java.net.http java.scripting java.security.jgss java.transaction.xa java.sql java.sql.rowset java.xml.crypto java.se java.smartcardio jdk.accessibility jdk.internal.jvmstat jdk.attach jdk.charsets jdk.internal.opt jdk.zipfs jdk.compiler jdk.crypto.cryptoki jdk.crypto.ec jdk.crypto.mscapi jdk.dynalink jdk.internal.ed jdk.editpad jdk.internal.vm.ci jdk.graal.compiler jdk.graal.compiler.management jdk.hotspot.agent jdk.httpserver jdk.incubator.vector jdk.internal.le jdk.internal.md jdk.jartool jdk.javadoc jdk.jcmd jdk.management jdk.management.agent jdk.jconsole jdk.jdeps jdk.jdwp.agent jdk.jdi jdk.jfr jdk.jlink jdk.jpackage jdk.jshell jdk.jsobject jdk.jstatd jdk.localedata jdk.management.jfr jdk.naming.dns jdk.naming.rmi jdk.net jdk.nio.mapmode jdk.sctp jdk.security.auth jdk.security.jgss jdk.unsupported jdk.unsupported.desktop jdk.xml.dom" 
OS_ARCH="x86_64" 
OS_NAME="Windows" 
SOURCE=".:git:b75efb40c93a open:git:405a5699ebd0" 

Environment Variables:
CLASSPATH=C:\warch33\\gradle\wrapper\gradle-wrapper.jar
PATH=C:\Program Files\Common Files\Oracle\Java\javapath;C:\WINDOWS\system32;C:\WINDOWS;C:\WINDOWS\System32\Wbem;C:\WINDOWS\System32\WindowsPowerShell\v1.0\;C:\WINDOWS\System32\OpenSSH\;C:\Program Files\Git\cmd;C:\Users\hp\AppData\Local\Microsoft\WindowsApps;
USERNAME=hp
TMP=C:\Users\hp\AppData\Local\Temp
TEMP=C:\Users\hp\AppData\Local\Temp




Compilation memory statistics disabled.

Periodic native trim disabled

---------------  S Y S T E M  ---------------

OS:
 Windows 11 , 64 bit Build 26100 (10.0.26100.7019)
OS uptime: 0 days 0:34 hours
Hyper-V role detected

CPU: total 12 (initial active 12) (6 cores per cpu, 2 threads per core) family 6 model 154 stepping 4 microcode 0x437, cx8, cmov, fxsr, ht, mmx, 3dnowpref, sse, sse2, sse3, ssse3, sse4.1, sse4.2, popcnt, lzcnt, tsc, tscinvbit, avx, avx2, aes, erms, clmul, bmi1, bmi2, adx, sha, fma, vzeroupper, clflush, clflushopt, clwb, hv, serialize, rdtscp, rdpid, fsrm, gfni, f16c, cet_ibt, cet_ss
Processor Information for the first 12 processors :
  Max Mhz: 1300, Current Mhz: 1300, Mhz Limit: 1300

Memory: 4k page, system-wide physical 16016M (3119M free)
TotalPageFile size 16016M (AvailPageFile size 256M)
current process WorkingSet (physical memory assigned to process): 315M, peak: 315M
current process commit charge ("private bytes"): 364M, peak: 447M

vm_info: Java HotSpot(TM) 64-Bit Server VM (25.0.2+10-LTS-69) for windows-amd64 JRE (25.0.2+10-LTS-69), built on 2025-12-18T11:36:35Z with MS VC++ 17.13 (VS2022)

END.
