#
# There is insufficient memory for the Java Runtime Environment to continue.
# Native memory allocation (mmap) failed to map 131072000 bytes. Error detail: G1 virtual space
# Possible reasons:
#   The system is out of physical RAM or swap space
#   This process is running with CompressedOops enabled, and the Java Heap may be blocking the growth of the native heap
# Possible solutions:
#   Reduce memory load on the system
#   Increase physical memory or swap space
#   Check if swap backing store is full
#   Decrease Java heap size (-Xmx/-Xms)
#   Decrease number of Java threads
#   Decrease Java thread stack sizes (-Xss)
#   Set larger code cache with -XX:ReservedCodeCacheSize=
#   JVM is running with Unscaled Compressed Oops mode in which the Java heap is
#     placed in the first 4GB address space. The Java Heap base address is the
#     maximum limit for the native heap growth. Please use -XX:HeapBaseMinAddress
#     to set the Java Heap base and to place the Java Heap above 4GB virtual address.
# This output file may be truncated or incomplete.
#
#  Out of Memory Error (os_windows.cpp:3925), pid=5224, tid=18376
#
# JRE version: OpenJDK Runtime Environment (21.0.9) (build 21.0.9+-14649483-b1163.86)
# Java VM: OpenJDK 64-Bit Server VM (21.0.9+-14649483-b1163.86, mixed mode, tiered, compressed oops, compressed class ptrs, g1 gc, windows-amd64)
# No core dump will be written. Minidumps are not enabled by default on client versions of Windows
#

---------------  S U M M A R Y ------------

Command Line: --add-opens=java.base/java.lang=ALL-UNNAMED --add-opens=java.base/java.lang.invoke=ALL-UNNAMED --add-opens=java.base/java.util=ALL-UNNAMED --add-opens=java.prefs/java.util.prefs=ALL-UNNAMED --add-exports=jdk.compiler/com.sun.tools.javac.api=ALL-UNNAMED --add-exports=jdk.compiler/com.sun.tools.javac.util=ALL-UNNAMED --add-opens=java.base/java.util=ALL-UNNAMED --add-opens=java.prefs/java.util.prefs=ALL-UNNAMED --add-opens=java.base/java.nio.charset=ALL-UNNAMED --add-opens=java.base/java.net=ALL-UNNAMED --add-opens=java.base/java.util.concurrent.atomic=ALL-UNNAMED --add-opens=java.xml/javax.xml.namespace=ALL-UNNAMED -Xmx2048m -Dfile.encoding=UTF-8 -Duser.country=FR -Duser.language=fr -Duser.variant -javaagent:C:\Users\hp\.gradle\wrapper\dists\gradle-8.13-bin\5xuhj0ry160q40clulazy9h7d\gradle-8.13\lib\agents\gradle-instrumentation-agent-8.13.jar org.gradle.launcher.daemon.bootstrap.GradleDaemon 8.13

Host: 12th Gen Intel(R) Core(TM) i5-1235U, 12 cores, 15G,  Windows 11 , 64 bit Build 26100 (10.0.26100.7019)
Time: Sat Feb 21 20:14:43 2026 Paris, Madrid elapsed time: 14.246150 seconds (0d 0h 0m 14s)

---------------  T H R E A D  ---------------

Current thread (0x0000027545639390):  VMThread "VM Thread"          [id=18376, stack(0x000000f2f1800000,0x000000f2f1900000) (1024K)]

Stack: [0x000000f2f1800000,0x000000f2f1900000]
Native frames: (J=compiled Java code, j=interpreted, Vv=VM code, C=native code)
V  [jvm.dll+0x6d6c99]
V  [jvm.dll+0x866b83]
V  [jvm.dll+0x86919e]
V  [jvm.dll+0x869883]
V  [jvm.dll+0x280776]
V  [jvm.dll+0x6d3555]
V  [jvm.dll+0x6c6bea]
V  [jvm.dll+0x3587fb]
V  [jvm.dll+0x360476]
V  [jvm.dll+0x3b2646]
V  [jvm.dll+0x3b2918]
V  [jvm.dll+0x32af0c]
V  [jvm.dll+0x32af97]
V  [jvm.dll+0x370e7c]
V  [jvm.dll+0x36f62e]
V  [jvm.dll+0x32a661]
V  [jvm.dll+0x36ed30]
V  [jvm.dll+0x86f608]
V  [jvm.dll+0x870984]
V  [jvm.dll+0x870ec0]
V  [jvm.dll+0x871153]
V  [jvm.dll+0x80f118]
V  [jvm.dll+0x6d54ed]
C  [ucrtbase.dll+0x37b0]
C  [KERNEL32.DLL+0x2e8d7]
C  [ntdll.dll+0x8c53c]

VM_Operation (0x000000f2f36f1310): G1CollectForAllocation, mode: safepoint, requested by thread 0x000002754bbd05f0


---------------  P R O C E S S  ---------------

Threads class SMR info:
_java_thread_list=0x000002754a4f6f50, length=48, elements={
0x000002752da2a430, 0x000002754568a680, 0x000002754569baf0, 0x000002754569c160,
0x00000275456b0bc0, 0x00000275456b1230, 0x00000275456b1cb0, 0x00000275456b2320,
0x00000275456d92d0, 0x00000275456db990, 0x000002754a0f6850, 0x000002754bbd1310,
0x000002754bbd0c80, 0x000002754bbd2030, 0x000002754bbd26c0, 0x000002754bbcf8d0,
0x000002754bbcff60, 0x000002754bbd05f0, 0x000002754c355230, 0x000002754c3565e0,
0x000002754c358d40, 0x000002754c358020, 0x000002754c356c70, 0x000002754c357300,
0x000002754c3558c0, 0x000002754c3593d0, 0x000002754c355f50, 0x000002754c35ae10,
0x000002754c359a60, 0x000002754c35a0f0, 0x000002754c35a780, 0x000002754c357990,
0x000002754c35b4a0, 0x000002754c35bb30, 0x000002754c35c1c0, 0x000002754c35c850,
0x000002754c95e250, 0x000002754c95e8e0, 0x000002754c95b460, 0x000002754c95dbc0,
0x000002754c95f600, 0x000002754c95c810, 0x000002754c960320, 0x000002754c9609b0,
0x000002754a17b530, 0x000002754c961040, 0x000002754c9623f0, 0x000002754a177eb0
}

Java Threads: ( => current thread )
  0x000002752da2a430 JavaThread "main"                              [_thread_blocked, id=16244, stack(0x000000f2f1100000,0x000000f2f1200000) (1024K)]
  0x000002754568a680 JavaThread "Common-Cleaner"             daemon [_thread_blocked, id=11168, stack(0x000000f2f1900000,0x000000f2f1a00000) (1024K)]
  0x000002754569baf0 JavaThread "Reference Handler"          daemon [_thread_blocked, id=13772, stack(0x000000f2f1a00000,0x000000f2f1b00000) (1024K)]
  0x000002754569c160 JavaThread "Finalizer"                  daemon [_thread_blocked, id=17224, stack(0x000000f2f1b00000,0x000000f2f1c00000) (1024K)]
  0x00000275456b0bc0 JavaThread "Signal Dispatcher"          daemon [_thread_blocked, id=7288, stack(0x000000f2f1c00000,0x000000f2f1d00000) (1024K)]
  0x00000275456b1230 JavaThread "Attach Listener"            daemon [_thread_blocked, id=11744, stack(0x000000f2f1d00000,0x000000f2f1e00000) (1024K)]
  0x00000275456b1cb0 JavaThread "Service Thread"             daemon [_thread_blocked, id=14316, stack(0x000000f2f1e00000,0x000000f2f1f00000) (1024K)]
  0x00000275456b2320 JavaThread "Monitor Deflation Thread"   daemon [_thread_blocked, id=16612, stack(0x000000f2f1f00000,0x000000f2f2000000) (1024K)]
  0x00000275456d92d0 JavaThread "C2 CompilerThread0"         daemon [_thread_blocked, id=9852, stack(0x000000f2f2000000,0x000000f2f2100000) (1024K)]
  0x00000275456db990 JavaThread "C1 CompilerThread0"         daemon [_thread_blocked, id=11236, stack(0x000000f2f2100000,0x000000f2f2200000) (1024K)]
  0x000002754a0f6850 JavaThread "Notification Thread"        daemon [_thread_blocked, id=16704, stack(0x000000f2f2200000,0x000000f2f2300000) (1024K)]
  0x000002754bbd1310 JavaThread "Daemon health stats"               [_thread_blocked, id=15680, stack(0x000000f2f2a00000,0x000000f2f2b00000) (1024K)]
  0x000002754bbd0c80 JavaThread "Incoming local TCP Connector on port 59517"        [_thread_in_native, id=18220, stack(0x000000f2f2b00000,0x000000f2f2c00000) (1024K)]
  0x000002754bbd2030 JavaThread "Daemon periodic checks"            [_thread_blocked, id=3996, stack(0x000000f2f2c00000,0x000000f2f2d00000) (1024K)]
  0x000002754bbd26c0 JavaThread "Daemon"                            [_thread_blocked, id=10060, stack(0x000000f2f2d00000,0x000000f2f2e00000) (1024K)]
  0x000002754bbcf8d0 JavaThread "Handler for socket connection from /127.0.0.1:59517 to /127.0.0.1:59518"        [_thread_in_native, id=2784, stack(0x000000f2f2e00000,0x000000f2f2f00000) (1024K)]
  0x000002754bbcff60 JavaThread "Cancel handler"                    [_thread_blocked, id=14392, stack(0x000000f2f3500000,0x000000f2f3600000) (1024K)]
  0x000002754bbd05f0 JavaThread "Daemon worker"                     [_thread_blocked, id=15396, stack(0x000000f2f3600000,0x000000f2f3700000) (1024K)]
  0x000002754c355230 JavaThread "Asynchronous log dispatcher for DefaultDaemonConnection: socket connection from /127.0.0.1:59517 to /127.0.0.1:59518"        [_thread_blocked, id=1192, stack(0x000000f2f3700000,0x000000f2f3800000) (1024K)]
  0x000002754c3565e0 JavaThread "Stdin handler"                     [_thread_blocked, id=5344, stack(0x000000f2f3800000,0x000000f2f3900000) (1024K)]
  0x000002754c358d40 JavaThread "Daemon client event forwarder"        [_thread_blocked, id=11292, stack(0x000000f2f3900000,0x000000f2f3a00000) (1024K)]
  0x000002754c358020 JavaThread "Cache worker for journal cache (C:\Users\hp\.gradle\caches\journal-1)"        [_thread_blocked, id=6352, stack(0x000000f2f3a00000,0x000000f2f3b00000) (1024K)]
  0x000002754c356c70 JavaThread "File lock request listener"        [_thread_in_native, id=14084, stack(0x000000f2f3b00000,0x000000f2f3c00000) (1024K)]
  0x000002754c357300 JavaThread "Cache worker for file hash cache (C:\Users\hp\.gradle\caches\8.13\fileHashes)"        [_thread_blocked, id=13528, stack(0x000000f2f3c00000,0x000000f2f3d00000) (1024K)]
  0x000002754c3558c0 JavaThread "Cache worker for file hash cache (C:\warch33\.gradle\8.13\fileHashes)"        [_thread_blocked, id=17916, stack(0x000000f2f3d00000,0x000000f2f3e00000) (1024K)]
  0x000002754c3593d0 JavaThread "Cache worker for Build Output Cleanup Cache (C:\warch33\.gradle\buildOutputCleanup)"        [_thread_blocked, id=16680, stack(0x000000f2f3e00000,0x000000f2f3f00000) (1024K)]
  0x000002754c355f50 JavaThread "File watcher server"        daemon [_thread_in_native, id=17804, stack(0x000000f2f3f00000,0x000000f2f4000000) (1024K)]
  0x000002754c35ae10 JavaThread "File watcher consumer"      daemon [_thread_blocked, id=17148, stack(0x000000f2f4000000,0x000000f2f4100000) (1024K)]
  0x000002754c359a60 JavaThread "jar transforms"                    [_thread_blocked, id=2372, stack(0x000000f2f2300000,0x000000f2f2400000) (1024K)]
  0x000002754c35a0f0 JavaThread "jar transforms Thread 2"           [_thread_blocked, id=3464, stack(0x000000f2f2900000,0x000000f2f2a00000) (1024K)]
  0x000002754c35a780 JavaThread "jar transforms Thread 3"           [_thread_blocked, id=17696, stack(0x000000f2f4100000,0x000000f2f4200000) (1024K)]
  0x000002754c357990 JavaThread "jar transforms Thread 4"           [_thread_blocked, id=3396, stack(0x000000f2f4200000,0x000000f2f4300000) (1024K)]
  0x000002754c35b4a0 JavaThread "jar transforms Thread 5"           [_thread_blocked, id=12856, stack(0x000000f2f4300000,0x000000f2f4400000) (1024K)]
  0x000002754c35bb30 JavaThread "jar transforms Thread 6"           [_thread_blocked, id=4904, stack(0x000000f2f4400000,0x000000f2f4500000) (1024K)]
  0x000002754c35c1c0 JavaThread "jar transforms Thread 7"           [_thread_blocked, id=17648, stack(0x000000f2f4500000,0x000000f2f4600000) (1024K)]
  0x000002754c35c850 JavaThread "jar transforms Thread 8"           [_thread_blocked, id=17036, stack(0x000000f2f4600000,0x000000f2f4700000) (1024K)]
  0x000002754c95e250 JavaThread "jar transforms Thread 9"           [_thread_blocked, id=17056, stack(0x000000f2f4700000,0x000000f2f4800000) (1024K)]
  0x000002754c95e8e0 JavaThread "jar transforms Thread 10"          [_thread_blocked, id=17756, stack(0x000000f2f4800000,0x000000f2f4900000) (1024K)]
  0x000002754c95b460 JavaThread "jar transforms Thread 11"          [_thread_blocked, id=11664, stack(0x000000f2f4900000,0x000000f2f4a00000) (1024K)]
  0x000002754c95dbc0 JavaThread "jar transforms Thread 12"          [_thread_blocked, id=15524, stack(0x000000f2f4a00000,0x000000f2f4b00000) (1024K)]
  0x000002754c95f600 JavaThread "Cache worker for checksums cache (C:\warch33\.gradle\8.13\checksums)"        [_thread_blocked, id=17160, stack(0x000000f2f4d00000,0x000000f2f4e00000) (1024K)]
  0x000002754c95c810 JavaThread "Cache worker for file content cache (C:\Users\hp\.gradle\caches\8.13\fileContent)"        [_thread_blocked, id=16428, stack(0x000000f2f4e00000,0x000000f2f4f00000) (1024K)]
  0x000002754c960320 JavaThread "Cache worker for cache directory md-supplier (C:\Users\hp\.gradle\caches\8.13\md-supplier)"        [_thread_blocked, id=5348, stack(0x000000f2f4b00000,0x000000f2f4c00000) (1024K)]
  0x000002754c9609b0 JavaThread "Cache worker for cache directory md-rule (C:\Users\hp\.gradle\caches\8.13\md-rule)"        [_thread_blocked, id=1384, stack(0x000000f2f4c00000,0x000000f2f4d00000) (1024K)]
  0x000002754a17b530 JavaThread "C2 CompilerThread1"         daemon [_thread_blocked, id=15848, stack(0x000000f2f4f00000,0x000000f2f5000000) (1024K)]
  0x000002754c961040 JavaThread "Unconstrained build operations"        [_thread_blocked, id=8072, stack(0x000000f2f5000000,0x000000f2f5100000) (1024K)]
  0x000002754c9623f0 JavaThread "Unconstrained build operations Thread 2"        [_thread_blocked, id=1884, stack(0x000000f2f5100000,0x000000f2f5200000) (1024K)]
  0x000002754a177eb0 JavaThread "C2 CompilerThread2"         daemon [_thread_blocked, id=1612, stack(0x000000f2f5200000,0x000000f2f5300000) (1024K)]
Total: 48

Other Threads:
=>0x0000027545639390 VMThread "VM Thread"                           [id=18376, stack(0x000000f2f1800000,0x000000f2f1900000) (1024K)]
  0x0000027545524610 WatcherThread "VM Periodic Task Thread"        [id=11432, stack(0x000000f2f1700000,0x000000f2f1800000) (1024K)]
  0x000002752da837c0 WorkerThread "GC Thread#0"                     [id=13480, stack(0x000000f2f1200000,0x000000f2f1300000) (1024K)]
  0x000002754a338ba0 WorkerThread "GC Thread#1"                     [id=17052, stack(0x000000f2f2400000,0x000000f2f2500000) (1024K)]
  0x000002754a338f40 WorkerThread "GC Thread#2"                     [id=4404, stack(0x000000f2f2500000,0x000000f2f2600000) (1024K)]
  0x000002754a3392e0 WorkerThread "GC Thread#3"                     [id=5900, stack(0x000000f2f2600000,0x000000f2f2700000) (1024K)]
  0x000002754a339680 WorkerThread "GC Thread#4"                     [id=8516, stack(0x000000f2f2700000,0x000000f2f2800000) (1024K)]
  0x000002754a5dd4e0 WorkerThread "GC Thread#5"                     [id=15140, stack(0x000000f2f2800000,0x000000f2f2900000) (1024K)]
  0x000002754c57e380 WorkerThread "GC Thread#6"                     [id=17552, stack(0x000000f2f2f00000,0x000000f2f3000000) (1024K)]
  0x000002754c57e720 WorkerThread "GC Thread#7"                     [id=13896, stack(0x000000f2f3000000,0x000000f2f3100000) (1024K)]
  0x000002754c57eac0 WorkerThread "GC Thread#8"                     [id=7964, stack(0x000000f2f3100000,0x000000f2f3200000) (1024K)]
  0x000002754c437610 WorkerThread "GC Thread#9"                     [id=16288, stack(0x000000f2f3200000,0x000000f2f3300000) (1024K)]
  0x000002752da94980 ConcurrentGCThread "G1 Main Marker"            [id=17684, stack(0x000000f2f1300000,0x000000f2f1400000) (1024K)]
  0x000002752da97dc0 WorkerThread "G1 Conc#0"                       [id=17244, stack(0x000000f2f1400000,0x000000f2f1500000) (1024K)]
  0x000002754c4379b0 WorkerThread "G1 Conc#1"                       [id=13840, stack(0x000000f2f3300000,0x000000f2f3400000) (1024K)]
  0x000002754c438830 WorkerThread "G1 Conc#2"                       [id=17928, stack(0x000000f2f3400000,0x000000f2f3500000) (1024K)]
  0x00000275454798a0 ConcurrentGCThread "G1 Refine#0"               [id=17912, stack(0x000000f2f1500000,0x000000f2f1600000) (1024K)]
  0x0000027545479dd0 ConcurrentGCThread "G1 Service"                [id=8044, stack(0x000000f2f1600000,0x000000f2f1700000) (1024K)]
Total: 18

Threads with active compile tasks:
C2 CompilerThread0  14260 6638   !   4       java.util.regex.Pattern::matcher (44 bytes)
C2 CompilerThread1  14260 6621       4       com.google.common.collect.AbstractIterator::hasNext (65 bytes)
C2 CompilerThread2  14260 6639       4       java.util.regex.Matcher::<init> (95 bytes)
Total: 3

VM state: at safepoint (normal execution)

VM Mutex/Monitor currently owned by a thread:  ([mutex/lock_event])
[0x00007ff95cef8690] Threads_lock - owner thread: 0x0000027545639390
[0x00007ff95cef8790] Heap_lock - owner thread: 0x000002754bbd05f0

Heap address: 0x0000000080000000, size: 2048 MB, Compressed Oops mode: 32-bit

CDS archive(s) not mapped
Compressed class space mapped at: 0x0000000100000000-0x0000000140000000, reserved size: 1073741824
Narrow klass base: 0x0000000000000000, Narrow klass shift: 3, Narrow klass range: 0x140000000

GC Precious Log:
 CardTable entry size: 512
 Card Set container configuration: InlinePtr #cards 5 size 8 Array Of Cards #cards 12 size 40 Howl #buckets 4 coarsen threshold 1843 Howl Bitmap #cards 512 size 80 coarsen threshold 460 Card regions per heap region 1 cards per card region 2048
 CPUs: 12 total, 12 available
 Memory: 16016M
 Large Page Support: Disabled
 NUMA Support: Disabled
 Compressed Oops: Enabled (32-bit)
 Heap Region Size: 1M
 Heap Min Capacity: 8M
 Heap Initial Capacity: 252M
 Heap Max Capacity: 2G
 Pre-touch: Disabled
 Parallel Workers: 10
 Concurrent Workers: 3
 Concurrent Refinement Workers: 10
 Periodic GC: Disabled

Heap:
 garbage-first heap   total 140288K, used 68672K [0x0000000080000000, 0x0000000100000000)
  region size 1024K, 1 young (1024K), 1 survivors (1024K)
 Metaspace       used 64251K, committed 65728K, reserved 1114112K
  class space    used 9079K, committed 9792K, reserved 1048576K

Heap Regions: E=young(eden), S=young(survivor), O=old, HS=humongous(starts), HC=humongous(continues), CS=collection set, F=free, TAMS=top-at-mark-start, PB=parsable bottom
|   0|0x0000000080000000, 0x0000000080100000, 0x0000000080100000|100%|HS|  |TAMS 0x0000000080000000| PB 0x0000000080000000| Complete 
|   1|0x0000000080100000, 0x0000000080200000, 0x0000000080200000|100%|HC|  |TAMS 0x0000000080100000| PB 0x0000000080100000| Complete 
|   2|0x0000000080200000, 0x0000000080300000, 0x0000000080300000|100%|HC|  |TAMS 0x0000000080200000| PB 0x0000000080200000| Complete 
|   3|0x0000000080300000, 0x0000000080400000, 0x0000000080400000|100%| O|  |TAMS 0x0000000080300000| PB 0x0000000080300000| Untracked 
|   4|0x0000000080400000, 0x00000000804f0ef8, 0x0000000080500000| 94%| O|  |TAMS 0x0000000080400000| PB 0x0000000080400000| Untracked 
|   5|0x0000000080500000, 0x0000000080600000, 0x0000000080600000|100%|HS|  |TAMS 0x0000000080500000| PB 0x0000000080500000| Complete 
|   6|0x0000000080600000, 0x0000000080700000, 0x0000000080700000|100%| O|  |TAMS 0x0000000080600000| PB 0x0000000080600000| Untracked 
|   7|0x0000000080700000, 0x0000000080800000, 0x0000000080800000|100%| O|  |TAMS 0x0000000080700000| PB 0x0000000080700000| Untracked 
|   8|0x0000000080800000, 0x0000000080900000, 0x0000000080900000|100%| O|  |TAMS 0x0000000080800000| PB 0x0000000080800000| Untracked 
|   9|0x0000000080900000, 0x0000000080a00000, 0x0000000080a00000|100%| O|  |TAMS 0x0000000080900000| PB 0x0000000080900000| Untracked 
|  10|0x0000000080a00000, 0x0000000080b00000, 0x0000000080b00000|100%| O|  |TAMS 0x0000000080a00000| PB 0x0000000080a00000| Untracked 
|  11|0x0000000080b00000, 0x0000000080c00000, 0x0000000080c00000|100%| O|  |TAMS 0x0000000080b00000| PB 0x0000000080b00000| Untracked 
|  12|0x0000000080c00000, 0x0000000080d00000, 0x0000000080d00000|100%| O|  |TAMS 0x0000000080c00000| PB 0x0000000080c00000| Untracked 
|  13|0x0000000080d00000, 0x0000000080e00000, 0x0000000080e00000|100%| O|  |TAMS 0x0000000080d00000| PB 0x0000000080d00000| Untracked 
|  14|0x0000000080e00000, 0x0000000080f00000, 0x0000000080f00000|100%| O|  |TAMS 0x0000000080e00000| PB 0x0000000080e00000| Untracked 
|  15|0x0000000080f00000, 0x0000000081000000, 0x0000000081000000|100%| O|  |TAMS 0x0000000080f00000| PB 0x0000000080f00000| Untracked 
|  16|0x0000000081000000, 0x0000000081100000, 0x0000000081100000|100%| O|  |TAMS 0x0000000081000000| PB 0x0000000081000000| Untracked 
|  17|0x0000000081100000, 0x0000000081200000, 0x0000000081200000|100%|HS|  |TAMS 0x0000000081100000| PB 0x0000000081100000| Complete 
|  18|0x0000000081200000, 0x0000000081300000, 0x0000000081300000|100%|HC|  |TAMS 0x0000000081200000| PB 0x0000000081200000| Complete 
|  19|0x0000000081300000, 0x0000000081400000, 0x0000000081400000|100%|HC|  |TAMS 0x0000000081300000| PB 0x0000000081300000| Complete 
|  20|0x0000000081400000, 0x0000000081500000, 0x0000000081500000|100%|HC|  |TAMS 0x0000000081400000| PB 0x0000000081400000| Complete 
|  21|0x0000000081500000, 0x0000000081600000, 0x0000000081600000|100%|HC|  |TAMS 0x0000000081500000| PB 0x0000000081500000| Complete 
|  22|0x0000000081600000, 0x0000000081700000, 0x0000000081700000|100%|HC|  |TAMS 0x0000000081600000| PB 0x0000000081600000| Complete 
|  23|0x0000000081700000, 0x0000000081800000, 0x0000000081800000|100%|HS|  |TAMS 0x0000000081700000| PB 0x0000000081700000| Complete 
|  24|0x0000000081800000, 0x0000000081900000, 0x0000000081900000|100%|HC|  |TAMS 0x0000000081800000| PB 0x0000000081800000| Complete 
|  25|0x0000000081900000, 0x0000000081a00000, 0x0000000081a00000|100%|HS|  |TAMS 0x0000000081900000| PB 0x0000000081900000| Complete 
|  26|0x0000000081a00000, 0x0000000081b00000, 0x0000000081b00000|100%|HS|  |TAMS 0x0000000081a00000| PB 0x0000000081a00000| Complete 
|  27|0x0000000081b00000, 0x0000000081c00000, 0x0000000081c00000|100%|HC|  |TAMS 0x0000000081b00000| PB 0x0000000081b00000| Complete 
|  28|0x0000000081c00000, 0x0000000081d00000, 0x0000000081d00000|100%|HC|  |TAMS 0x0000000081c00000| PB 0x0000000081c00000| Complete 
|  29|0x0000000081d00000, 0x0000000081e00000, 0x0000000081e00000|100%|HC|  |TAMS 0x0000000081d00000| PB 0x0000000081d00000| Complete 
|  30|0x0000000081e00000, 0x0000000081f00000, 0x0000000081f00000|100%|HC|  |TAMS 0x0000000081e00000| PB 0x0000000081e00000| Complete 
|  31|0x0000000081f00000, 0x0000000082000000, 0x0000000082000000|100%|HC|  |TAMS 0x0000000081f00000| PB 0x0000000081f00000| Complete 
|  32|0x0000000082000000, 0x0000000082100000, 0x0000000082100000|100%|HS|  |TAMS 0x0000000082000000| PB 0x0000000082000000| Complete 
|  33|0x0000000082100000, 0x0000000082200000, 0x0000000082200000|100%|HC|  |TAMS 0x0000000082100000| PB 0x0000000082100000| Complete 
|  34|0x0000000082200000, 0x0000000082300000, 0x0000000082300000|100%|HS|  |TAMS 0x0000000082200000| PB 0x0000000082200000| Complete 
|  35|0x0000000082300000, 0x0000000082400000, 0x0000000082400000|100%| O|  |TAMS 0x0000000082300000| PB 0x0000000082300000| Untracked 
|  36|0x0000000082400000, 0x0000000082500000, 0x0000000082500000|100%| O|  |TAMS 0x0000000082400000| PB 0x0000000082400000| Untracked 
|  37|0x0000000082500000, 0x0000000082600000, 0x0000000082600000|100%| O|  |TAMS 0x0000000082500000| PB 0x0000000082500000| Untracked 
|  38|0x0000000082600000, 0x0000000082700000, 0x0000000082700000|100%| O|  |TAMS 0x0000000082600000| PB 0x0000000082600000| Untracked 
|  39|0x0000000082700000, 0x0000000082800000, 0x0000000082800000|100%| O|  |TAMS 0x0000000082700000| PB 0x0000000082700000| Untracked 
|  40|0x0000000082800000, 0x0000000082900000, 0x0000000082900000|100%| O|  |TAMS 0x0000000082800000| PB 0x0000000082800000| Untracked 
|  41|0x0000000082900000, 0x0000000082a00000, 0x0000000082a00000|100%| O|  |TAMS 0x0000000082900000| PB 0x0000000082900000| Untracked 
|  42|0x0000000082a00000, 0x0000000082b00000, 0x0000000082b00000|100%| O|  |TAMS 0x0000000082a00000| PB 0x0000000082a00000| Untracked 
|  43|0x0000000082b00000, 0x0000000082c00000, 0x0000000082c00000|100%| O|  |TAMS 0x0000000082b00000| PB 0x0000000082b00000| Untracked 
|  44|0x0000000082c00000, 0x0000000082d00000, 0x0000000082d00000|100%| O|  |TAMS 0x0000000082c00000| PB 0x0000000082c00000| Untracked 
|  45|0x0000000082d00000, 0x0000000082e00000, 0x0000000082e00000|100%| O|  |TAMS 0x0000000082d00000| PB 0x0000000082d00000| Untracked 
|  46|0x0000000082e00000, 0x0000000082f00000, 0x0000000082f00000|100%| O|  |TAMS 0x0000000082e00000| PB 0x0000000082e00000| Untracked 
|  47|0x0000000082f00000, 0x0000000083000000, 0x0000000083000000|100%| O|  |TAMS 0x0000000082f00000| PB 0x0000000082f00000| Untracked 
|  48|0x0000000083000000, 0x0000000083100000, 0x0000000083100000|100%| O|  |TAMS 0x0000000083000000| PB 0x0000000083000000| Untracked 
|  49|0x0000000083100000, 0x0000000083200000, 0x0000000083200000|100%|HS|  |TAMS 0x0000000083100000| PB 0x0000000083100000| Complete 
|  50|0x0000000083200000, 0x0000000083300000, 0x0000000083300000|100%| O|  |TAMS 0x0000000083200000| PB 0x0000000083200000| Untracked 
|  51|0x0000000083300000, 0x0000000083400000, 0x0000000083400000|100%| O|  |TAMS 0x0000000083300000| PB 0x0000000083300000| Untracked 
|  52|0x0000000083400000, 0x0000000083500000, 0x0000000083500000|100%| O|  |TAMS 0x0000000083400000| PB 0x0000000083400000| Untracked 
|  53|0x0000000083500000, 0x0000000083600000, 0x0000000083600000|100%| O|  |TAMS 0x0000000083500000| PB 0x0000000083500000| Untracked 
|  54|0x0000000083600000, 0x0000000083700000, 0x0000000083700000|100%| O|  |TAMS 0x0000000083600000| PB 0x0000000083600000| Untracked 
|  55|0x0000000083700000, 0x0000000083800000, 0x0000000083800000|100%| O|  |TAMS 0x0000000083700000| PB 0x0000000083700000| Untracked 
|  56|0x0000000083800000, 0x0000000083900000, 0x0000000083900000|100%| O|  |TAMS 0x0000000083800000| PB 0x0000000083800000| Untracked 
|  57|0x0000000083900000, 0x0000000083981cf0, 0x0000000083a00000| 50%| O|  |TAMS 0x0000000083900000| PB 0x0000000083900000| Untracked 
|  58|0x0000000083a00000, 0x0000000083a00000, 0x0000000083b00000|  0%| F|  |TAMS 0x0000000083a00000| PB 0x0000000083a00000| Untracked 
|  59|0x0000000083b00000, 0x0000000083b00000, 0x0000000083c00000|  0%| F|  |TAMS 0x0000000083b00000| PB 0x0000000083b00000| Untracked 
|  60|0x0000000083c00000, 0x0000000083c00000, 0x0000000083d00000|  0%| F|  |TAMS 0x0000000083c00000| PB 0x0000000083c00000| Untracked 
|  61|0x0000000083d00000, 0x0000000083d00000, 0x0000000083e00000|  0%| F|  |TAMS 0x0000000083d00000| PB 0x0000000083d00000| Untracked 
|  62|0x0000000083e00000, 0x0000000083e00000, 0x0000000083f00000|  0%| F|  |TAMS 0x0000000083e00000| PB 0x0000000083e00000| Untracked 
|  63|0x0000000083f00000, 0x0000000083f00000, 0x0000000084000000|  0%| F|  |TAMS 0x0000000083f00000| PB 0x0000000083f00000| Untracked 
|  64|0x0000000084000000, 0x0000000084000000, 0x0000000084100000|  0%| F|  |TAMS 0x0000000084000000| PB 0x0000000084000000| Untracked 
|  65|0x0000000084100000, 0x0000000084100000, 0x0000000084200000|  0%| F|  |TAMS 0x0000000084100000| PB 0x0000000084100000| Untracked 
|  66|0x0000000084200000, 0x0000000084200000, 0x0000000084300000|  0%| F|  |TAMS 0x0000000084200000| PB 0x0000000084200000| Untracked 
|  67|0x0000000084300000, 0x0000000084300000, 0x0000000084400000|  0%| F|  |TAMS 0x0000000084300000| PB 0x0000000084300000| Untracked 
|  68|0x0000000084400000, 0x0000000084400000, 0x0000000084500000|  0%| F|  |TAMS 0x0000000084400000| PB 0x0000000084400000| Untracked 
|  69|0x0000000084500000, 0x0000000084500000, 0x0000000084600000|  0%| F|  |TAMS 0x0000000084500000| PB 0x0000000084500000| Untracked 
|  70|0x0000000084600000, 0x0000000084600000, 0x0000000084700000|  0%| F|  |TAMS 0x0000000084600000| PB 0x0000000084600000| Untracked 
|  71|0x0000000084700000, 0x0000000084700000, 0x0000000084800000|  0%| F|  |TAMS 0x0000000084700000| PB 0x0000000084700000| Untracked 
|  72|0x0000000084800000, 0x0000000084800000, 0x0000000084900000|  0%| F|  |TAMS 0x0000000084800000| PB 0x0000000084800000| Untracked 
|  73|0x0000000084900000, 0x0000000084900000, 0x0000000084a00000|  0%| F|  |TAMS 0x0000000084900000| PB 0x0000000084900000| Untracked 
|  74|0x0000000084a00000, 0x0000000084a00000, 0x0000000084b00000|  0%| F|  |TAMS 0x0000000084a00000| PB 0x0000000084a00000| Untracked 
|  75|0x0000000084b00000, 0x0000000084b00000, 0x0000000084c00000|  0%| F|  |TAMS 0x0000000084b00000| PB 0x0000000084b00000| Untracked 
|  76|0x0000000084c00000, 0x0000000084c00000, 0x0000000084d00000|  0%| F|  |TAMS 0x0000000084c00000| PB 0x0000000084c00000| Untracked 
|  77|0x0000000084d00000, 0x0000000084d00000, 0x0000000084e00000|  0%| F|  |TAMS 0x0000000084d00000| PB 0x0000000084d00000| Untracked 
|  78|0x0000000084e00000, 0x0000000084e00000, 0x0000000084f00000|  0%| F|  |TAMS 0x0000000084e00000| PB 0x0000000084e00000| Untracked 
|  79|0x0000000084f00000, 0x0000000084f00000, 0x0000000085000000|  0%| F|  |TAMS 0x0000000084f00000| PB 0x0000000084f00000| Untracked 
|  80|0x0000000085000000, 0x0000000085000000, 0x0000000085100000|  0%| F|  |TAMS 0x0000000085000000| PB 0x0000000085000000| Untracked 
|  81|0x0000000085100000, 0x0000000085100000, 0x0000000085200000|  0%| F|  |TAMS 0x0000000085100000| PB 0x0000000085100000| Untracked 
|  82|0x0000000085200000, 0x0000000085200000, 0x0000000085300000|  0%| F|  |TAMS 0x0000000085200000| PB 0x0000000085200000| Untracked 
|  83|0x0000000085300000, 0x0000000085300000, 0x0000000085400000|  0%| F|  |TAMS 0x0000000085300000| PB 0x0000000085300000| Untracked 
|  84|0x0000000085400000, 0x0000000085400000, 0x0000000085500000|  0%| F|  |TAMS 0x0000000085400000| PB 0x0000000085400000| Untracked 
|  85|0x0000000085500000, 0x0000000085500000, 0x0000000085600000|  0%| F|  |TAMS 0x0000000085500000| PB 0x0000000085500000| Untracked 
|  86|0x0000000085600000, 0x0000000085600000, 0x0000000085700000|  0%| F|  |TAMS 0x0000000085600000| PB 0x0000000085600000| Untracked 
|  87|0x0000000085700000, 0x0000000085700000, 0x0000000085800000|  0%| F|  |TAMS 0x0000000085700000| PB 0x0000000085700000| Untracked 
|  88|0x0000000085800000, 0x0000000085800000, 0x0000000085900000|  0%| F|  |TAMS 0x0000000085800000| PB 0x0000000085800000| Untracked 
|  89|0x0000000085900000, 0x0000000085900000, 0x0000000085a00000|  0%| F|  |TAMS 0x0000000085900000| PB 0x0000000085900000| Untracked 
|  90|0x0000000085a00000, 0x0000000085a00000, 0x0000000085b00000|  0%| F|  |TAMS 0x0000000085a00000| PB 0x0000000085a00000| Untracked 
|  91|0x0000000085b00000, 0x0000000085b00000, 0x0000000085c00000|  0%| F|  |TAMS 0x0000000085b00000| PB 0x0000000085b00000| Untracked 
|  92|0x0000000085c00000, 0x0000000085c00000, 0x0000000085d00000|  0%| F|  |TAMS 0x0000000085c00000| PB 0x0000000085c00000| Untracked 
|  93|0x0000000085d00000, 0x0000000085d00000, 0x0000000085e00000|  0%| F|  |TAMS 0x0000000085d00000| PB 0x0000000085d00000| Untracked 
|  94|0x0000000085e00000, 0x0000000085e00000, 0x0000000085f00000|  0%| F|  |TAMS 0x0000000085e00000| PB 0x0000000085e00000| Untracked 
|  95|0x0000000085f00000, 0x0000000085f00000, 0x0000000086000000|  0%| F|  |TAMS 0x0000000085f00000| PB 0x0000000085f00000| Untracked 
|  96|0x0000000086000000, 0x0000000086000000, 0x0000000086100000|  0%| F|  |TAMS 0x0000000086000000| PB 0x0000000086000000| Untracked 
|  97|0x0000000086100000, 0x0000000086100000, 0x0000000086200000|  0%| F|  |TAMS 0x0000000086100000| PB 0x0000000086100000| Untracked 
|  98|0x0000000086200000, 0x0000000086200000, 0x0000000086300000|  0%| F|  |TAMS 0x0000000086200000| PB 0x0000000086200000| Untracked 
|  99|0x0000000086300000, 0x0000000086300000, 0x0000000086400000|  0%| F|  |TAMS 0x0000000086300000| PB 0x0000000086300000| Untracked 
| 100|0x0000000086400000, 0x0000000086400000, 0x0000000086500000|  0%| F|  |TAMS 0x0000000086400000| PB 0x0000000086400000| Untracked 
| 101|0x0000000086500000, 0x0000000086500000, 0x0000000086600000|  0%| F|  |TAMS 0x0000000086500000| PB 0x0000000086500000| Untracked 
| 102|0x0000000086600000, 0x0000000086600000, 0x0000000086700000|  0%| F|  |TAMS 0x0000000086600000| PB 0x0000000086600000| Untracked 
| 103|0x0000000086700000, 0x0000000086700000, 0x0000000086800000|  0%| F|  |TAMS 0x0000000086700000| PB 0x0000000086700000| Untracked 
| 104|0x0000000086800000, 0x0000000086800000, 0x0000000086900000|  0%| F|  |TAMS 0x0000000086800000| PB 0x0000000086800000| Untracked 
| 105|0x0000000086900000, 0x0000000086900000, 0x0000000086a00000|  0%| F|  |TAMS 0x0000000086900000| PB 0x0000000086900000| Untracked 
| 106|0x0000000086a00000, 0x0000000086a00000, 0x0000000086b00000|  0%| F|  |TAMS 0x0000000086a00000| PB 0x0000000086a00000| Untracked 
| 107|0x0000000086b00000, 0x0000000086b00000, 0x0000000086c00000|  0%| F|  |TAMS 0x0000000086b00000| PB 0x0000000086b00000| Untracked 
| 108|0x0000000086c00000, 0x0000000086c00000, 0x0000000086d00000|  0%| F|  |TAMS 0x0000000086c00000| PB 0x0000000086c00000| Untracked 
| 109|0x0000000086d00000, 0x0000000086d00000, 0x0000000086e00000|  0%| F|  |TAMS 0x0000000086d00000| PB 0x0000000086d00000| Untracked 
| 110|0x0000000086e00000, 0x0000000086e00000, 0x0000000086f00000|  0%| F|  |TAMS 0x0000000086e00000| PB 0x0000000086e00000| Untracked 
| 111|0x0000000086f00000, 0x0000000086f00000, 0x0000000087000000|  0%| F|  |TAMS 0x0000000086f00000| PB 0x0000000086f00000| Untracked 
| 112|0x0000000087000000, 0x0000000087000000, 0x0000000087100000|  0%| F|  |TAMS 0x0000000087000000| PB 0x0000000087000000| Untracked 
| 113|0x0000000087100000, 0x0000000087100000, 0x0000000087200000|  0%| F|  |TAMS 0x0000000087100000| PB 0x0000000087100000| Untracked 
| 114|0x0000000087200000, 0x0000000087200000, 0x0000000087300000|  0%| F|  |TAMS 0x0000000087200000| PB 0x0000000087200000| Untracked 
| 115|0x0000000087300000, 0x0000000087300000, 0x0000000087400000|  0%| F|  |TAMS 0x0000000087300000| PB 0x0000000087300000| Untracked 
| 116|0x0000000087400000, 0x0000000087400000, 0x0000000087500000|  0%| F|  |TAMS 0x0000000087400000| PB 0x0000000087400000| Untracked 
| 117|0x0000000087500000, 0x0000000087500000, 0x0000000087600000|  0%| F|  |TAMS 0x0000000087500000| PB 0x0000000087500000| Untracked 
| 118|0x0000000087600000, 0x0000000087600000, 0x0000000087700000|  0%| F|  |TAMS 0x0000000087600000| PB 0x0000000087600000| Untracked 
| 119|0x0000000087700000, 0x0000000087700000, 0x0000000087800000|  0%| F|  |TAMS 0x0000000087700000| PB 0x0000000087700000| Untracked 
| 120|0x0000000087800000, 0x000000008789d7f0, 0x0000000087900000| 61%| S|CS|TAMS 0x0000000087800000| PB 0x0000000087800000| Complete 
| 121|0x0000000087900000, 0x0000000087900000, 0x0000000087a00000|  0%| F|  |TAMS 0x0000000087900000| PB 0x0000000087900000| Untracked 
| 122|0x0000000087a00000, 0x0000000087a00000, 0x0000000087b00000|  0%| F|  |TAMS 0x0000000087a00000| PB 0x0000000087a00000| Untracked 
| 123|0x0000000087b00000, 0x0000000087b00000, 0x0000000087c00000|  0%| F|  |TAMS 0x0000000087b00000| PB 0x0000000087b00000| Untracked 
| 124|0x0000000087c00000, 0x0000000087c00000, 0x0000000087d00000|  0%| F|  |TAMS 0x0000000087c00000| PB 0x0000000087c00000| Untracked 
| 125|0x0000000087d00000, 0x0000000087d00000, 0x0000000087e00000|  0%| F|  |TAMS 0x0000000087d00000| PB 0x0000000087d00000| Untracked 
| 251|0x000000008fb00000, 0x000000008fb00000, 0x000000008fc00000|  0%| F|  |TAMS 0x000000008fb00000| PB 0x000000008fb00000| Untracked 
|2038|0x00000000ff600000, 0x00000000ff700000, 0x00000000ff700000|100%| O|  |TAMS 0x00000000ff600000| PB 0x00000000ff600000| Untracked 
|2039|0x00000000ff700000, 0x00000000ff800000, 0x00000000ff800000|100%| O|  |TAMS 0x00000000ff700000| PB 0x00000000ff700000| Untracked 
|2040|0x00000000ff800000, 0x00000000ff900000, 0x00000000ff900000|100%| O|  |TAMS 0x00000000ff800000| PB 0x00000000ff800000| Untracked 
|2041|0x00000000ff900000, 0x00000000ffa00000, 0x00000000ffa00000|100%| O|  |TAMS 0x00000000ff900000| PB 0x00000000ff900000| Untracked 
|2042|0x00000000ffa00000, 0x00000000ffa00000, 0x00000000ffb00000|  0%| F|  |TAMS 0x00000000ffa00000| PB 0x00000000ffa00000| Untracked 
|2043|0x00000000ffb00000, 0x00000000ffc00000, 0x00000000ffc00000|100%| O|  |TAMS 0x00000000ffb00000| PB 0x00000000ffb00000| Untracked 
|2044|0x00000000ffc00000, 0x00000000ffd00000, 0x00000000ffd00000|100%| O|  |TAMS 0x00000000ffc00000| PB 0x00000000ffc00000| Untracked 
|2045|0x00000000ffd00000, 0x00000000ffe00000, 0x00000000ffe00000|100%| O|  |TAMS 0x00000000ffd00000| PB 0x00000000ffd00000| Untracked 
|2046|0x00000000ffe00000, 0x00000000fff00000, 0x00000000fff00000|100%| O|  |TAMS 0x00000000ffe00000| PB 0x00000000ffe00000| Untracked 
|2047|0x00000000fff00000, 0x0000000100000000, 0x0000000100000000|100%| O|  |TAMS 0x00000000fff00000| PB 0x00000000fff00000| Untracked 

Card table byte_map: [0x00000275404e0000,0x00000275408e0000] _byte_map_base: 0x00000275400e0000

Marking Bits: (CMBitMap*) 0x000002752da83dd0
 Bits: [0x00000275408e0000, 0x00000275428e0000)

Polling page: 0x000002752b7a0000

Metaspace:

Usage:
  Non-class:     53.88 MB used.
      Class:      8.87 MB used.
       Both:     62.75 MB used.

Virtual space:
  Non-class space:       64.00 MB reserved,      54.62 MB ( 85%) committed,  1 nodes.
      Class space:        1.00 GB reserved,       9.56 MB ( <1%) committed,  1 nodes.
             Both:        1.06 GB reserved,      64.19 MB (  6%) committed. 

Chunk freelists:
   Non-Class:  9.01 MB
       Class:  6.41 MB
        Both:  15.42 MB

MaxMetaspaceSize: unlimited
CompressedClassSpaceSize: 1.00 GB
Initial GC threshold: 21.00 MB
Current GC threshold: 107.00 MB
CDS: off
 - commit_granule_bytes: 65536.
 - commit_granule_words: 8192.
 - virtual_space_node_default_size: 8388608.
 - enlarge_chunks_in_place: 1.
 - use_allocation_guard: 0.


Internal statistics:

num_allocs_failed_limit: 6.
num_arena_births: 2772.
num_arena_deaths: 2.
num_vsnodes_births: 2.
num_vsnodes_deaths: 0.
num_space_committed: 1027.
num_space_uncommitted: 0.
num_chunks_returned_to_freelist: 10.
num_chunks_taken_from_freelist: 5320.
num_chunk_merges: 6.
num_chunk_splits: 3431.
num_chunks_enlarged: 2096.
num_inconsistent_stats: 0.

CodeHeap 'non-profiled nmethods': size=120000Kb used=3437Kb max_used=3570Kb free=116562Kb
 bounds [0x0000027538660000, 0x00000275389e0000, 0x000002753fb90000]
CodeHeap 'profiled nmethods': size=120000Kb used=10200Kb max_used=10727Kb free=109799Kb
 bounds [0x0000027530b90000, 0x0000027531610000, 0x00000275380c0000]
CodeHeap 'non-nmethods': size=5760Kb used=2583Kb max_used=2627Kb free=3176Kb
 bounds [0x00000275380c0000, 0x0000027538360000, 0x0000027538660000]
CodeCache: size=245760Kb, used=16220Kb, max_used=16924Kb, free=229537Kb
 total_blobs=6393, nmethods=5519, adapters=778, full_count=0
Compilation: enabled, stopped_count=0, restarted_count=0

Compilation events (20 events):
Event: 12.207 Thread 0x00000275456db990 6631       2       jdk.internal.util.WeakReferenceKey::<init> (15 bytes)
Event: 12.207 Thread 0x00000275456db990 nmethod 6631 0x0000027531609110 code [0x00000275316092c0, 0x00000275316094e0]
Event: 12.210 Thread 0x00000275456db990 6633   !   3       jdk.internal.ref.PhantomCleanable::isListEmpty (34 bytes)
Event: 12.210 Thread 0x00000275456db990 nmethod 6633 0x0000027531609610 code [0x00000275316097c0, 0x0000027531609a18]
Event: 12.210 Thread 0x00000275456db990 6634       3       jdk.internal.misc.InnocuousThread::eraseThreadLocals (23 bytes)
Event: 12.210 Thread 0x00000275456db990 nmethod 6634 0x0000027531609b10 code [0x0000027531609cc0, 0x0000027531609ea8]
Event: 12.217 Thread 0x00000275456d92d0 nmethod 6624 0x00000275386a6a10 code [0x00000275386a6ca0, 0x00000275386a8060]
Event: 12.217 Thread 0x00000275456d92d0 6629       4       jdk.internal.util.ReferencedKeyMap::internKey (57 bytes)
Event: 12.219 Thread 0x000002754a177eb0 nmethod 6527% 0x00000275388f3a10 code [0x00000275388f3d60, 0x00000275388f63e0]
Event: 12.219 Thread 0x000002754a177eb0 6627       4       java.util.Spliterators$ArraySpliterator::estimateSize (27 bytes)
Event: 12.219 Thread 0x000002754a177eb0 nmethod 6627 0x00000275386a6710 code [0x00000275386a68a0, 0x00000275386a6968]
Event: 12.219 Thread 0x000002754a177eb0 6632       4       java.util.stream.AbstractPipeline::<init> (91 bytes)
Event: 12.222 Thread 0x000002754a177eb0 nmethod 6632 0x00000275387de110 code [0x00000275387de2c0, 0x00000275387de728]
Event: 12.222 Thread 0x000002754a177eb0 6636       4       org.gradle.api.internal.initialization.transform.utils.ClassAnalysisUtils::getClassDependencies (66 bytes)
Event: 12.229 Thread 0x00000275456db990 6640       3       org.objectweb.asm.ClassReader::getFirstAttributeOffset (136 bytes)
Event: 12.229 Thread 0x00000275456d92d0 nmethod 6629 0x0000027538857b90 code [0x0000027538857e40, 0x0000027538858fb0]
Event: 12.229 Thread 0x00000275456d92d0 6638   !   4       java.util.regex.Pattern::matcher (44 bytes)
Event: 12.231 Thread 0x00000275456db990 nmethod 6640 0x0000027530d99b10 code [0x0000027530d99d60, 0x0000027530d9a3f0]
Event: 12.232 Thread 0x000002754a177eb0 nmethod 6636 0x0000027538863490 code [0x00000275388636a0, 0x0000027538863f18]
Event: 12.232 Thread 0x000002754a177eb0 6639       4       java.util.regex.Matcher::<init> (95 bytes)

GC Heap History (20 events):
Event: 5.988 GC heap after
{Heap after GC invocations=11 (full 0):
 garbage-first heap   total 97280K, used 56411K [0x0000000080000000, 0x0000000100000000)
  region size 1024K, 3 young (3072K), 3 survivors (3072K)
 Metaspace       used 45418K, committed 46272K, reserved 1114112K
  class space    used 6375K, committed 6784K, reserved 1048576K
}
Event: 6.450 GC heap before
{Heap before GC invocations=12 (full 0):
 garbage-first heap   total 97280K, used 85083K [0x0000000080000000, 0x0000000100000000)
  region size 1024K, 31 young (31744K), 3 survivors (3072K)
 Metaspace       used 49310K, committed 50240K, reserved 1114112K
  class space    used 6860K, committed 7296K, reserved 1048576K
}
Event: 6.453 GC heap after
{Heap after GC invocations=13 (full 0):
 garbage-first heap   total 97280K, used 58632K [0x0000000080000000, 0x0000000100000000)
  region size 1024K, 4 young (4096K), 4 survivors (4096K)
 Metaspace       used 49310K, committed 50240K, reserved 1114112K
  class space    used 6860K, committed 7296K, reserved 1048576K
}
Event: 6.928 GC heap before
{Heap before GC invocations=13 (full 0):
 garbage-first heap   total 97280K, used 86280K [0x0000000080000000, 0x0000000100000000)
  region size 1024K, 32 young (32768K), 4 survivors (4096K)
 Metaspace       used 54366K, committed 55360K, reserved 1114112K
  class space    used 7531K, committed 8000K, reserved 1048576K
}
Event: 6.933 GC heap after
{Heap after GC invocations=14 (full 0):
 garbage-first heap   total 97280K, used 61649K [0x0000000080000000, 0x0000000100000000)
  region size 1024K, 4 young (4096K), 4 survivors (4096K)
 Metaspace       used 54366K, committed 55360K, reserved 1114112K
  class space    used 7531K, committed 8000K, reserved 1048576K
}
Event: 6.953 GC heap before
{Heap before GC invocations=14 (full 0):
 garbage-first heap   total 97280K, used 63697K [0x0000000080000000, 0x0000000100000000)
  region size 1024K, 8 young (8192K), 4 survivors (4096K)
 Metaspace       used 54503K, committed 55488K, reserved 1114112K
  class space    used 7542K, committed 8000K, reserved 1048576K
}
Event: 6.955 GC heap after
{Heap after GC invocations=15 (full 0):
 garbage-first heap   total 97280K, used 62840K [0x0000000080000000, 0x0000000100000000)
  region size 1024K, 2 young (2048K), 2 survivors (2048K)
 Metaspace       used 54503K, committed 55488K, reserved 1114112K
  class space    used 7542K, committed 8000K, reserved 1048576K
}
Event: 7.171 GC heap before
{Heap before GC invocations=16 (full 0):
 garbage-first heap   total 116736K, used 91512K [0x0000000080000000, 0x0000000100000000)
  region size 1024K, 25 young (25600K), 2 survivors (2048K)
 Metaspace       used 55519K, committed 56640K, reserved 1114112K
  class space    used 7597K, committed 8128K, reserved 1048576K
}
Event: 7.173 GC heap after
{Heap after GC invocations=17 (full 0):
 garbage-first heap   total 140288K, used 62984K [0x0000000080000000, 0x0000000100000000)
  region size 1024K, 2 young (2048K), 2 survivors (2048K)
 Metaspace       used 55519K, committed 56640K, reserved 1114112K
  class space    used 7597K, committed 8128K, reserved 1048576K
}
Event: 10.950 GC heap before
{Heap before GC invocations=17 (full 0):
 garbage-first heap   total 140288K, used 121352K [0x0000000080000000, 0x0000000100000000)
  region size 1024K, 60 young (61440K), 2 survivors (2048K)
 Metaspace       used 62192K, committed 63680K, reserved 1114112K
  class space    used 8717K, committed 9408K, reserved 1048576K
}
Event: 10.953 GC heap after
{Heap after GC invocations=18 (full 0):
 garbage-first heap   total 140288K, used 65762K [0x0000000080000000, 0x0000000100000000)
  region size 1024K, 5 young (5120K), 5 survivors (5120K)
 Metaspace       used 62192K, committed 63680K, reserved 1114112K
  class space    used 8717K, committed 9408K, reserved 1048576K
}
Event: 11.184 GC heap before
{Heap before GC invocations=18 (full 0):
 garbage-first heap   total 140288K, used 99554K [0x0000000080000000, 0x0000000100000000)
  region size 1024K, 40 young (40960K), 5 survivors (5120K)
 Metaspace       used 64187K, committed 65728K, reserved 1114112K
  class space    used 9062K, committed 9792K, reserved 1048576K
}
Event: 12.189 GC heap after
{Heap after GC invocations=19 (full 0):
 garbage-first heap   total 140288K, used 67690K [0x0000000080000000, 0x0000000100000000)
  region size 1024K, 6 young (6144K), 6 survivors (6144K)
 Metaspace       used 64187K, committed 65728K, reserved 1114112K
  class space    used 9062K, committed 9792K, reserved 1048576K
}
Event: 12.190 GC heap before
{Heap before GC invocations=19 (full 0):
 garbage-first heap   total 140288K, used 68714K [0x0000000080000000, 0x0000000100000000)
  region size 1024K, 7 young (7168K), 6 survivors (6144K)
 Metaspace       used 64197K, committed 65728K, reserved 1114112K
  class space    used 9064K, committed 9792K, reserved 1048576K
}
Event: 12.194 GC heap after
{Heap after GC invocations=20 (full 0):
 garbage-first heap   total 140288K, used 68881K [0x0000000080000000, 0x0000000100000000)
  region size 1024K, 1 young (1024K), 1 survivors (1024K)
 Metaspace       used 64197K, committed 65728K, reserved 1114112K
  class space    used 9064K, committed 9792K, reserved 1048576K
}
Event: 12.208 GC heap before
{Heap before GC invocations=20 (full 0):
 garbage-first heap   total 140288K, used 72977K [0x0000000080000000, 0x0000000100000000)
  region size 1024K, 6 young (6144K), 1 survivors (1024K)
 Metaspace       used 64247K, committed 65728K, reserved 1114112K
  class space    used 9075K, committed 9792K, reserved 1048576K
}
Event: 12.209 GC heap after
{Heap after GC invocations=21 (full 0):
 garbage-first heap   total 140288K, used 68622K [0x0000000080000000, 0x0000000100000000)
  region size 1024K, 1 young (1024K), 1 survivors (1024K)
 Metaspace       used 64247K, committed 65728K, reserved 1114112K
  class space    used 9075K, committed 9792K, reserved 1048576K
}
Event: 12.230 GC heap before
{Heap before GC invocations=22 (full 0):
 garbage-first heap   total 140288K, used 73742K [0x0000000080000000, 0x0000000100000000)
  region size 1024K, 6 young (6144K), 1 survivors (1024K)
 Metaspace       used 64251K, committed 65728K, reserved 1114112K
  class space    used 9079K, committed 9792K, reserved 1048576K
}
Event: 12.231 GC heap after
{Heap after GC invocations=23 (full 0):
 garbage-first heap   total 140288K, used 68646K [0x0000000080000000, 0x0000000100000000)
  region size 1024K, 1 young (1024K), 1 survivors (1024K)
 Metaspace       used 64251K, committed 65728K, reserved 1114112K
  class space    used 9079K, committed 9792K, reserved 1048576K
}
Event: 12.239 GC heap before
{Heap before GC invocations=23 (full 0):
 garbage-first heap   total 140288K, used 73766K [0x0000000080000000, 0x0000000100000000)
  region size 1024K, 6 young (6144K), 1 survivors (1024K)
 Metaspace       used 64251K, committed 65728K, reserved 1114112K
  class space    used 9079K, committed 9792K, reserved 1048576K
}

Dll operation events (3 events):
Event: 0.110 Loaded shared library C:\Program Files\Android\Android Studio\jbr\bin\java.dll
Event: 0.115 Loaded shared library C:\Program Files\Android\Android Studio\jbr\bin\zip.dll
Event: 0.599 Loaded shared library C:\Program Files\Android\Android Studio\jbr\bin\verify.dll

Deoptimization events (20 events):
Event: 11.167 Thread 0x000002754bbd05f0 DEOPT PACKING pc=0x00000275315c5f60 sp=0x000000f2f36f1a50
Event: 11.167 Thread 0x000002754bbd05f0 DEOPT UNPACKING pc=0x0000027538114b42 sp=0x000000f2f36f0f60 mode 0
Event: 11.177 Thread 0x000002754c961040 Uncommon trap: trap_request=0xffffffde fr.pc=0x00000275388610dc relative=0x0000000000000a7c
Event: 11.177 Thread 0x000002754c961040 Uncommon trap: reason=class_check action=maybe_recompile pc=0x00000275388610dc method=java.util.Collections$SetFromMap.remove(Ljava/lang/Object;)Z @ 5 c2
Event: 11.177 Thread 0x000002754c961040 DEOPT PACKING pc=0x00000275388610dc sp=0x000000f2f50fb5e0
Event: 11.177 Thread 0x000002754c961040 DEOPT UNPACKING pc=0x00000275381143a2 sp=0x000000f2f50fb5d8 mode 2
Event: 12.220 Thread 0x000002754bbd05f0 DEOPT PACKING pc=0x00000275315cc482 sp=0x000000f2f36f1ad0
Event: 12.220 Thread 0x000002754bbd05f0 DEOPT UNPACKING pc=0x0000027538114b42 sp=0x000000f2f36f0f88 mode 0
Event: 12.221 Thread 0x000002754bbd05f0 DEOPT PACKING pc=0x00000275315cc482 sp=0x000000f2f36f1ad0
Event: 12.221 Thread 0x000002754bbd05f0 DEOPT UNPACKING pc=0x0000027538114b42 sp=0x000000f2f36f0f88 mode 0
Event: 12.223 Thread 0x000002754bbd05f0 DEOPT PACKING pc=0x00000275315cc482 sp=0x000000f2f36f1ad0
Event: 12.223 Thread 0x000002754bbd05f0 DEOPT UNPACKING pc=0x0000027538114b42 sp=0x000000f2f36f0f88 mode 0
Event: 12.225 Thread 0x000002754bbd05f0 DEOPT PACKING pc=0x00000275315cc482 sp=0x000000f2f36f1ad0
Event: 12.225 Thread 0x000002754bbd05f0 DEOPT UNPACKING pc=0x0000027538114b42 sp=0x000000f2f36f0f88 mode 0
Event: 12.227 Thread 0x000002754bbd05f0 DEOPT PACKING pc=0x00000275315cc482 sp=0x000000f2f36f1ad0
Event: 12.227 Thread 0x000002754bbd05f0 DEOPT UNPACKING pc=0x0000027538114b42 sp=0x000000f2f36f0f88 mode 0
Event: 12.228 Thread 0x000002754bbd05f0 DEOPT PACKING pc=0x00000275315cc482 sp=0x000000f2f36f1ad0
Event: 12.228 Thread 0x000002754bbd05f0 DEOPT UNPACKING pc=0x0000027538114b42 sp=0x000000f2f36f0f88 mode 0
Event: 12.232 Thread 0x000002754bbd05f0 DEOPT PACKING pc=0x00000275315cc482 sp=0x000000f2f36f1ad0
Event: 12.232 Thread 0x000002754bbd05f0 DEOPT UNPACKING pc=0x0000027538114b42 sp=0x000000f2f36f0f88 mode 0

Classes loaded (20 events):
Event: 11.063 Loading class java/util/stream/DistinctOps
Event: 11.063 Loading class java/util/stream/DistinctOps done
Event: 11.063 Loading class java/util/stream/DistinctOps$1
Event: 11.063 Loading class java/util/stream/ReferencePipeline$StatefulOp
Event: 11.063 Loading class java/util/stream/ReferencePipeline$StatefulOp done
Event: 11.063 Loading class java/util/stream/DistinctOps$1 done
Event: 11.063 Loading class java/util/stream/DistinctOps$1$2
Event: 11.063 Loading class java/util/stream/DistinctOps$1$2 done
Event: 11.072 Loading class sun/reflect/ReflectionFactory
Event: 11.072 Loading class sun/reflect/ReflectionFactory done
Event: 11.072 Loading class sun/reflect/ReflectionFactory$1
Event: 11.072 Loading class sun/reflect/ReflectionFactory$1 done
Event: 11.120 Loading class java/util/zip/ZipFile$ZipEntryIterator
Event: 11.120 Loading class java/util/zip/ZipFile$ZipEntryIterator done
Event: 11.126 Loading class java/util/zip/ZipInputStream
Event: 11.126 Loading class java/util/zip/ZipInputStream done
Event: 12.190 Loading class java/util/concurrent/LinkedBlockingDeque$Itr
Event: 12.190 Loading class java/util/concurrent/LinkedBlockingDeque$AbstractItr
Event: 12.190 Loading class java/util/concurrent/LinkedBlockingDeque$AbstractItr done
Event: 12.190 Loading class java/util/concurrent/LinkedBlockingDeque$Itr done

Classes unloaded (2 events):
Event: 12.211 Thread 0x0000027545639390 Unloading class 0x000000010074c000 '_BuildScript_$_run_closure1'
Event: 12.211 Thread 0x0000027545639390 Unloading class 0x0000000100744000 '_BuildScript_'

Classes redefined (0 events):
No events

Internal exceptions (20 events):
Event: 11.034 Thread 0x000002754bbd05f0 Exception <a 'sun/nio/fs/WindowsException'{0x00000000877fa618}> (0x00000000877fa618) 
thrown [s\src\hotspot\share\prims\jni.cpp, line 537]
Event: 11.039 Thread 0x000002754bbd05f0 Exception <a 'sun/nio/fs/WindowsException'{0x000000008766af70}> (0x000000008766af70) 
thrown [s\src\hotspot\share\prims\jni.cpp, line 537]
Event: 11.060 Thread 0x000002754bbd05f0 Exception <a 'java/lang/NoSuchMethodError'{0x00000000874d30f0}: 'int java.lang.invoke.DirectMethodHandle$Holder.invokeInterface(java.lang.Object, java.lang.Object, java.lang.Object, java.lang.Object, java.lang.Object)'> (0x00000000874d30f0) 
thrown [s\src\hotspot\share\interpreter\linkResolver.cpp, line 784]
Event: 11.075 Thread 0x000002754bbd05f0 Exception <a 'java/lang/NoSuchMethodError'{0x0000000087205900}: 'java.lang.Object java.lang.invoke.DirectMethodHandle$Holder.newInvokeSpecial(java.lang.Object, java.lang.Object, java.lang.Object, java.lang.Object, int, java.lang.Object)'> (0x0000000087205900) 
thrown [s\src\hotspot\share\interpreter\linkResolver.cpp, line 784]
Event: 11.075 Thread 0x000002754bbd05f0 Exception <a 'java/lang/NoSuchMethodError'{0x000000008720e170}: 'java.lang.Object java.lang.invoke.Invokers$Holder.linkToTargetMethod(java.lang.Object, java.lang.Object, java.lang.Object, int, java.lang.Object, java.lang.Object)'> (0x000000008720e170) 
thrown [s\src\hotspot\share\interpreter\linkResolver.cpp, line 784]
Event: 11.107 Thread 0x000002754bbd05f0 Exception <a 'sun/nio/fs/WindowsException'{0x0000000087045600}> (0x0000000087045600) 
thrown [s\src\hotspot\share\prims\jni.cpp, line 537]
Event: 11.108 Thread 0x000002754bbd05f0 Exception <a 'sun/nio/fs/WindowsException'{0x0000000087047d00}> (0x0000000087047d00) 
thrown [s\src\hotspot\share\prims\jni.cpp, line 537]
Event: 11.108 Thread 0x000002754bbd05f0 Exception <a 'sun/nio/fs/WindowsException'{0x000000008704a618}> (0x000000008704a618) 
thrown [s\src\hotspot\share\prims\jni.cpp, line 537]
Event: 11.108 Thread 0x000002754c961040 Exception <a 'sun/nio/fs/WindowsException'{0x000000008702ff28}> (0x000000008702ff28) 
thrown [s\src\hotspot\share\prims\jni.cpp, line 537]
Event: 11.108 Thread 0x000002754bbd05f0 Exception <a 'sun/nio/fs/WindowsException'{0x000000008704d060}> (0x000000008704d060) 
thrown [s\src\hotspot\share\prims\jni.cpp, line 537]
Event: 11.109 Thread 0x000002754c961040 Exception <a 'sun/nio/fs/WindowsException'{0x0000000087030e18}> (0x0000000087030e18) 
thrown [s\src\hotspot\share\prims\jni.cpp, line 537]
Event: 11.109 Thread 0x000002754c961040 Exception <a 'sun/nio/fs/WindowsException'{0x0000000087031f00}> (0x0000000087031f00) 
thrown [s\src\hotspot\share\prims\jni.cpp, line 537]
Event: 11.109 Thread 0x000002754c961040 Exception <a 'sun/nio/fs/WindowsException'{0x0000000087033118}> (0x0000000087033118) 
thrown [s\src\hotspot\share\prims\jni.cpp, line 537]
Event: 11.122 Thread 0x000002754bbd05f0 Implicit null exception at 0x0000027538778eeb to 0x0000027538779a54
Event: 11.122 Thread 0x000002754c961040 Implicit null exception at 0x0000027538778eeb to 0x0000027538779a54
Event: 11.155 Thread 0x000002754c961040 Exception <a 'sun/nio/fs/WindowsException'{0x00000000866448e0}> (0x00000000866448e0) 
thrown [s\src\hotspot\share\prims\jni.cpp, line 537]
Event: 11.155 Thread 0x000002754c961040 Exception <a 'sun/nio/fs/WindowsException'{0x0000000086645a58}> (0x0000000086645a58) 
thrown [s\src\hotspot\share\prims\jni.cpp, line 537]
Event: 12.197 Thread 0x000002754c961040 Exception <a 'sun/nio/fs/WindowsException'{0x000000008fb420e8}> (0x000000008fb420e8) 
thrown [s\src\hotspot\share\prims\jni.cpp, line 537]
Event: 12.199 Thread 0x000002754bbd2030 Exception <a 'sun/nio/fs/WindowsException'{0x0000000087cfa558}> (0x0000000087cfa558) 
thrown [s\src\hotspot\share\prims\jni.cpp, line 537]
Event: 12.204 Thread 0x000002754bbd2030 Exception <a 'sun/nio/fs/WindowsException'{0x0000000087ae8690}> (0x0000000087ae8690) 
thrown [s\src\hotspot\share\prims\jni.cpp, line 537]

ZGC Phase Switch (0 events):
No events

VM Operations (20 events):
Event: 10.953 Executing VM operation: G1CollectForAllocation (G1 Evacuation Pause) done
Event: 11.001 Executing VM operation: HandshakeAllThreads (Deoptimize)
Event: 11.001 Executing VM operation: HandshakeAllThreads (Deoptimize) done
Event: 11.184 Executing VM operation: G1TryInitiateConcMark (G1 Humongous Allocation)
Event: 12.189 Executing VM operation: G1TryInitiateConcMark (G1 Humongous Allocation) done
Event: 12.190 Executing VM operation: G1CollectForAllocation (G1 Evacuation Pause)
Event: 12.194 Executing VM operation: G1CollectForAllocation (G1 Evacuation Pause) done
Event: 12.207 Executing VM operation: G1CollectForAllocation (G1 Evacuation Pause)
Event: 12.210 Executing VM operation: G1CollectForAllocation (G1 Evacuation Pause) done
Event: 12.210 Executing VM operation: HandshakeAllThreads (Deoptimize)
Event: 12.210 Executing VM operation: HandshakeAllThreads (Deoptimize) done
Event: 12.210 Executing VM operation: G1PauseRemark
Event: 12.216 Executing VM operation: G1PauseRemark done
Event: 12.216 Executing VM operation: HandshakeAllThreads (Deoptimize)
Event: 12.217 Executing VM operation: HandshakeAllThreads (Deoptimize) done
Event: 12.224 Executing VM operation: G1PauseCleanup
Event: 12.224 Executing VM operation: G1PauseCleanup done
Event: 12.229 Executing VM operation: G1CollectForAllocation (G1 Evacuation Pause)
Event: 12.231 Executing VM operation: G1CollectForAllocation (G1 Evacuation Pause) done
Event: 12.239 Executing VM operation: G1CollectForAllocation (G1 Evacuation Pause)

Memory protections (0 events):
No events

Nmethod flushes (20 events):
Event: 12.215 Thread 0x0000027545639390 flushing  nmethod 0x0000027531006610
Event: 12.215 Thread 0x0000027545639390 flushing  nmethod 0x000002753103cf10
Event: 12.215 Thread 0x0000027545639390 flushing  nmethod 0x000002753109b090
Event: 12.215 Thread 0x0000027545639390 flushing  nmethod 0x000002753124a390
Event: 12.215 Thread 0x0000027545639390 flushing  nmethod 0x000002753131ef90
Event: 12.215 Thread 0x0000027545639390 flushing  nmethod 0x000002753138a990
Event: 12.215 Thread 0x0000027545639390 flushing  nmethod 0x0000027531400010
Event: 12.215 Thread 0x0000027545639390 flushing  nmethod 0x0000027530dbf910
Event: 12.215 Thread 0x0000027545639390 flushing  nmethod 0x0000027530dc7990
Event: 12.215 Thread 0x0000027545639390 flushing  nmethod 0x0000027530e3e190
Event: 12.215 Thread 0x0000027545639390 flushing  nmethod 0x0000027530f3a110
Event: 12.215 Thread 0x0000027545639390 flushing  nmethod 0x0000027530fa6990
Event: 12.215 Thread 0x0000027545639390 flushing  nmethod 0x0000027531376a10
Event: 12.215 Thread 0x0000027545639390 flushing  nmethod 0x0000027531377d90
Event: 12.215 Thread 0x0000027545639390 flushing  nmethod 0x0000027531379a10
Event: 12.215 Thread 0x0000027545639390 flushing  nmethod 0x000002753137ce90
Event: 12.215 Thread 0x0000027545639390 flushing  nmethod 0x00000275313e5c90
Event: 12.215 Thread 0x0000027545639390 flushing  nmethod 0x00000275313e6810
Event: 12.215 Thread 0x0000027545639390 flushing  nmethod 0x000002753141dd10
Event: 12.215 Thread 0x0000027545639390 flushing  nmethod 0x00000275311a3f90

Events (20 events):
Event: 4.815 Thread 0x000002754bbd05f0 Thread added: 0x000002754c35b4a0
Event: 4.815 Thread 0x000002754bbd05f0 Thread added: 0x000002754c35bb30
Event: 4.815 Thread 0x000002754bbd05f0 Thread added: 0x000002754c35c1c0
Event: 4.815 Thread 0x000002754bbd05f0 Thread added: 0x000002754c35c850
Event: 4.815 Thread 0x000002754bbd05f0 Thread added: 0x000002754c95e250
Event: 4.815 Thread 0x000002754bbd05f0 Thread added: 0x000002754c95e8e0
Event: 4.815 Thread 0x000002754bbd05f0 Thread added: 0x000002754c95b460
Event: 4.815 Thread 0x000002754bbd05f0 Thread added: 0x000002754c95dbc0
Event: 5.200 Thread 0x00000275456db990 Thread added: 0x000002754a177eb0
Event: 5.645 Thread 0x00000275456db990 Thread added: 0x000002754a179320
Event: 6.875 Thread 0x000002754bbd05f0 Thread added: 0x000002754c95f600
Event: 6.895 Thread 0x000002754bbd05f0 Thread added: 0x000002754c95c810
Event: 7.750 Thread 0x000002754a177eb0 Thread exited: 0x000002754a177eb0
Event: 7.750 Thread 0x000002754a179320 Thread exited: 0x000002754a179320
Event: 9.569 Thread 0x000002754bbd05f0 Thread added: 0x000002754c960320
Event: 10.645 Thread 0x000002754bbd05f0 Thread added: 0x000002754c9609b0
Event: 10.927 Thread 0x00000275456db990 Thread added: 0x000002754a17b530
Event: 11.092 Thread 0x000002754bbd05f0 Thread added: 0x000002754c961040
Event: 11.093 Thread 0x000002754bbd05f0 Thread added: 0x000002754c9623f0
Event: 11.149 Thread 0x00000275456db990 Thread added: 0x000002754a177eb0


Dynamic libraries:
0x00007ff774120000 - 0x00007ff77412a000 	C:\Program Files\Android\Android Studio\jbr\bin\java.exe
0x00007ffa0be40000 - 0x00007ffa0c0a8000 	C:\WINDOWS\SYSTEM32\ntdll.dll
0x00007ffa0b180000 - 0x00007ffa0b249000 	C:\WINDOWS\System32\KERNEL32.DLL
0x00007ffa09750000 - 0x00007ffa09b48000 	C:\WINDOWS\System32\KERNELBASE.dll
0x00007ffa09550000 - 0x00007ffa0969b000 	C:\WINDOWS\System32\ucrtbase.dll
0x00007ff9f8330000 - 0x00007ff9f834b000 	C:\Program Files\Android\Android Studio\jbr\bin\VCRUNTIME140.dll
0x00007ff9e0c30000 - 0x00007ff9e0c48000 	C:\Program Files\Android\Android Studio\jbr\bin\jli.dll
0x00007ffa0aae0000 - 0x00007ffa0aca7000 	C:\WINDOWS\System32\USER32.dll
0x00007ffa09170000 - 0x00007ffa09197000 	C:\WINDOWS\System32\win32u.dll
0x00007ffa0bcf0000 - 0x00007ffa0bd1b000 	C:\WINDOWS\System32\GDI32.dll
0x00007ffa08f90000 - 0x00007ffa090bc000 	C:\WINDOWS\System32\gdi32full.dll
0x00007ff9e8720000 - 0x00007ff9e89b4000 	C:\WINDOWS\WinSxS\amd64_microsoft.windows.common-controls_6595b64144ccf1df_6.0.26100.7019_none_3e06ffa0e335b8a8\COMCTL32.dll
0x00007ffa096a0000 - 0x00007ffa09743000 	C:\WINDOWS\System32\msvcp_win.dll
0x00007ffa0a510000 - 0x00007ffa0a5b9000 	C:\WINDOWS\System32\msvcrt.dll
0x00007ffa0acb0000 - 0x00007ffa0ace1000 	C:\WINDOWS\System32\IMM32.DLL
0x00007ffa05580000 - 0x00007ffa0558c000 	C:\Program Files\Android\Android Studio\jbr\bin\vcruntime140_1.dll
0x00007ff9d4510000 - 0x00007ff9d459d000 	C:\Program Files\Android\Android Studio\jbr\bin\msvcp140.dll
0x00007ff95c340000 - 0x00007ff95cfd6000 	C:\Program Files\Android\Android Studio\jbr\bin\server\jvm.dll
0x00007ffa0a370000 - 0x00007ffa0a424000 	C:\WINDOWS\System32\ADVAPI32.dll
0x00007ffa0bbc0000 - 0x00007ffa0bc66000 	C:\WINDOWS\System32\sechost.dll
0x00007ffa0a890000 - 0x00007ffa0a9a8000 	C:\WINDOWS\System32\RPCRT4.dll
0x00007ffa0bc70000 - 0x00007ffa0bce4000 	C:\WINDOWS\System32\WS2_32.dll
0x00007ff9fef40000 - 0x00007ff9fef4b000 	C:\WINDOWS\SYSTEM32\VERSION.dll
0x00007ffa08df0000 - 0x00007ffa08e4e000 	C:\WINDOWS\SYSTEM32\POWRPROF.dll
0x00007ffa05a10000 - 0x00007ffa05a45000 	C:\WINDOWS\SYSTEM32\WINMM.dll
0x00007ffa08dd0000 - 0x00007ffa08de4000 	C:\WINDOWS\SYSTEM32\UMPDC.dll
0x00007ffa07d10000 - 0x00007ffa07d2b000 	C:\WINDOWS\SYSTEM32\kernel.appcore.dll
0x00007ffa010c0000 - 0x00007ffa010ca000 	C:\Program Files\Android\Android Studio\jbr\bin\jimage.dll
0x00007ffa06740000 - 0x00007ffa06982000 	C:\WINDOWS\SYSTEM32\DBGHELP.DLL
0x00007ffa09e00000 - 0x00007ffa0a18b000 	C:\WINDOWS\System32\combase.dll
0x00007ffa0a430000 - 0x00007ffa0a507000 	C:\WINDOWS\System32\OLEAUT32.dll
0x00007ff9e0630000 - 0x00007ff9e066c000 	C:\WINDOWS\SYSTEM32\dbgcore.DLL
0x00007ffa090c0000 - 0x00007ffa09165000 	C:\WINDOWS\System32\bcryptPrimitives.dll
0x00007ff9e6580000 - 0x00007ff9e658e000 	C:\Program Files\Android\Android Studio\jbr\bin\instrument.dll
0x00007ff9f82e0000 - 0x00007ff9f8300000 	C:\Program Files\Android\Android Studio\jbr\bin\java.dll
0x00007ff9f82c0000 - 0x00007ff9f82d8000 	C:\Program Files\Android\Android Studio\jbr\bin\zip.dll
0x00007ffa0b250000 - 0x00007ffa0b99f000 	C:\WINDOWS\System32\SHELL32.dll
0x00007ffa091a0000 - 0x00007ffa0930b000 	C:\WINDOWS\System32\wintypes.dll
0x00007ffa06b70000 - 0x00007ffa073cd000 	C:\WINDOWS\SYSTEM32\windows.storage.dll
0x00007ffa0ba40000 - 0x00007ffa0bb32000 	C:\WINDOWS\System32\SHCORE.dll
0x00007ffa09d90000 - 0x00007ffa09df7000 	C:\WINDOWS\System32\shlwapi.dll
0x00007ffa08eb0000 - 0x00007ffa08ed9000 	C:\WINDOWS\SYSTEM32\profapi.dll
0x00007ffa01090000 - 0x00007ffa010a0000 	C:\Program Files\Android\Android Studio\jbr\bin\net.dll
0x00007ff9fe400000 - 0x00007ff9fe528000 	C:\WINDOWS\SYSTEM32\WINHTTP.dll
0x00007ffa08260000 - 0x00007ffa082cb000 	C:\WINDOWS\system32\mswsock.dll
0x00007ff9f7ce0000 - 0x00007ff9f7cf6000 	C:\Program Files\Android\Android Studio\jbr\bin\nio.dll
0x00007ff9f7a10000 - 0x00007ff9f7a20000 	C:\Program Files\Android\Android Studio\jbr\bin\verify.dll
0x00007ff9e2800000 - 0x00007ff9e2827000 	C:\Users\hp\.gradle\native\1def1411415f61bf3af743bc5b6707747c0891f09f0c88961ee8f79bc544acac\windows-amd64\native-platform.dll
0x00007ff9d3900000 - 0x00007ff9d3978000 	C:\Users\hp\.gradle\native\0.2.7\x86_64-windows-gnu\gradle-fileevents.dll
0x00007ff9f7cd0000 - 0x00007ff9f7cd9000 	C:\Program Files\Android\Android Studio\jbr\bin\management.dll
0x00007ff9f7a20000 - 0x00007ff9f7a2b000 	C:\Program Files\Android\Android Studio\jbr\bin\management_ext.dll
0x00007ffa09be0000 - 0x00007ffa09be8000 	C:\WINDOWS\System32\PSAPI.DLL
0x00007ffa07850000 - 0x00007ffa07884000 	C:\WINDOWS\SYSTEM32\IPHLPAPI.DLL
0x00007ffa0aad0000 - 0x00007ffa0aada000 	C:\WINDOWS\System32\NSI.dll
0x00007ffa00d50000 - 0x00007ffa00d59000 	C:\Program Files\Android\Android Studio\jbr\bin\extnet.dll
0x00007ffa08650000 - 0x00007ffa0866b000 	C:\WINDOWS\SYSTEM32\CRYPTSP.dll
0x00007ffa07c70000 - 0x00007ffa07caa000 	C:\WINDOWS\system32\rsaenh.dll
0x00007ffa08310000 - 0x00007ffa0833b000 	C:\WINDOWS\SYSTEM32\USERENV.dll
0x00007ffa08e80000 - 0x00007ffa08eaa000 	C:\WINDOWS\SYSTEM32\bcrypt.dll
0x00007ffa084b0000 - 0x00007ffa084bc000 	C:\WINDOWS\SYSTEM32\CRYPTBASE.dll
0x00007ff9e34a0000 - 0x00007ff9e34a8000 	C:\WINDOWS\system32\wshunix.dll
0x00007ffa07e30000 - 0x00007ffa07e66000 	C:\WINDOWS\SYSTEM32\ntmarta.dll

JVMTI agents:
C:\Users\hp\.gradle\wrapper\dists\gradle-8.13-bin\5xuhj0ry160q40clulazy9h7d\gradle-8.13\lib\agents\gradle-instrumentation-agent-8.13.jar path:C:\Program Files\Android\Android Studio\jbr\bin\instrument.dll, loaded, initialized, instrumentlib options:none

dbghelp: loaded successfully - version: 4.0.5 - missing functions: none
symbol engine: initialized successfully - sym options: 0x614 - pdb path: .;C:\Program Files\Android\Android Studio\jbr\bin;C:\WINDOWS\SYSTEM32;C:\WINDOWS\WinSxS\amd64_microsoft.windows.common-controls_6595b64144ccf1df_6.0.26100.7019_none_3e06ffa0e335b8a8;C:\Program Files\Android\Android Studio\jbr\bin\server;C:\Users\hp\.gradle\native\1def1411415f61bf3af743bc5b6707747c0891f09f0c88961ee8f79bc544acac\windows-amd64;C:\Users\hp\.gradle\native\0.2.7\x86_64-windows-gnu

VM Arguments:
jvm_args: --add-opens=java.base/java.lang=ALL-UNNAMED --add-opens=java.base/java.lang.invoke=ALL-UNNAMED --add-opens=java.base/java.util=ALL-UNNAMED --add-opens=java.prefs/java.util.prefs=ALL-UNNAMED --add-exports=jdk.compiler/com.sun.tools.javac.api=ALL-UNNAMED --add-exports=jdk.compiler/com.sun.tools.javac.util=ALL-UNNAMED --add-opens=java.base/java.util=ALL-UNNAMED --add-opens=java.prefs/java.util.prefs=ALL-UNNAMED --add-opens=java.base/java.nio.charset=ALL-UNNAMED --add-opens=java.base/java.net=ALL-UNNAMED --add-opens=java.base/java.util.concurrent.atomic=ALL-UNNAMED --add-opens=java.xml/javax.xml.namespace=ALL-UNNAMED -Xmx2048m -Dfile.encoding=UTF-8 -Duser.country=FR -Duser.language=fr -Duser.variant -javaagent:C:\Users\hp\.gradle\wrapper\dists\gradle-8.13-bin\5xuhj0ry160q40clulazy9h7d\gradle-8.13\lib\agents\gradle-instrumentation-agent-8.13.jar 
java_command: org.gradle.launcher.daemon.bootstrap.GradleDaemon 8.13
java_class_path (initial): C:\Users\hp\.gradle\wrapper\dists\gradle-8.13-bin\5xuhj0ry160q40clulazy9h7d\gradle-8.13\lib\gradle-daemon-main-8.13.jar
Launcher Type: SUN_STANDARD

[Global flags]
     intx CICompilerCount                          = 4                                         {product} {ergonomic}
     uint ConcGCThreads                            = 3                                         {product} {ergonomic}
     uint G1ConcRefinementThreads                  = 10                                        {product} {ergonomic}
   size_t G1HeapRegionSize                         = 1048576                                   {product} {ergonomic}
    uintx GCDrainStackTargetSize                   = 64                                        {product} {ergonomic}
   size_t InitialHeapSize                          = 264241152                                 {product} {ergonomic}
   size_t MarkStackSize                            = 4194304                                   {product} {ergonomic}
   size_t MaxHeapSize                              = 2147483648                                {product} {command line}
   size_t MaxNewSize                               = 1287651328                                {product} {ergonomic}
   size_t MinHeapDeltaBytes                        = 1048576                                   {product} {ergonomic}
   size_t MinHeapSize                              = 8388608                                   {product} {ergonomic}
    uintx NonNMethodCodeHeapSize                   = 5839372                                {pd product} {ergonomic}
    uintx NonProfiledCodeHeapSize                  = 122909434                              {pd product} {ergonomic}
    uintx ProfiledCodeHeapSize                     = 122909434                              {pd product} {ergonomic}
    uintx ReservedCodeCacheSize                    = 251658240                              {pd product} {ergonomic}
     bool SegmentedCodeCache                       = true                                      {product} {ergonomic}
   size_t SoftMaxHeapSize                          = 2147483648                             {manageable} {ergonomic}
     bool UseCompressedOops                        = true                           {product lp64_product} {ergonomic}
     bool UseG1GC                                  = true                                      {product} {ergonomic}
     bool UseLargePagesIndividualAllocation        = false                                  {pd product} {ergonomic}

Logging:
Log output configuration:
 #0: stdout all=warning uptime,level,tags foldmultilines=false
 #1: stderr all=off uptime,level,tags foldmultilines=false

Release file:
JAVA_VERSION="21.0.9" 
MODULES="java.base java.compiler java.datatransfer java.xml java.prefs java.desktop java.instrument java.logging java.management java.security.sasl java.naming java.rmi java.management.rmi java.net.http java.scripting java.security.jgss java.transaction.xa java.sql java.sql.rowset java.xml.crypto java.se java.smartcardio jdk.accessibility jdk.internal.jvmstat jdk.attach jdk.charsets jdk.internal.opt jdk.zipfs jdk.compiler jdk.crypto.ec jdk.crypto.cryptoki jdk.dynalink jdk.hotspot.agent jdk.httpserver jdk.internal.ed jdk.internal.le jdk.internal.vm.ci jdk.jartool jdk.javadoc jdk.jcmd jdk.jdeps jdk.jdwp.agent jdk.jdi jdk.jfr jdk.jlink jdk.jsobject jdk.localedata jdk.management jdk.management.agent jdk.management.jfr jdk.naming.dns jdk.naming.rmi jdk.net jdk.sctp jdk.security.auth jdk.security.jgss jdk.unsupported jdk.unsupported.desktop jdk.xml.dom" 
IMPLEMENTOR="JetBrains s.r.o." 
JAVA_RUNTIME_VERSION="21.0.9+-14649483-b1163.86" 
LIBC="default" 
OS_ARCH="x86_64" 
OS_NAME="Windows" 
SOURCE=".:git:554d0c326095" 

Environment Variables:
PATH=C:\Program Files (x86)\Microsoft\Edge\Application;C:\WINDOWS\system32;C:\WINDOWS;C:\WINDOWS\System32\Wbem;C:\WINDOWS\System32\WindowsPowerShell\v1.0\;C:\WINDOWS\System32\OpenSSH\;C:\Users\hp\AppData\Local\Microsoft\WindowsApps;
USERNAME=hp
OS=Windows_NT
PROCESSOR_IDENTIFIER=Intel64 Family 6 Model 154 Stepping 4, GenuineIntel
TMP=C:\Users\hp\AppData\Local\Temp
TEMP=C:\Users\hp\AppData\Local\Temp




Periodic native trim disabled

JNI global refs:
JNI global refs: 27, weak refs: 1

JNI global refs memory usage: 835, weak refs: 833

Process memory usage:
Resident Set Size: 335168K (2% of 16400872K total physical memory with 3188608K free physical memory)

OOME stack traces (most recent first):
Classloader memory used:
Loader org.gradle.internal.classloader.VisitableURLClassLoader                         : 32806K
Loader bootstrap                                                                       : 23031K
Loader org.gradle.initialization.MixInLegacyTypesClassLoader                           : 6643K
Loader org.gradle.internal.classloader.VisitableURLClassLoader                         : 753K
Loader jdk.internal.loader.ClassLoaders$PlatformClassLoader                            : 540K
Loader jdk.internal.loader.ClassLoaders$AppClassLoader                                 : 235K
Loader jdk.internal.reflect.DelegatingClassLoader                                      : 186K
Loader org.gradle.groovy.scripts.internal.DefaultScriptCompilationHandler$ScriptClassLoader: 36128B
Loader groovy.lang.GroovyClassLoader$InnerLoader                                       : 12216B
Loader org.codehaus.groovy.runtime.callsite.CallSiteClassLoader                        : 7232B

Classes loaded by more than one classloader:
Class org.gradle.internal.IoActions                                                   : loaded 3 times (x 71B)
Class org.gradle.api.Action                                                           : loaded 3 times (x 70B)
Class org.gradle.api.GradleException                                                  : loaded 3 times (x 82B)
Class org.gradle.api.internal.classpath.ManifestUtil                                  : loaded 2 times (x 71B)
Class org.gradle.internal.operations.MultipleBuildOperationFailures                   : loaded 2 times (x 95B)
Class org.gradle.internal.classloader.DefaultClassLoaderFactory                       : loaded 2 times (x 82B)
Class kotlin.collections.AbstractList$Companion                                       : loaded 2 times (x 71B)
Class org.gradle.internal.classloader.ClassLoaderVisitor                              : loaded 2 times (x 76B)
Class org.gradle.api.internal.classpath.EffectiveClassPath                            : loaded 2 times (x 90B)
Class org.gradle.api.internal.DefaultClassPathProvider                                : loaded 2 times (x 76B)
Class [Lorg.gradle.api.internal.ClassPathProvider;                                    : loaded 2 times (x 69B)
Class org.gradle.api.internal.ClassPathProvider                                       : loaded 2 times (x 70B)
Class org.gradle.internal.service.UnknownServiceException                             : loaded 2 times (x 83B)
Class org.gradle.internal.classpath.TransformedClassPath                              : loaded 2 times (x 96B)
Class org.gradle.internal.classloader.InstrumentingClassLoader                        : loaded 2 times (x 70B)
Class kotlin.enums.EnumEntriesList                                                    : loaded 2 times (x 223B)
Class org.gradle.internal.service.ServiceLocator                                      : loaded 2 times (x 70B)
Class org.gradle.internal.InternalTransformer                                         : loaded 2 times (x 70B)
Class org.gradle.internal.time.DefaultTimer                                           : loaded 2 times (x 80B)
Class org.gradle.internal.classloader.ClasspathUtil$1                                 : loaded 2 times (x 76B)
Class org.gradle.api.internal.classpath.DefaultModuleRegistry$DefaultModule           : loaded 2 times (x 86B)
Class org.gradle.internal.time.DefaultCountdownTimer                                  : loaded 2 times (x 88B)
Class org.gradle.api.internal.classpath.Module                                        : loaded 2 times (x 70B)
Class org.gradle.api.internal.classpath.UnknownModuleException                        : loaded 2 times (x 82B)
Class org.gradle.api.internal.DefaultClassPathRegistry                                : loaded 2 times (x 76B)
Class org.gradle.api.internal.ClassPathRegistry                                       : loaded 2 times (x 70B)
Class org.gradle.internal.classpath.DefaultClassPath$ImmutableUniqueList              : loaded 2 times (x 199B)
Class org.gradle.internal.classpath.ClassPath                                         : loaded 2 times (x 70B)
Class org.gradle.internal.classloader.ClassLoaderHierarchy                            : loaded 2 times (x 70B)
Class kotlin.UninitializedPropertyAccessException                                     : loaded 2 times (x 82B)
Class org.gradle.internal.installation.GradleInstallation$1                           : loaded 2 times (x 75B)
Class org.gradle.api.internal.classpath.ModuleRegistry                                : loaded 2 times (x 70B)
Class org.gradle.api.internal.classpath.DefaultModuleRegistry                         : loaded 2 times (x 86B)
Class org.gradle.internal.time.MonotonicClock                                         : loaded 2 times (x 77B)
Class org.gradle.internal.service.ServiceLookupException                              : loaded 2 times (x 82B)
Class org.gradle.internal.classloader.ClassLoaderFactory                              : loaded 2 times (x 70B)
Class org.gradle.internal.service.CachingServiceLocator                               : loaded 2 times (x 82B)
Class org.gradle.internal.time.TimeSource                                             : loaded 2 times (x 70B)
Class kotlin.enums.EnumEntries                                                        : loaded 2 times (x 70B)
Class org.gradle.internal.exceptions.ResolutionProvider                               : loaded 2 times (x 70B)
Class org.gradle.internal.classloader.ClasspathUtil                                   : loaded 2 times (x 71B)
Class org.gradle.internal.time.TimeSource$1                                           : loaded 2 times (x 77B)
Class org.gradle.api.specs.Spec                                                       : loaded 2 times (x 70B)
Class org.gradle.internal.time.Clock                                                  : loaded 2 times (x 70B)
Class kotlin.collections.AbstractList                                                 : loaded 2 times (x 197B)
Class kotlin.collections.AbstractCollection                                           : loaded 2 times (x 117B)
Class org.gradle.internal.classloader.VisitableURLClassLoader$InstrumentingVisitableURLClassLoader: loaded 2 times (x 123B)
Class org.gradle.internal.classloader.VisitableURLClassLoader$Spec                    : loaded 2 times (x 74B)
Class org.gradle.internal.classpath.DefaultClassPath                                  : loaded 2 times (x 90B)
Class org.gradle.util.internal.DefaultGradleVersion                                   : loaded 2 times (x 82B)
Class org.gradle.internal.classloader.ClassLoaderSpec                                 : loaded 2 times (x 71B)
Class org.gradle.internal.classloader.VisitableURLClassLoader                         : loaded 2 times (x 117B)
Class org.gradle.internal.classloader.FilteringClassLoader                            : loaded 2 times (x 105B)
Class org.gradle.internal.Cast                                                        : loaded 2 times (x 71B)
Class org.gradle.internal.classpath.DefaultClassPath$ImmutableUniqueList$Builder      : loaded 2 times (x 75B)
Class org.gradle.api.UncheckedIOException                                             : loaded 2 times (x 82B)
Class org.gradle.internal.exceptions.NonGradleCauseExceptionsHolder                   : loaded 2 times (x 70B)
Class kotlin.NotImplementedError                                                      : loaded 2 times (x 82B)
Class kotlin.enums.EnumEntriesKt                                                      : loaded 2 times (x 71B)
Class org.gradle.internal.classloader.SystemClassLoaderSpec                           : loaded 2 times (x 71B)
Class org.gradle.internal.exceptions.MultiCauseException                              : loaded 2 times (x 70B)
Class org.gradle.internal.time.CountdownTimer                                         : loaded 2 times (x 70B)
Class kotlin.jvm.internal.Intrinsics                                                  : loaded 2 times (x 71B)
Class org.gradle.tooling.model.ProjectModel                                           : loaded 2 times (x 70B)
Class kotlin.KotlinNullPointerException                                               : loaded 2 times (x 83B)
Class org.gradle.internal.exceptions.DefaultMultiCauseException                       : loaded 2 times (x 95B)
Class org.gradle.internal.time.Time                                                   : loaded 2 times (x 71B)
Class org.gradle.api.internal.classpath.GlobalCacheRootsProvider                      : loaded 2 times (x 70B)
Class kotlin.NoWhenBranchMatchedException                                             : loaded 2 times (x 82B)
Class org.gradle.internal.time.Timer                                                  : loaded 2 times (x 70B)
Class kotlin.jvm.internal.markers.KMappedMarker                                       : loaded 2 times (x 70B)
Class org.gradle.internal.installation.CurrentGradleInstallationLocator               : loaded 2 times (x 71B)
Class org.gradle.internal.service.DefaultServiceLocator                               : loaded 2 times (x 83B)
Class org.gradle.util.GradleVersion                                                   : loaded 2 times (x 81B)
Class org.gradle.internal.installation.CurrentGradleInstallation                      : loaded 2 times (x 73B)
Class org.gradle.util.internal.GUtil                                                  : loaded 2 times (x 71B)
Class org.gradle.internal.installation.GradleInstallation                             : loaded 2 times (x 75B)

---------------  S Y S T E M  ---------------

OS:
 Windows 11 , 64 bit Build 26100 (10.0.26100.7019)
OS uptime: 0 days 4:33 hours
Hyper-V role detected

CPU: total 12 (initial active 12) (6 cores per cpu, 2 threads per core) family 6 model 154 stepping 4 microcode 0x437, cx8, cmov, fxsr, ht, mmx, 3dnowpref, sse, sse2, sse3, ssse3, sse4.1, sse4.2, popcnt, lzcnt, tsc, tscinvbit, avx, avx2, aes, erms, clmul, bmi1, bmi2, adx, sha, fma, vzeroupper, clflush, clflushopt, clwb, hv, serialize, rdtscp, rdpid, fsrm, f16c, cet_ibt, cet_ss
Processor Information for the first 12 processors :
  Max Mhz: 1300, Current Mhz: 1300, Mhz Limit: 1300

Memory: 4k page, system-wide physical 16016M (3113M free)
TotalPageFile size 16016M (AvailPageFile size 3M)
current process WorkingSet (physical memory assigned to process): 327M, peak: 327M
current process commit charge ("private bytes"): 365M, peak: 491M

vm_info: OpenJDK 64-Bit Server VM (21.0.9+-14649483-b1163.86) for windows-amd64 JRE (21.0.9+-14649483-b1163.86), built on 2025-12-30T22:08:35Z by "builder" with MS VC++ 16.10 / 16.11 (VS2019)

END.
