#
# There is insufficient memory for the Java Runtime Environment to continue.
# Native memory allocation (mmap) failed to map 264241152 bytes. Error detail: G1 virtual space
# Possible reasons:
#   The system is out of physical RAM or swap space
#   This process is running with CompressedOops enabled, and the Java Heap may be blocking the growth of the native heap
# Possible solutions:
#   Reduce memory load on the system
#   Increase physical memory or swap space
#   Check if swap backing store is full
#   Decrease Java heap size (-Xmx/-Xms)
#   Decrease number of Java threads
#   Decrease Java thread stack sizes (-Xss)
#   Set larger code cache with -XX:ReservedCodeCacheSize=
#   JVM is running with Zero Based Compressed Oops mode in which the Java heap is
#     placed in the first 32GB address space. The Java Heap base address is the
#     maximum limit for the native heap growth. Please use -XX:HeapBaseMinAddress
#     to set the Java Heap base and to place the Java Heap above 32GB virtual address.
# This output file may be truncated or incomplete.
#
#  Out of Memory Error (os_windows.cpp:3554), pid=13816, tid=13612
#
# JRE version:  (25.0.2+10) (build )
# Java VM: Java HotSpot(TM) 64-Bit Server VM (25.0.2+10-LTS-69, mixed mode, sharing, tiered, compressed oops, compressed class ptrs, g1 gc, windows-amd64)
# No core dump will be written. Minidumps are not enabled by default on client versions of Windows
#

---------------  S U M M A R Y ------------

Command Line: 

Host: 12th Gen Intel(R) Core(TM) i5-1235U, 12 cores, 15G,  Windows 11 , 64 bit Build 26100 (10.0.26100.7019)
Time: Wed Feb 25 17:53:32 2026 Paris, Madrid elapsed time: 1.167054 seconds (0d 0h 0m 1s)

---------------  T H R E A D  ---------------

Current thread (0x0000023bedc6b8e0):  JavaThread "Unknown thread" [_thread_in_vm, id=13612, stack(0x000000fc2a100000,0x000000fc2a200000) (1024K)]

Stack: [0x000000fc2a100000,0x000000fc2a200000]
Native frames: (J=compiled Java code, j=interpreted, Vv=VM code, C=native code)
V  [jvm.dll+0x7a70f9]  (no source info available)
V  [jvm.dll+0x772d6d]  (no source info available)
V  [jvm.dll+0x965d53]  (no source info available)
V  [jvm.dll+0x968351]  (no source info available)
V  [jvm.dll+0x968a63]  (no source info available)
V  [jvm.dll+0x2fc846]  (no source info available)
V  [jvm.dll+0x7a3325]  (no source info available)
V  [jvm.dll+0x796737]  (no source info available)
V  [jvm.dll+0x3f4988]  (no source info available)
V  [jvm.dll+0x3fc8d6]  (no source info available)
V  [jvm.dll+0x3e8f7e]  (no source info available)
V  [jvm.dll+0x3e9238]  (no source info available)
V  [jvm.dll+0x3c0145]  (no source info available)
V  [jvm.dll+0x3c0dce]  (no source info available)
V  [jvm.dll+0x92cdf7]  (no source info available)
V  [jvm.dll+0x458f02]  (no source info available)
V  [jvm.dll+0x9107a2]  (no source info available)
V  [jvm.dll+0x4f9331]  (no source info available)
V  [jvm.dll+0x4fabc1]  (no source info available)
C  [jli.dll+0x543e]  (no source info available)
C  [ucrtbase.dll+0x37b0]  (no source info available)
C  [KERNEL32.DLL+0x2e8d7]  (no source info available)
C  [ntdll.dll+0x8c53c]  (no source info available)

Lock stack of current Java thread (top to bottom):


---------------  P R O C E S S  ---------------

Threads class SMR info:
_java_thread_list=0x00007ffce56c5388, length=0, elements={
}

Java Threads: ( => current thread )
Total: 0

Other Threads:
  0x0000023bf01b3a10 WorkerThread "GC Thread#0"                     [id=7252, stack(0x000000fc2a200000,0x000000fc2a300000) (1024K)]
  0x0000023bf01cca70 ConcurrentGCThread "G1 Main Marker"            [id=14196, stack(0x000000fc2a300000,0x000000fc2a400000) (1024K)]
  0x0000023bf01ce500 WorkerThread "G1 Conc#0"                       [id=9436, stack(0x000000fc2a400000,0x000000fc2a500000) (1024K)]

[error occurred during error reporting (printing all threads), id 0xc0000005, EXCEPTION_ACCESS_VIOLATION (0xc0000005) at pc=0x00007ffce4da4f1a]
VM state: not at safepoint (not fully initialized)

VM Mutex/Monitor currently owned by a thread:  ([mutex/lock_event])
[0x00007ffce5749768] Heap_lock - owner thread: 0x0000023bedc6b8e0

Heap address: 0x0000000705a00000, size: 4006 MB, Compressed Oops mode: Zero based, Oop shift amount: 3

CDS archive(s) mapped at: [0x0000000000000000-0x0000000000000000-0x0000000000000000), size 0, SharedBaseAddress: 0x0000000800000000, ArchiveRelocationMode: 1.
UseCompressedClassPointers 1, UseCompactObjectHeaders 0
Narrow klass pointer bits 32, Max shift 3
Narrow klass base: 0xffffffffffffffff, Narrow klass shift: -1
Encoding Range: [0xffffffffffffffff - 0x000000007fffffff), (2147483648 bytes)
Klass Range:    [0x0000000000000000 - 0x0000000000000000), (0 bytes)
Klass ID Range:  [4294967295 - 0) (1)
No protection zone.

GC Precious Log:
 CardTable entry size: 512
 Card Set container configuration: InlinePtr #cards 4 size 8 Array Of Cards #cards 16 size 48 Howl #buckets 8 coarsen threshold 3686 Howl Bitmap #cards 512 size 80 coarsen threshold 460 Card regions per heap region 1 cards per card region 4096

Heap:
 garbage-first heap   total reserved 4102144K, committed 0K, used 0K [0x0000000705a00000, 0x0000000800000000)
  region size 2048K, 0 young (0K), 0 survivors (0K)

Heap Regions: E=young(eden), S=young(survivor), O=old, HS=humongous(starts), HC=humongous(continues), CS=collection set, F=free, TAMS=top-at-mark-start, PB=parsable bottom

Card table byte_map: [0x0000023bf9720000,0x0000023bf9f00000] _byte_map_base: 0x0000023bf5ef3000

Marking Bits: (CMBitMap*) 0x0000023bf01b49b0
 Bits: [0x0000023bf9f00000, 0x0000023bfdd98000)

GC Heap Usage History (0 events):
No events

Metaspace Usage History (0 events):
No events

Dll operation events (1 events):
Event: 0.007 Loaded shared library C:\Program Files\Java\jdk-25.0.2\bin\java.dll

Deoptimization events (0 events):
No events

Classes loaded (0 events):
No events

Classes unloaded (0 events):
No events

Classes redefined (0 events):
No events

Internal exceptions (0 events):
No events

VM Operations (0 events):
No events

Memory protections (0 events):
No events

Nmethod flushes (0 events):
No events

Events (0 events):
No events


Dynamic libraries:
0x00007ff69b5b0000 - 0x00007ff69b5c0000 	C:\Program Files\Java\jdk-25.0.2\bin\java.exe
0x00007ffd73f80000 - 0x00007ffd741e8000 	C:\WINDOWS\SYSTEM32\ntdll.dll
0x00007ffd72da0000 - 0x00007ffd72e69000 	C:\WINDOWS\System32\KERNEL32.DLL
0x00007ffd711c0000 - 0x00007ffd715b8000 	C:\WINDOWS\System32\KERNELBASE.dll
0x00007ffd71920000 - 0x00007ffd71a6b000 	C:\WINDOWS\System32\ucrtbase.dll
0x00007ffd40750000 - 0x00007ffd4076e000 	C:\Program Files\Java\jdk-25.0.2\bin\VCRUNTIME140.dll
0x00007ffd40660000 - 0x00007ffd40677000 	C:\Program Files\Java\jdk-25.0.2\bin\jli.dll
0x00007ffd72e70000 - 0x00007ffd73037000 	C:\WINDOWS\System32\USER32.dll
0x00007ffd710d0000 - 0x00007ffd710f7000 	C:\WINDOWS\System32\win32u.dll
0x00007ffd73c20000 - 0x00007ffd73c4b000 	C:\WINDOWS\System32\GDI32.dll
0x00007ffd71a70000 - 0x00007ffd71b9c000 	C:\WINDOWS\System32\gdi32full.dll
0x00007ffd51270000 - 0x00007ffd51504000 	C:\WINDOWS\WinSxS\amd64_microsoft.windows.common-controls_6595b64144ccf1df_6.0.26100.7019_none_3e06ffa0e335b8a8\COMCTL32.dll
0x00007ffd717e0000 - 0x00007ffd71883000 	C:\WINDOWS\System32\msvcp_win.dll
0x00007ffd71ec0000 - 0x00007ffd71f69000 	C:\WINDOWS\System32\msvcrt.dll
0x00007ffd73070000 - 0x00007ffd730a1000 	C:\WINDOWS\System32\IMM32.DLL
0x00007ffd5faa0000 - 0x00007ffd5faac000 	C:\Program Files\Java\jdk-25.0.2\bin\vcruntime140_1.dll
0x00007ffd405d0000 - 0x00007ffd4065d000 	C:\Program Files\Java\jdk-25.0.2\bin\msvcp140.dll
0x00007ffce49d0000 - 0x00007ffce582f000 	C:\Program Files\Java\jdk-25.0.2\bin\server\jvm.dll
0x00007ffd73b60000 - 0x00007ffd73c14000 	C:\WINDOWS\System32\ADVAPI32.dll
0x00007ffd73140000 - 0x00007ffd731e6000 	C:\WINDOWS\System32\sechost.dll
0x00007ffd73380000 - 0x00007ffd73498000 	C:\WINDOWS\System32\RPCRT4.dll
0x00007ffd73300000 - 0x00007ffd73374000 	C:\WINDOWS\System32\WS2_32.dll
0x00007ffd68300000 - 0x00007ffd6830b000 	C:\WINDOWS\SYSTEM32\VERSION.dll
0x00007ffd70f30000 - 0x00007ffd70f8e000 	C:\WINDOWS\SYSTEM32\POWRPROF.dll
0x00007ffd6da80000 - 0x00007ffd6dab5000 	C:\WINDOWS\SYSTEM32\WINMM.dll
0x00007ffd70f10000 - 0x00007ffd70f24000 	C:\WINDOWS\SYSTEM32\UMPDC.dll
0x00007ffd6fe50000 - 0x00007ffd6fe6b000 	C:\WINDOWS\SYSTEM32\kernel.appcore.dll
0x00007ffd5de60000 - 0x00007ffd5de6a000 	C:\Program Files\Java\jdk-25.0.2\bin\jimage.dll
0x00007ffd6e880000 - 0x00007ffd6eac2000 	C:\WINDOWS\SYSTEM32\DBGHELP.DLL
0x00007ffd73650000 - 0x00007ffd739db000 	C:\WINDOWS\System32\combase.dll
0x00007ffd71de0000 - 0x00007ffd71eb7000 	C:\WINDOWS\System32\OLEAUT32.dll
0x00007ffd4cce0000 - 0x00007ffd4cd1c000 	C:\WINDOWS\SYSTEM32\dbgcore.DLL
0x00007ffd71730000 - 0x00007ffd717d5000 	C:\WINDOWS\System32\bcryptPrimitives.dll
0x00007ffd405b0000 - 0x00007ffd405cf000 	C:\Program Files\Java\jdk-25.0.2\bin\java.dll
0x00007ffd734b0000 - 0x00007ffd73647000 	C:\WINDOWS\System32\ole32.dll
0x00007ffd71fd0000 - 0x00007ffd7271f000 	C:\WINDOWS\System32\SHELL32.dll
0x00007ffd715c0000 - 0x00007ffd7172b000 	C:\WINDOWS\System32\wintypes.dll

JVMTI agents: none

dbghelp: loaded successfully - version: 4.0.5 - missing functions: none
symbol engine: initialized successfully - sym options: 0x614 - pdb path: .;C:\Program Files\Java\jdk-25.0.2\bin;C:\WINDOWS\SYSTEM32;C:\WINDOWS\WinSxS\amd64_microsoft.windows.common-controls_6595b64144ccf1df_6.0.26100.7019_none_3e06ffa0e335b8a8;C:\Program Files\Java\jdk-25.0.2\bin\server

VM Arguments:
java_command: <unknown>
java_class_path (initial): <not set>
Launcher Type: SUN_STANDARD

[Global flags]
     intx CICompilerCount                          = 4                                         {product} {ergonomic}
     uint ConcGCThreads                            = 3                                         {product} {ergonomic}
     uint G1ConcRefinementThreads                  = 10                                        {product} {ergonomic}
   size_t G1HeapRegionSize                         = 2097152                                   {product} {ergonomic}
   size_t InitialHeapSize                          = 264241152                                 {product} {ergonomic}
   size_t MarkStackSize                            = 4194304                                   {product} {ergonomic}
   size_t MarkStackSizeMax                         = 536870912                                 {product} {ergonomic}
   size_t MaxHeapSize                              = 4200595456                                {product} {ergonomic}
   size_t MinHeapDeltaBytes                        = 2097152                                   {product} {ergonomic}
   size_t MinHeapSize                              = 8388608                                   {product} {ergonomic}
    uintx NonNMethodCodeHeapSize                   = 5832704                                {pd product} {ergonomic}
    uintx NonProfiledCodeHeapSize                  = 122945536                              {pd product} {ergonomic}
    uintx ProfiledCodeHeapSize                     = 122880000                              {pd product} {ergonomic}
    uintx ReservedCodeCacheSize                    = 251658240                              {pd product} {ergonomic}
     bool SegmentedCodeCache                       = true                                      {product} {ergonomic}
   size_t SoftMaxHeapSize                          = 4200595456                             {manageable} {ergonomic}
     bool UseCompressedOops                        = true                           {product lp64_product} {ergonomic}
     bool UseG1GC                                  = true                                      {product} {ergonomic}
     bool UseLargePagesIndividualAllocation        = false                                  {pd product} {ergonomic}

Logging:
Log output configuration:
 #0: stdout all=warning uptime,level,tags foldmultilines=false
 #1: stderr all=off uptime,level,tags foldmultilines=false

Release file:
<release file has not been read>
Environment Variables:
PATH=C:\Program Files\Common Files\Oracle\Java\javapath;C:\WINDOWS\system32;C:\WINDOWS;C:\WINDOWS\System32\Wbem;C:\WINDOWS\System32\WindowsPowerShell\v1.0\;C:\WINDOWS\System32\OpenSSH\;C:\Program Files\Git\cmd;C:\Users\hp\AppData\Local\Microsoft\WindowsApps;
USERNAME=hp
TMP=C:\Users\hp\AppData\Local\Temp
TEMP=C:\Users\hp\AppData\Local\Temp




Compilation memory statistics disabled.

Periodic native trim disabled

---------------  S Y S T E M  ---------------

OS:
 Windows 11 , 64 bit Build 26100 (10.0.26100.7019)
OS uptime: 0 days 0:35 hours
Hyper-V role detected

CPU: total 12 (initial active 12) (6 cores per cpu, 2 threads per core) family 6 model 154 stepping 4 microcode 0x437, cx8, cmov, fxsr, ht, mmx, 3dnowpref, sse, sse2, sse3, ssse3, sse4.1, sse4.2, popcnt, lzcnt, tsc, tscinvbit, avx, avx2, aes, erms, clmul, bmi1, bmi2, adx, sha, fma, vzeroupper, clflush, clflushopt, clwb, hv, serialize, rdtscp, rdpid, fsrm, gfni, f16c, cet_ibt, cet_ss
Processor Information for the first 12 processors :
  Max Mhz: 1300, Current Mhz: 1300, Mhz Limit: 1300

Memory: 4k page, system-wide physical 16016M (3314M free)
TotalPageFile size 16016M (AvailPageFile size 120M)
current process WorkingSet (physical memory assigned to process): 13M, peak: 13M
current process commit charge ("private bytes"): 65M, peak: 316M

vm_info: Java HotSpot(TM) 64-Bit Server VM (25.0.2+10-LTS-69) for windows-amd64 JRE (25.0.2+10-LTS-69), built on 2025-12-18T11:36:35Z with MS VC++ 17.13 (VS2022)

END.
